r 0=00000000 r 1=00000000 r 2=000effff r 3=00003000 
r 4=00000000 r 5=000000ff r 6=00000000 r 7=00000000 
r 8=00000000 r 9=00000000 r10=00000000 r11=00000000 
r12=00000000 r13=00000000 r14=00000000 r15=00000000 
r16=00000000 r17=00000000 r18=00000000 r19=00000000 
r20=00000000 r21=00000000 r22=00000000 r23=00000000 
r24=00000000 r25=00000000 r26=00000000 r27=00000000 
r28=00000000 r29=00000000 r30=00000000 r31=00000000 

r 0=00000000 r 1=00000000 r 2=000effff r 3=00003000 
r 4=00000000 r 5=000000ff r 6=00000000 r 7=00000000 
r 8=00000000 r 9=00000000 r10=00000000 r11=00000000 
r12=00000000 r13=00000000 r14=00000000 r15=00000000 
r16=00000000 r17=00000000 r18=00000000 r19=00000000 
r20=00000000 r21=00000000 r22=00000000 r23=00000000 
r24=00000000 r25=00000000 r26=00000000 r27=00000000 
r28=00000000 r29=00000000 r30=00000000 r31=00000000 

r 0=00000000 r 1=00000000 r 2=000effff r 3=00003000 
r 4=00000000 r 5=000000ff r 6=00000000 r 7=000000f0 
r 8=00000000 r 9=00000000 r10=00000000 r11=00000000 
r12=00000000 r13=00000000 r14=00000000 r15=00000000 
r16=00000000 r17=00000000 r18=00000000 r19=00000000 
r20=00000000 r21=00000000 r22=00000000 r23=00000000 
r24=00000000 r25=00000000 r26=00000000 r27=00000000 
r28=00000000 r29=00000000 r30=00000000 r31=00000000 

r 0=00000000 r 1=00000000 r 2=000effff r 3=00003000 
r 4=00000000 r 5=000000ff r 6=00000000 r 7=000000f0 
r 8=00000000 r 9=00000000 r10=00000000 r11=00000000 
r12=00000000 r13=00000000 r14=00000000 r15=00000000 
r16=00000000 r17=00000000 r18=00000000 r19=00000000 
r20=00000000 r21=00000000 r22=00000000 r23=00000000 
r24=00000000 r25=00000000 r26=00000000 r27=00000000 
r28=0000000f r29=00000000 r30=00000000 r31=00000000 

r 0=00000000 r 1=00000000 r 2=000effff r 3=00003000 
r 4=00000000 r 5=000000ff r 6=00000000 r 7=000000f0 
r 8=00000000 r 9=00000000 r10=00000000 r11=00000000 
r12=00000000 r13=00000000 r14=00000000 r15=00000000 
r16=00000000 r17=00000000 r18=00000000 r19=00000000 
r20=00000000 r21=00000000 r22=00000000 r23=00000000 
r24=00000000 r25=00000000 r26=00000000 r27=00000000 
r28=0000000f r29=00000000 r30=00000000 r31=00000000 

r 0=00000000 r 1=00000000 r 2=000effff r 3=00003000 
r 4=00000000 r 5=000000ff r 6=00000000 r 7=000000f0 
r 8=00000000 r 9=00000000 r10=00000000 r11=00000000 
r12=00000000 r13=00000000 r14=00000000 r15=00000000 
r16=00000000 r17=00000000 r18=00000000 r19=00000000 
r20=00000000 r21=00000000 r22=00000000 r23=00000000 
r24=00000000 r25=00000000 r26=00000000 r27=00000000 
r28=0000000f r29=00000000 r30=00000000 r31=00000000 

r 0=00000000 r 1=00000000 r 2=000effff r 3=00003000 
r 4=00000000 r 5=000000ff r 6=00000000 r 7=000000f0 
r 8=00000000 r 9=00000000 r10=00000000 r11=00000000 
r12=00000000 r13=00000000 r14=00000000 r15=00000000 
r16=00000000 r17=00000000 r18=00000000 r19=00000000 
r20=00000000 r21=00000000 r22=00000000 r23=00000000 
r24=00000000 r25=00000000 r26=00000000 r27=00000000 
r28=0000000f r29=00000000 r30=00000000 r31=00000000 

r 0=00000000 r 1=00000000 r 2=000effff r 3=00003000 
r 4=00000000 r 5=000000ff r 6=00000000 r 7=000000f0 
r 8=00000000 r 9=00000000 r10=00000000 r11=00000000 
r12=00000000 r13=00000000 r14=00000000 r15=00000000 
r16=00000000 r17=00000000 r18=00000000 r19=00000000 
r20=00000000 r21=00000000 r22=00000000 r23=00000000 
r24=00000000 r25=00000000 r26=00000000 r27=00000000 
r28=0000000f r29=00000000 r30=00000000 r31=00000000 

r 0=00000000 r 1=00000000 r 2=000effff r 3=00003000 
r 4=00000000 r 5=000000ff r 6=00000000 r 7=000000f0 
r 8=00000000 r 9=00000000 r10=00000000 r11=00000001 
r12=00000000 r13=00000000 r14=00000000 r15=00000000 
r16=00000000 r17=00000000 r18=00000000 r19=00000000 
r20=00000000 r21=00000000 r22=00000000 r23=00000000 
r24=00000000 r25=00000000 r26=00000000 r27=00000000 
r28=0000000f r29=00000000 r30=00000000 r31=00000000 

r 0=00000000 r 1=00000000 r 2=000effff r 3=00003000 
r 4=00000000 r 5=000000ff r 6=00000000 r 7=000000f0 
r 8=00000000 r 9=00000000 r10=00000000 r11=00000001 
r12=00000000 r13=00000000 r14=00000000 r15=00000000 
r16=00000000 r17=00000000 r18=00000000 r19=00000000 
r20=00000000 r21=00000000 r22=00000000 r23=00000000 
r24=00000000 r25=00000000 r26=00000000 r27=00000000 
r28=0000000f r29=00000000 r30=ffffffff r31=00000000 

r 0=00000000 r 1=00000000 r 2=000effff r 3=00003000 
r 4=00000000 r 5=000000ff r 6=00000000 r 7=000000f0 
r 8=00000000 r 9=00000000 r10=00000000 r11=00000001 
r12=00000000 r13=00000000 r14=00000000 r15=00000000 
r16=00000000 r17=00000000 r18=00000000 r19=00000000 
r20=00000000 r21=00000000 r22=00000000 r23=00000000 
r24=00000000 r25=00000000 r26=00000000 r27=00000000 
r28=0000000f r29=ffffffff r30=ffffffff r31=00000000 

r 0=00000000 r 1=00000000 r 2=000effff r 3=00003000 
r 4=00000000 r 5=000000ff r 6=00000000 r 7=000000f0 
r 8=00000000 r 9=00000000 r10=00000000 r11=00000001 
r12=00000000 r13=00000000 r14=00000000 r15=00000000 
r16=00000000 r17=00000000 r18=00000000 r19=00000000 
r20=00000000 r21=00000000 r22=00000000 r23=00000000 
r24=00000000 r25=00000000 r26=00000000 r27=00000000 
r28=0000000f r29=ffffffff r30=ffffffff r31=00000000 

r 0=00000000 r 1=00000000 r 2=000effff r 3=00003000 
r 4=00000000 r 5=000000ff r 6=00000000 r 7=000000f0 
r 8=00000000 r 9=00000000 r10=00000000 r11=00000002 
r12=00000000 r13=00000000 r14=00000000 r15=00000000 
r16=00000000 r17=00000000 r18=00000000 r19=00000000 
r20=00000000 r21=00000000 r22=00000000 r23=00000000 
r24=00000000 r25=00000000 r26=00000000 r27=00000000 
r28=0000000f r29=ffffffff r30=ffffffff r31=00000000 

r 0=00000000 r 1=00000000 r 2=000effff r 3=00003000 
r 4=00000000 r 5=000000ff r 6=00000000 r 7=000000f0 
r 8=00000000 r 9=00000000 r10=00000000 r11=00000002 
r12=00000000 r13=00000000 r14=00000000 r15=00000000 
r16=00000000 r17=00000000 r18=00000000 r19=00000000 
r20=00000000 r21=00000000 r22=00000000 r23=00000000 
r24=00000000 r25=00000000 r26=00000000 r27=00000000 
r28=0000000f r29=ffffffff r30=00000000 r31=00000000 

r 0=00000000 r 1=00000000 r 2=000effff r 3=00003000 
r 4=00000000 r 5=000000ff r 6=00000000 r 7=000000f0 
r 8=00000000 r 9=00000000 r10=00000000 r11=00000002 
r12=00000000 r13=00000000 r14=00000000 r15=00000000 
r16=00000000 r17=00000000 r18=00000000 r19=00000000 
r20=00000000 r21=00000000 r22=00000000 r23=00000000 
r24=00000000 r25=00000000 r26=00000000 r27=00000000 
r28=0000000f r29=00000000 r30=00000000 r31=00000000 

r 0=00000000 r 1=00000000 r 2=000effff r 3=00003000 
r 4=00000000 r 5=000000ff r 6=00000000 r 7=000000f0 
r 8=00000000 r 9=00000000 r10=00000000 r11=00000002 
r12=00000000 r13=00000000 r14=00000000 r15=00000000 
r16=00000000 r17=00000000 r18=00000000 r19=00000000 
r20=00000000 r21=00000000 r22=00000000 r23=00000000 
r24=00000000 r25=00000000 r26=00000000 r27=00000000 
r28=0000000f r29=00000000 r30=00000000 r31=00000000 

r 0=00000000 r 1=00000000 r 2=000effff r 3=00003000 
r 4=00000000 r 5=000000ff r 6=00000000 r 7=000000f0 
r 8=00000000 r 9=00000000 r10=00000000 r11=00000003 
r12=00000000 r13=00000000 r14=00000000 r15=00000000 
r16=00000000 r17=00000000 r18=00000000 r19=00000000 
r20=00000000 r21=00000000 r22=00000000 r23=00000000 
r24=00000000 r25=00000000 r26=00000000 r27=00000000 
r28=0000000f r29=00000000 r30=00000000 r31=00000000 

r 0=00000000 r 1=00000000 r 2=000effff r 3=00003000 
r 4=00000000 r 5=000000ff r 6=00000000 r 7=000000f0 
r 8=00000000 r 9=00000000 r10=00000000 r11=00000003 
r12=00000000 r13=00000000 r14=00000000 r15=00000000 
r16=00000000 r17=00000000 r18=00000000 r19=00000000 
r20=00000000 r21=00000000 r22=00000000 r23=00000000 
r24=00000000 r25=00000000 r26=00000000 r27=00000000 
r28=0000000f r29=00000000 r30=fffffff0 r31=00000000 

r 0=00000000 r 1=00000000 r 2=000effff r 3=00003000 
r 4=00000000 r 5=000000ff r 6=00000000 r 7=000000f0 
r 8=00000000 r 9=00000000 r10=00000000 r11=00000003 
r12=00000000 r13=00000000 r14=00000000 r15=00000000 
r16=00000000 r17=00000000 r18=00000000 r19=00000000 
r20=00000000 r21=00000000 r22=00000000 r23=00000000 
r24=00000000 r25=00000000 r26=00000000 r27=00000000 
r28=0000000f r29=fffffff0 r30=fffffff0 r31=00000000 

r 0=00000000 r 1=00000000 r 2=000effff r 3=00003000 
r 4=00000000 r 5=000000ff r 6=00000000 r 7=000000f0 
r 8=00000000 r 9=00000000 r10=00000000 r11=00000003 
r12=00000000 r13=00000000 r14=00000000 r15=00000000 
r16=00000000 r17=00000000 r18=00000000 r19=00000000 
r20=00000000 r21=00000000 r22=00000000 r23=00000000 
r24=00000000 r25=00000000 r26=00000000 r27=00000000 
r28=0000000f r29=fffffff0 r30=fffffff0 r31=00000000 

r 0=00000000 r 1=00000000 r 2=000effff r 3=00003000 
r 4=00000000 r 5=000000ff r 6=00000000 r 7=000000f0 
r 8=00000000 r 9=00000000 r10=00000000 r11=00000004 
r12=00000000 r13=00000000 r14=00000000 r15=00000000 
r16=00000000 r17=00000000 r18=00000000 r19=00000000 
r20=00000000 r21=00000000 r22=00000000 r23=00000000 
r24=00000000 r25=00000000 r26=00000000 r27=00000000 
r28=0000000f r29=fffffff0 r30=fffffff0 r31=00000000 

r 0=00000000 r 1=00000000 r 2=000effff r 3=00003000 
r 4=00000000 r 5=000000ff r 6=00000000 r 7=000000f0 
r 8=00000000 r 9=00000000 r10=00000000 r11=00000004 
r12=00000000 r13=00000000 r14=00000000 r15=00000000 
r16=00000000 r17=00000000 r18=00000000 r19=00000000 
r20=00000000 r21=00000000 r22=00000000 r23=00000000 
r24=00000000 r25=00000000 r26=00000000 r27=00000000 
r28=0000000f r29=fffffff0 r30=0000000f r31=00000000 

r 0=00000000 r 1=00000000 r 2=000effff r 3=00003000 
r 4=00000000 r 5=000000ff r 6=00000000 r 7=000000f0 
r 8=00000000 r 9=00000000 r10=00000000 r11=00000004 
r12=00000000 r13=00000000 r14=00000000 r15=00000000 
r16=00000000 r17=00000000 r18=00000000 r19=00000000 
r20=00000000 r21=00000000 r22=00000000 r23=00000000 
r24=00000000 r25=00000000 r26=00000000 r27=00000000 
r28=0000000f r29=0000000f r30=0000000f r31=00000000 

r 0=00000000 r 1=00000000 r 2=000effff r 3=00003000 
r 4=00000000 r 5=000000ff r 6=00000000 r 7=000000f0 
r 8=00000000 r 9=00000000 r10=00000000 r11=00000004 
r12=00000000 r13=00000000 r14=00000000 r15=00000000 
r16=00000000 r17=00000000 r18=00000000 r19=00000000 
r20=00000000 r21=00000000 r22=00000000 r23=00000000 
r24=00000000 r25=00000000 r26=00000000 r27=00000000 
r28=0000000f r29=0000000f r30=0000000f r31=00000000 

r 0=00000000 r 1=00000000 r 2=000effff r 3=00003000 
r 4=00000000 r 5=000000ff r 6=00000000 r 7=000000f0 
r 8=00000000 r 9=00000000 r10=00000000 r11=00000005 
r12=00000000 r13=00000000 r14=00000000 r15=00000000 
r16=00000000 r17=00000000 r18=00000000 r19=00000000 
r20=00000000 r21=00000000 r22=00000000 r23=00000000 
r24=00000000 r25=00000000 r26=00000000 r27=00000000 
r28=0000000f r29=0000000f r30=0000000f r31=00000000 

r 0=00000000 r 1=00003000 r 2=000effff r 3=00003000 
r 4=00000000 r 5=000000ff r 6=00000000 r 7=000000f0 
r 8=00000000 r 9=00000000 r10=00000000 r11=00000005 
r12=00000000 r13=00000000 r14=00000000 r15=00000000 
r16=00000000 r17=00000000 r18=00000000 r19=00000000 
r20=00000000 r21=00000000 r22=00000000 r23=00000000 
r24=00000000 r25=00000000 r26=00000000 r27=00000000 
r28=0000000f r29=0000000f r30=0000000f r31=00000000 

r 0=00000000 r 1=00003003 r 2=000effff r 3=00003000 
r 4=00000000 r 5=000000ff r 6=00000000 r 7=000000f0 
r 8=00000000 r 9=00000000 r10=00000000 r11=00000005 
r12=00000000 r13=00000000 r14=00000000 r15=00000000 
r16=00000000 r17=00000000 r18=00000000 r19=00000000 
r20=00000000 r21=00000000 r22=00000000 r23=00000000 
r24=00000000 r25=00000000 r26=00000000 r27=00000000 
r28=0000000f r29=0000000f r30=0000000f r31=00000000 

r 0=00000000 r 1=00003003 r 2=000effff r 3=00003000 
r 4=00000000 r 5=000000ff r 6=00000000 r 7=000000f0 
r 8=00000000 r 9=00000000 r10=00000000 r11=00000005 
r12=00000000 r13=00000000 r14=00000000 r15=00000000 
r16=00000000 r17=00000000 r18=00000000 r19=00000000 
r20=00000000 r21=00000000 r22=00000000 r23=00000000 
r24=00000000 r25=00000000 r26=00000000 r27=00000000 
r28=0000000f r29=0000000f r30=ffffffff r31=00000000 

r 0=00000000 r 1=00003003 r 2=000effff r 3=00003000 
r 4=00000000 r 5=000000ff r 6=00000000 r 7=000000f0 
r 8=00000000 r 9=00000000 r10=00000000 r11=00000005 
r12=00000000 r13=00000000 r14=00000000 r15=00000000 
r16=00000000 r17=00000000 r18=00000000 r19=00000000 
r20=00000000 r21=00000000 r22=00000000 r23=00000000 
r24=00000000 r25=00000000 r26=00000000 r27=00000000 
r28=0000000f r29=ffffffff r30=ffffffff r31=00000000 

r 0=00000000 r 1=00003003 r 2=000effff r 3=00003000 
r 4=00000000 r 5=000000ff r 6=00000000 r 7=000000f0 
r 8=00000000 r 9=00000000 r10=00000000 r11=00000005 
r12=00000000 r13=00000000 r14=00000000 r15=00000000 
r16=00000000 r17=00000000 r18=00000000 r19=00000000 
r20=00000000 r21=00000000 r22=00000000 r23=00000000 
r24=00000000 r25=00000000 r26=00000000 r27=00000000 
r28=0000000f r29=ffffffff r30=ffffffff r31=00000000 

r 0=00000000 r 1=00003003 r 2=000effff r 3=00003000 
r 4=00000000 r 5=000000ff r 6=00000000 r 7=000000f0 
r 8=00000000 r 9=00000000 r10=00000000 r11=00000006 
r12=00000000 r13=00000000 r14=00000000 r15=00000000 
r16=00000000 r17=00000000 r18=00000000 r19=00000000 
r20=00000000 r21=00000000 r22=00000000 r23=00000000 
r24=00000000 r25=00000000 r26=00000000 r27=00000000 
r28=0000000f r29=ffffffff r30=ffffffff r31=00000000 

r 0=00000000 r 1=00003000 r 2=000effff r 3=00003000 
r 4=00000000 r 5=000000ff r 6=00000000 r 7=000000f0 
r 8=00000000 r 9=00000000 r10=00000000 r11=00000006 
r12=00000000 r13=00000000 r14=00000000 r15=00000000 
r16=00000000 r17=00000000 r18=00000000 r19=00000000 
r20=00000000 r21=00000000 r22=00000000 r23=00000000 
r24=00000000 r25=00000000 r26=00000000 r27=00000000 
r28=0000000f r29=ffffffff r30=ffffffff r31=00000000 

r 0=00000000 r 1=00003003 r 2=000effff r 3=00003000 
r 4=00000000 r 5=000000ff r 6=00000000 r 7=000000f0 
r 8=00000000 r 9=00000000 r10=00000000 r11=00000006 
r12=00000000 r13=00000000 r14=00000000 r15=00000000 
r16=00000000 r17=00000000 r18=00000000 r19=00000000 
r20=00000000 r21=00000000 r22=00000000 r23=00000000 
r24=00000000 r25=00000000 r26=00000000 r27=00000000 
r28=0000000f r29=ffffffff r30=ffffffff r31=00000000 

r 0=00000000 r 1=00003003 r 2=000effff r 3=00003000 
r 4=00000000 r 5=000000ff r 6=00000000 r 7=000000f0 
r 8=00000000 r 9=00000000 r10=00000000 r11=00000006 
r12=00000000 r13=00000000 r14=00000000 r15=00000000 
r16=00000000 r17=00000000 r18=00000000 r19=00000000 
r20=00000000 r21=00000000 r22=00000000 r23=00000000 
r24=00000000 r25=00000000 r26=00000000 r27=00000000 
r28=0000000f r29=ffffffff r30=00000000 r31=00000000 

r 0=00000000 r 1=00003003 r 2=000effff r 3=00003000 
r 4=00000000 r 5=000000ff r 6=00000000 r 7=000000f0 
r 8=00000000 r 9=00000000 r10=00000000 r11=00000006 
r12=00000000 r13=00000000 r14=00000000 r15=00000000 
r16=00000000 r17=00000000 r18=00000000 r19=00000000 
r20=00000000 r21=00000000 r22=00000000 r23=00000000 
r24=00000000 r25=00000000 r26=00000000 r27=00000000 
r28=0000000f r29=00000000 r30=00000000 r31=00000000 

r 0=00000000 r 1=00003003 r 2=000effff r 3=00003000 
r 4=00000000 r 5=000000ff r 6=00000000 r 7=000000f0 
r 8=00000000 r 9=00000000 r10=00000000 r11=00000006 
r12=00000000 r13=00000000 r14=00000000 r15=00000000 
r16=00000000 r17=00000000 r18=00000000 r19=00000000 
r20=00000000 r21=00000000 r22=00000000 r23=00000000 
r24=00000000 r25=00000000 r26=00000000 r27=00000000 
r28=0000000f r29=00000000 r30=00000000 r31=00000000 

r 0=00000000 r 1=00003003 r 2=000effff r 3=00003000 
r 4=00000000 r 5=000000ff r 6=00000000 r 7=000000f0 
r 8=00000000 r 9=00000000 r10=00000000 r11=00000007 
r12=00000000 r13=00000000 r14=00000000 r15=00000000 
r16=00000000 r17=00000000 r18=00000000 r19=00000000 
r20=00000000 r21=00000000 r22=00000000 r23=00000000 
r24=00000000 r25=00000000 r26=00000000 r27=00000000 
r28=0000000f r29=00000000 r30=00000000 r31=00000000 

r 0=00000000 r 1=00003000 r 2=000effff r 3=00003000 
r 4=00000000 r 5=000000ff r 6=00000000 r 7=000000f0 
r 8=00000000 r 9=00000000 r10=00000000 r11=00000007 
r12=00000000 r13=00000000 r14=00000000 r15=00000000 
r16=00000000 r17=00000000 r18=00000000 r19=00000000 
r20=00000000 r21=00000000 r22=00000000 r23=00000000 
r24=00000000 r25=00000000 r26=00000000 r27=00000000 
r28=0000000f r29=00000000 r30=00000000 r31=00000000 

r 0=00000000 r 1=00003003 r 2=000effff r 3=00003000 
r 4=00000000 r 5=000000ff r 6=00000000 r 7=000000f0 
r 8=00000000 r 9=00000000 r10=00000000 r11=00000007 
r12=00000000 r13=00000000 r14=00000000 r15=00000000 
r16=00000000 r17=00000000 r18=00000000 r19=00000000 
r20=00000000 r21=00000000 r22=00000000 r23=00000000 
r24=00000000 r25=00000000 r26=00000000 r27=00000000 
r28=0000000f r29=00000000 r30=00000000 r31=00000000 

r 0=00000000 r 1=00003003 r 2=000effff r 3=00003000 
r 4=00000000 r 5=000000ff r 6=00000000 r 7=000000f0 
r 8=00000000 r 9=00000000 r10=00000000 r11=00000007 
r12=00000000 r13=00000000 r14=00000000 r15=00000000 
r16=00000000 r17=00000000 r18=00000000 r19=00000000 
r20=00000000 r21=00000000 r22=00000000 r23=00000000 
r24=00000000 r25=00000000 r26=00000000 r27=00000000 
r28=0000000f r29=00000000 r30=fffffff0 r31=00000000 

r 0=00000000 r 1=00003003 r 2=000effff r 3=00003000 
r 4=00000000 r 5=000000ff r 6=00000000 r 7=000000f0 
r 8=00000000 r 9=00000000 r10=00000000 r11=00000007 
r12=00000000 r13=00000000 r14=00000000 r15=00000000 
r16=00000000 r17=00000000 r18=00000000 r19=00000000 
r20=00000000 r21=00000000 r22=00000000 r23=00000000 
r24=00000000 r25=00000000 r26=00000000 r27=00000000 
r28=0000000f r29=fffffff0 r30=fffffff0 r31=00000000 

r 0=00000000 r 1=00003003 r 2=000effff r 3=00003000 
r 4=00000000 r 5=000000ff r 6=00000000 r 7=000000f0 
r 8=00000000 r 9=00000000 r10=00000000 r11=00000007 
r12=00000000 r13=00000000 r14=00000000 r15=00000000 
r16=00000000 r17=00000000 r18=00000000 r19=00000000 
r20=00000000 r21=00000000 r22=00000000 r23=00000000 
r24=00000000 r25=00000000 r26=00000000 r27=00000000 
r28=0000000f r29=fffffff0 r30=fffffff0 r31=00000000 

r 0=00000000 r 1=00003003 r 2=000effff r 3=00003000 
r 4=00000000 r 5=000000ff r 6=00000000 r 7=000000f0 
r 8=00000000 r 9=00000000 r10=00000000 r11=00000008 
r12=00000000 r13=00000000 r14=00000000 r15=00000000 
r16=00000000 r17=00000000 r18=00000000 r19=00000000 
r20=00000000 r21=00000000 r22=00000000 r23=00000000 
r24=00000000 r25=00000000 r26=00000000 r27=00000000 
r28=0000000f r29=fffffff0 r30=fffffff0 r31=00000000 

r 0=00000000 r 1=00003000 r 2=000effff r 3=00003000 
r 4=00000000 r 5=000000ff r 6=00000000 r 7=000000f0 
r 8=00000000 r 9=00000000 r10=00000000 r11=00000008 
r12=00000000 r13=00000000 r14=00000000 r15=00000000 
r16=00000000 r17=00000000 r18=00000000 r19=00000000 
r20=00000000 r21=00000000 r22=00000000 r23=00000000 
r24=00000000 r25=00000000 r26=00000000 r27=00000000 
r28=0000000f r29=fffffff0 r30=fffffff0 r31=00000000 

r 0=00000000 r 1=00003003 r 2=000effff r 3=00003000 
r 4=00000000 r 5=000000ff r 6=00000000 r 7=000000f0 
r 8=00000000 r 9=00000000 r10=00000000 r11=00000008 
r12=00000000 r13=00000000 r14=00000000 r15=00000000 
r16=00000000 r17=00000000 r18=00000000 r19=00000000 
r20=00000000 r21=00000000 r22=00000000 r23=00000000 
r24=00000000 r25=00000000 r26=00000000 r27=00000000 
r28=0000000f r29=fffffff0 r30=fffffff0 r31=00000000 

r 0=00000000 r 1=00003003 r 2=000effff r 3=00003000 
r 4=00000000 r 5=000000ff r 6=00000000 r 7=000000f0 
r 8=00000000 r 9=00000000 r10=00000000 r11=00000008 
r12=00000000 r13=00000000 r14=00000000 r15=00000000 
r16=00000000 r17=00000000 r18=00000000 r19=00000000 
r20=00000000 r21=00000000 r22=00000000 r23=00000000 
r24=00000000 r25=00000000 r26=00000000 r27=00000000 
r28=0000000f r29=fffffff0 r30=0000000f r31=00000000 

r 0=00000000 r 1=00003003 r 2=000effff r 3=00003000 
r 4=00000000 r 5=000000ff r 6=00000000 r 7=000000f0 
r 8=00000000 r 9=00000000 r10=00000000 r11=00000008 
r12=00000000 r13=00000000 r14=00000000 r15=00000000 
r16=00000000 r17=00000000 r18=00000000 r19=00000000 
r20=00000000 r21=00000000 r22=00000000 r23=00000000 
r24=00000000 r25=00000000 r26=00000000 r27=00000000 
r28=0000000f r29=0000000f r30=0000000f r31=00000000 

r 0=00000000 r 1=00003003 r 2=000effff r 3=00003000 
r 4=00000000 r 5=000000ff r 6=00000000 r 7=000000f0 
r 8=00000000 r 9=00000000 r10=00000000 r11=00000008 
r12=00000000 r13=00000000 r14=00000000 r15=00000000 
r16=00000000 r17=00000000 r18=00000000 r19=00000000 
r20=00000000 r21=00000000 r22=00000000 r23=00000000 
r24=00000000 r25=00000000 r26=00000000 r27=00000000 
r28=0000000f r29=0000000f r30=0000000f r31=00000000 

r 0=00000000 r 1=00003003 r 2=000effff r 3=00003000 
r 4=00000000 r 5=000000ff r 6=00000000 r 7=000000f0 
r 8=00000000 r 9=00000000 r10=00000000 r11=00000009 
r12=00000000 r13=00000000 r14=00000000 r15=00000000 
r16=00000000 r17=00000000 r18=00000000 r19=00000000 
r20=00000000 r21=00000000 r22=00000000 r23=00000000 
r24=00000000 r25=00000000 r26=00000000 r27=00000000 
r28=0000000f r29=0000000f r30=0000000f r31=00000000 

r 0=00000000 r 1=00003000 r 2=000effff r 3=00003000 
r 4=00000000 r 5=000000ff r 6=00000000 r 7=000000f0 
r 8=00000000 r 9=00000000 r10=00000000 r11=00000009 
r12=00000000 r13=00000000 r14=00000000 r15=00000000 
r16=00000000 r17=00000000 r18=00000000 r19=00000000 
r20=00000000 r21=00000000 r22=00000000 r23=00000000 
r24=00000000 r25=00000000 r26=00000000 r27=00000000 
r28=0000000f r29=0000000f r30=0000000f r31=00000000 

r 0=00000000 r 1=00002fe0 r 2=000effff r 3=00003000 
r 4=00000000 r 5=000000ff r 6=00000000 r 7=000000f0 
r 8=00000000 r 9=00000000 r10=00000000 r11=00000009 
r12=00000000 r13=00000000 r14=00000000 r15=00000000 
r16=00000000 r17=00000000 r18=00000000 r19=00000000 
r20=00000000 r21=00000000 r22=00000000 r23=00000000 
r24=00000000 r25=00000000 r26=00000000 r27=00000000 
r28=0000000f r29=0000000f r30=0000000f r31=00000000 

r 0=00000000 r 1=00002fe0 r 2=000effff r 3=00003000 
r 4=00000000 r 5=ffffffff r 6=00000000 r 7=000000f0 
r 8=00000000 r 9=00000000 r10=00000000 r11=00000009 
r12=00000000 r13=00000000 r14=00000000 r15=00000000 
r16=00000000 r17=00000000 r18=00000000 r19=00000000 
r20=00000000 r21=00000000 r22=00000000 r23=00000000 
r24=00000000 r25=00000000 r26=00000000 r27=00000000 
r28=0000000f r29=0000000f r30=0000000f r31=00000000 

r 0=00000000 r 1=00002fe0 r 2=000effff r 3=00003000 
r 4=00000000 r 5=ffffffff r 6=00000000 r 7=000000f0 
r 8=00000000 r 9=00000000 r10=00000000 r11=00000009 
r12=00000000 r13=00000000 r14=00000000 r15=00000000 
r16=00000000 r17=00000000 r18=00000000 r19=00000000 
r20=00000000 r21=00000000 r22=00000000 r23=00000000 
r24=00000000 r25=00000000 r26=00000000 r27=00000000 
r28=0000000f r29=ffffffff r30=0000000f r31=00000000 

r 0=00000000 r 1=00002fe0 r 2=000effff r 3=00003000 
r 4=00000000 r 5=ffffffff r 6=00000000 r 7=000000f0 
r 8=00000000 r 9=00000000 r10=00000000 r11=00000009 
r12=00000000 r13=00000000 r14=00000000 r15=00000000 
r16=00000000 r17=00000000 r18=00000000 r19=00000000 
r20=00000000 r21=00000000 r22=00000000 r23=00000000 
r24=00000000 r25=00000000 r26=00000000 r27=00000000 
r28=0000000f r29=ffffffff r30=0000000f r31=00000000 

r 0=00000000 r 1=00002fe0 r 2=000effff r 3=00003000 
r 4=00000000 r 5=ffffffff r 6=00000000 r 7=000000f0 
r 8=00000000 r 9=00000000 r10=00000000 r11=0000000a 
r12=00000000 r13=00000000 r14=00000000 r15=00000000 
r16=00000000 r17=00000000 r18=00000000 r19=00000000 
r20=00000000 r21=00000000 r22=00000000 r23=00000000 
r24=00000000 r25=00000000 r26=00000000 r27=00000000 
r28=0000000f r29=ffffffff r30=0000000f r31=00000000 

r 0=00000000 r 1=00003000 r 2=000effff r 3=00003000 
r 4=00000000 r 5=ffffffff r 6=00000000 r 7=000000f0 
r 8=00000000 r 9=00000000 r10=00000000 r11=0000000a 
r12=00000000 r13=00000000 r14=00000000 r15=00000000 
r16=00000000 r17=00000000 r18=00000000 r19=00000000 
r20=00000000 r21=00000000 r22=00000000 r23=00000000 
r24=00000000 r25=00000000 r26=00000000 r27=00000000 
r28=0000000f r29=ffffffff r30=0000000f r31=00000000 

r 0=00000000 r 1=00002ffa r 2=000effff r 3=00003000 
r 4=00000000 r 5=ffffffff r 6=00000000 r 7=000000f0 
r 8=00000000 r 9=00000000 r10=00000000 r11=0000000a 
r12=00000000 r13=00000000 r14=00000000 r15=00000000 
r16=00000000 r17=00000000 r18=00000000 r19=00000000 
r20=00000000 r21=00000000 r22=00000000 r23=00000000 
r24=00000000 r25=00000000 r26=00000000 r27=00000000 
r28=0000000f r29=ffffffff r30=0000000f r31=00000000 

r 0=00000000 r 1=00002ffa r 2=000effff r 3=00003000 
r 4=00000000 r 5=00000000 r 6=00000000 r 7=000000f0 
r 8=00000000 r 9=00000000 r10=00000000 r11=0000000a 
r12=00000000 r13=00000000 r14=00000000 r15=00000000 
r16=00000000 r17=00000000 r18=00000000 r19=00000000 
r20=00000000 r21=00000000 r22=00000000 r23=00000000 
r24=00000000 r25=00000000 r26=00000000 r27=00000000 
r28=0000000f r29=ffffffff r30=0000000f r31=00000000 

r 0=00000000 r 1=00002ffa r 2=000effff r 3=00003000 
r 4=00000000 r 5=00000000 r 6=00000000 r 7=000000f0 
r 8=00000000 r 9=00000000 r10=00000000 r11=0000000a 
r12=00000000 r13=00000000 r14=00000000 r15=00000000 
r16=00000000 r17=00000000 r18=00000000 r19=00000000 
r20=00000000 r21=00000000 r22=00000000 r23=00000000 
r24=00000000 r25=00000000 r26=00000000 r27=00000000 
r28=0000000f r29=00000000 r30=0000000f r31=00000000 

r 0=00000000 r 1=00002ffa r 2=000effff r 3=00003000 
r 4=00000000 r 5=00000000 r 6=00000000 r 7=000000f0 
r 8=00000000 r 9=00000000 r10=00000000 r11=0000000a 
r12=00000000 r13=00000000 r14=00000000 r15=00000000 
r16=00000000 r17=00000000 r18=00000000 r19=00000000 
r20=00000000 r21=00000000 r22=00000000 r23=00000000 
r24=00000000 r25=00000000 r26=00000000 r27=00000000 
r28=0000000f r29=00000000 r30=0000000f r31=00000000 

r 0=00000000 r 1=00002ffa r 2=000effff r 3=00003000 
r 4=00000000 r 5=00000000 r 6=00000000 r 7=000000f0 
r 8=00000000 r 9=00000000 r10=00000000 r11=0000000b 
r12=00000000 r13=00000000 r14=00000000 r15=00000000 
r16=00000000 r17=00000000 r18=00000000 r19=00000000 
r20=00000000 r21=00000000 r22=00000000 r23=00000000 
r24=00000000 r25=00000000 r26=00000000 r27=00000000 
r28=0000000f r29=00000000 r30=0000000f r31=00000000 

r 0=00000000 r 1=00002ffa r 2=000effff r 3=00003000 
r 4=00000000 r 5=00000000 r 6=00000000 r 7=000000f0 
r 8=00000000 r 9=00000000 r10=00000000 r11=0000000b 
r12=00000000 r13=00000000 r14=00000000 r15=00000000 
r16=00000000 r17=00000000 r18=00000000 r19=00000000 
r20=00000000 r21=00000000 r22=00000000 r23=00000000 
r24=00000000 r25=00000000 r26=00000000 r27=00000000 
r28=0000000f r29=00000000 r30=0000000f r31=00000000 

r 0=00000000 r 1=00003000 r 2=000effff r 3=00003000 
r 4=00000000 r 5=00000000 r 6=00000000 r 7=000000f0 
r 8=00000000 r 9=00000000 r10=00000000 r11=0000000b 
r12=00000000 r13=00000000 r14=00000000 r15=00000000 
r16=00000000 r17=00000000 r18=00000000 r19=00000000 
r20=00000000 r21=00000000 r22=00000000 r23=00000000 
r24=00000000 r25=00000000 r26=00000000 r27=00000000 
r28=0000000f r29=00000000 r30=0000000f r31=00000000 

r 0=00000000 r 1=00003001 r 2=000effff r 3=00003000 
r 4=00000000 r 5=00000000 r 6=00000000 r 7=000000f0 
r 8=00000000 r 9=00000000 r10=00000000 r11=0000000b 
r12=00000000 r13=00000000 r14=00000000 r15=00000000 
r16=00000000 r17=00000000 r18=00000000 r19=00000000 
r20=00000000 r21=00000000 r22=00000000 r23=00000000 
r24=00000000 r25=00000000 r26=00000000 r27=00000000 
r28=0000000f r29=00000000 r30=0000000f r31=00000000 

r 0=00000000 r 1=00003001 r 2=000effff r 3=00003000 
r 4=00000000 r 5=00000000 r 6=00000000 r 7=000000f0 
r 8=00000000 r 9=00000000 r10=00000000 r11=0000000b 
r12=00000000 r13=00000000 r14=00000000 r15=00000000 
r16=00000000 r17=00000000 r18=00000000 r19=00000000 
r20=00000000 r21=00000000 r22=00000000 r23=00000000 
r24=00000000 r25=00000000 r26=00000000 r27=00000000 
r28=0000000f r29=00000000 r30=fffffff0 r31=00000000 

r 0=00000000 r 1=00003001 r 2=000effff r 3=00003000 
r 4=00000000 r 5=00000000 r 6=fffffff0 r 7=000000f0 
r 8=00000000 r 9=00000000 r10=00000000 r11=0000000b 
r12=00000000 r13=00000000 r14=00000000 r15=00000000 
r16=00000000 r17=00000000 r18=00000000 r19=00000000 
r20=00000000 r21=00000000 r22=00000000 r23=00000000 
r24=00000000 r25=00000000 r26=00000000 r27=00000000 
r28=0000000f r29=00000000 r30=fffffff0 r31=00000000 

r 0=00000000 r 1=00003001 r 2=000effff r 3=00003000 
r 4=00000000 r 5=00000000 r 6=fffffff0 r 7=000000f0 
r 8=00000000 r 9=00000000 r10=00000000 r11=0000000b 
r12=00000000 r13=00000000 r14=00000000 r15=00000000 
r16=00000000 r17=00000000 r18=00000000 r19=00000000 
r20=00000000 r21=00000000 r22=00000000 r23=00000000 
r24=00000000 r25=00000000 r26=00000000 r27=00000000 
r28=0000000f r29=fffffff0 r30=fffffff0 r31=00000000 

r 0=00000000 r 1=00003001 r 2=000effff r 3=00003000 
r 4=00000000 r 5=00000000 r 6=fffffff0 r 7=000000f0 
r 8=00000000 r 9=00000000 r10=00000000 r11=0000000b 
r12=00000000 r13=00000000 r14=00000000 r15=00000000 
r16=00000000 r17=00000000 r18=00000000 r19=00000000 
r20=00000000 r21=00000000 r22=00000000 r23=00000000 
r24=00000000 r25=00000000 r26=00000000 r27=00000000 
r28=0000000f r29=fffffff0 r30=fffffff0 r31=00000000 

r 0=00000000 r 1=00003001 r 2=000effff r 3=00003000 
r 4=00000001 r 5=00000000 r 6=fffffff0 r 7=000000f0 
r 8=00000000 r 9=00000000 r10=00000000 r11=0000000b 
r12=00000000 r13=00000000 r14=00000000 r15=00000000 
r16=00000000 r17=00000000 r18=00000000 r19=00000000 
r20=00000000 r21=00000000 r22=00000000 r23=00000000 
r24=00000000 r25=00000000 r26=00000000 r27=00000000 
r28=0000000f r29=fffffff0 r30=fffffff0 r31=00000000 

r 0=00000000 r 1=00003001 r 2=000effff r 3=00003000 
r 4=00000001 r 5=00000002 r 6=fffffff0 r 7=000000f0 
r 8=00000000 r 9=00000000 r10=00000000 r11=0000000b 
r12=00000000 r13=00000000 r14=00000000 r15=00000000 
r16=00000000 r17=00000000 r18=00000000 r19=00000000 
r20=00000000 r21=00000000 r22=00000000 r23=00000000 
r24=00000000 r25=00000000 r26=00000000 r27=00000000 
r28=0000000f r29=fffffff0 r30=fffffff0 r31=00000000 

r 0=00000000 r 1=00003001 r 2=000effff r 3=00003000 
r 4=00000001 r 5=00000002 r 6=fffffff0 r 7=000000f0 
r 8=00000000 r 9=00000000 r10=00000000 r11=0000000b 
r12=00000000 r13=00000000 r14=00000000 r15=00000000 
r16=00000000 r17=00000000 r18=00000000 r19=00000000 
r20=00000000 r21=00000000 r22=00000000 r23=00000000 
r24=00000000 r25=00000000 r26=00000000 r27=00000000 
r28=0000000f r29=fffffff0 r30=fffffff0 r31=00000000 

r 0=00000000 r 1=00003000 r 2=000effff r 3=00003000 
r 4=00000001 r 5=00000002 r 6=fffffff0 r 7=000000f0 
r 8=00000000 r 9=00000000 r10=00000000 r11=0000000b 
r12=00000000 r13=00000000 r14=00000000 r15=00000000 
r16=00000000 r17=00000000 r18=00000000 r19=00000000 
r20=00000000 r21=00000000 r22=00000000 r23=00000000 
r24=00000000 r25=00000000 r26=00000000 r27=00000000 
r28=0000000f r29=fffffff0 r30=fffffff0 r31=00000000 

r 0=00000000 r 1=00003001 r 2=000effff r 3=00003000 
r 4=00000001 r 5=00000002 r 6=fffffff0 r 7=000000f0 
r 8=00000000 r 9=00000000 r10=00000000 r11=0000000b 
r12=00000000 r13=00000000 r14=00000000 r15=00000000 
r16=00000000 r17=00000000 r18=00000000 r19=00000000 
r20=00000000 r21=00000000 r22=00000000 r23=00000000 
r24=00000000 r25=00000000 r26=00000000 r27=00000000 
r28=0000000f r29=fffffff0 r30=fffffff0 r31=00000000 

r 0=00000000 r 1=00003001 r 2=000effff r 3=00003000 
r 4=00000001 r 5=00000002 r 6=fffffff0 r 7=000000f0 
r 8=00000000 r 9=00000000 r10=00000000 r11=0000000b 
r12=00000000 r13=00000000 r14=00000000 r15=00000000 
r16=00000000 r17=00000000 r18=00000000 r19=00000000 
r20=00000000 r21=00000000 r22=00000000 r23=00000000 
r24=00000000 r25=00000000 r26=00000000 r27=00000000 
r28=0000000f r29=fffffff0 r30=fffffff0 r31=00000000 

r 0=00000000 r 1=00003001 r 2=000effff r 3=00003000 
r 4=00000001 r 5=00000002 r 6=fffffff0 r 7=000000f0 
r 8=00000000 r 9=00000000 r10=00000000 r11=0000000b 
r12=00000000 r13=00000000 r14=00000000 r15=00000000 
r16=00000000 r17=00000000 r18=00000000 r19=00000000 
r20=00000000 r21=00000000 r22=00000000 r23=00000000 
r24=00000000 r25=00000000 r26=00000000 r27=00000000 
r28=0000000f r29=fffffff0 r30=fffffff0 r31=00000000 

r 0=00000000 r 1=00003001 r 2=000effff r 3=00003000 
r 4=00000001 r 5=00000002 r 6=fffffff0 r 7=000000f0 
r 8=00000000 r 9=00000000 r10=00000000 r11=0000000b 
r12=00000000 r13=00000000 r14=00000000 r15=00000000 
r16=00000000 r17=00000000 r18=00000000 r19=00000000 
r20=00000000 r21=00000000 r22=00000000 r23=00000000 
r24=00000000 r25=00000000 r26=00000000 r27=00000000 
r28=0000000f r29=fffffff0 r30=fffffff0 r31=00000000 

r 0=00000000 r 1=00003001 r 2=000effff r 3=00003000 
r 4=00000001 r 5=00000002 r 6=fffffff0 r 7=000000f0 
r 8=00000000 r 9=00000000 r10=00000000 r11=0000000b 
r12=00000000 r13=00000000 r14=00000000 r15=00000000 
r16=00000000 r17=00000000 r18=00000000 r19=00000000 
r20=00000000 r21=00000000 r22=00000000 r23=00000000 
r24=00000000 r25=00000000 r26=00000000 r27=00000000 
r28=0000000f r29=fffffff0 r30=fffffff0 r31=00000000 

r 0=00000000 r 1=00003001 r 2=000effff r 3=00003000 
r 4=00000002 r 5=00000002 r 6=fffffff0 r 7=000000f0 
r 8=00000000 r 9=00000000 r10=00000000 r11=0000000b 
r12=00000000 r13=00000000 r14=00000000 r15=00000000 
r16=00000000 r17=00000000 r18=00000000 r19=00000000 
r20=00000000 r21=00000000 r22=00000000 r23=00000000 
r24=00000000 r25=00000000 r26=00000000 r27=00000000 
r28=0000000f r29=fffffff0 r30=fffffff0 r31=00000000 

r 0=00000000 r 1=00003001 r 2=000effff r 3=00003000 
r 4=00000002 r 5=00000002 r 6=fffffff0 r 7=000000f0 
r 8=00000000 r 9=00000000 r10=00000000 r11=0000000b 
r12=00000000 r13=00000000 r14=00000000 r15=00000000 
r16=00000000 r17=00000000 r18=00000000 r19=00000000 
r20=00000000 r21=00000000 r22=00000000 r23=00000000 
r24=00000000 r25=00000000 r26=00000000 r27=00000000 
r28=0000000f r29=fffffff0 r30=fffffff0 r31=00000000 

r 0=00000000 r 1=00003001 r 2=000effff r 3=00003000 
r 4=00000002 r 5=00000002 r 6=fffffff0 r 7=000000f0 
r 8=00000000 r 9=00000000 r10=00000000 r11=0000000b 
r12=00000000 r13=00000000 r14=00000000 r15=00000000 
r16=00000000 r17=00000000 r18=00000000 r19=00000000 
r20=00000000 r21=00000000 r22=00000000 r23=00000000 
r24=00000000 r25=00000000 r26=00000000 r27=00000000 
r28=0000000f r29=fffffff0 r30=fffffff0 r31=00000000 

r 0=00000000 r 1=00003001 r 2=000effff r 3=00003000 
r 4=00000002 r 5=00000002 r 6=fffffff0 r 7=000000f0 
r 8=00000000 r 9=00000000 r10=00000000 r11=0000000c 
r12=00000000 r13=00000000 r14=00000000 r15=00000000 
r16=00000000 r17=00000000 r18=00000000 r19=00000000 
r20=00000000 r21=00000000 r22=00000000 r23=00000000 
r24=00000000 r25=00000000 r26=00000000 r27=00000000 
r28=0000000f r29=fffffff0 r30=fffffff0 r31=00000000 

r 0=00000000 r 1=00003001 r 2=000effff r 3=00003000 
r 4=00000000 r 5=00000002 r 6=fffffff0 r 7=000000f0 
r 8=00000000 r 9=00000000 r10=00000000 r11=0000000c 
r12=00000000 r13=00000000 r14=00000000 r15=00000000 
r16=00000000 r17=00000000 r18=00000000 r19=00000000 
r20=00000000 r21=00000000 r22=00000000 r23=00000000 
r24=00000000 r25=00000000 r26=00000000 r27=00000000 
r28=0000000f r29=fffffff0 r30=fffffff0 r31=00000000 

r 0=00000000 r 1=00003000 r 2=000effff r 3=00003000 
r 4=00000000 r 5=00000002 r 6=fffffff0 r 7=000000f0 
r 8=00000000 r 9=00000000 r10=00000000 r11=0000000c 
r12=00000000 r13=00000000 r14=00000000 r15=00000000 
r16=00000000 r17=00000000 r18=00000000 r19=00000000 
r20=00000000 r21=00000000 r22=00000000 r23=00000000 
r24=00000000 r25=00000000 r26=00000000 r27=00000000 
r28=0000000f r29=fffffff0 r30=fffffff0 r31=00000000 

r 0=00000000 r 1=00003002 r 2=000effff r 3=00003000 
r 4=00000000 r 5=00000002 r 6=fffffff0 r 7=000000f0 
r 8=00000000 r 9=00000000 r10=00000000 r11=0000000c 
r12=00000000 r13=00000000 r14=00000000 r15=00000000 
r16=00000000 r17=00000000 r18=00000000 r19=00000000 
r20=00000000 r21=00000000 r22=00000000 r23=00000000 
r24=00000000 r25=00000000 r26=00000000 r27=00000000 
r28=0000000f r29=fffffff0 r30=fffffff0 r31=00000000 

r 0=00000000 r 1=00003002 r 2=000effff r 3=00003000 
r 4=00000000 r 5=00000002 r 6=fffffff0 r 7=000000f0 
r 8=00000000 r 9=00000000 r10=00000000 r11=0000000c 
r12=00000000 r13=00000000 r14=00000000 r15=00000000 
r16=00000000 r17=00000000 r18=00000000 r19=00000000 
r20=00000000 r21=00000000 r22=00000000 r23=00000000 
r24=00000000 r25=00000000 r26=00000000 r27=00000000 
r28=0000000f r29=fffffff0 r30=0000000f r31=00000000 

r 0=00000000 r 1=00003002 r 2=000effff r 3=00003000 
r 4=00000000 r 5=00000002 r 6=fffffff0 r 7=000000f0 
r 8=00000000 r 9=00000000 r10=00000000 r11=0000000c 
r12=00000000 r13=00000000 r14=00000000 r15=00000000 
r16=00000000 r17=00000000 r18=00000000 r19=00000000 
r20=00000000 r21=00000000 r22=00000000 r23=00000000 
r24=00000000 r25=00000000 r26=00000000 r27=00000000 
r28=0000000f r29=fffffff0 r30=0000000f r31=00000000 

r 0=00000000 r 1=00003002 r 2=000effff r 3=00003000 
r 4=00000000 r 5=00000002 r 6=0000000f r 7=000000f0 
r 8=00000000 r 9=00000000 r10=00000000 r11=0000000c 
r12=00000000 r13=00000000 r14=00000000 r15=00000000 
r16=00000000 r17=00000000 r18=00000000 r19=00000000 
r20=00000000 r21=00000000 r22=00000000 r23=00000000 
r24=00000000 r25=00000000 r26=00000000 r27=00000000 
r28=0000000f r29=fffffff0 r30=0000000f r31=00000000 

r 0=00000000 r 1=00003002 r 2=000effff r 3=00003000 
r 4=00000000 r 5=00000002 r 6=0000000f r 7=000000f0 
r 8=00000000 r 9=00000000 r10=00000000 r11=0000000c 
r12=00000000 r13=00000000 r14=00000000 r15=00000000 
r16=00000000 r17=00000000 r18=00000000 r19=00000000 
r20=00000000 r21=00000000 r22=00000000 r23=00000000 
r24=00000000 r25=00000000 r26=00000000 r27=00000000 
r28=0000000f r29=0000000f r30=0000000f r31=00000000 

r 0=00000000 r 1=00003002 r 2=000effff r 3=00003000 
r 4=00000000 r 5=00000002 r 6=0000000f r 7=000000f0 
r 8=00000000 r 9=00000000 r10=00000000 r11=0000000c 
r12=00000000 r13=00000000 r14=00000000 r15=00000000 
r16=00000000 r17=00000000 r18=00000000 r19=00000000 
r20=00000000 r21=00000000 r22=00000000 r23=00000000 
r24=00000000 r25=00000000 r26=00000000 r27=00000000 
r28=0000000f r29=0000000f r30=0000000f r31=00000000 

r 0=00000000 r 1=00003002 r 2=000effff r 3=00003000 
r 4=00000001 r 5=00000002 r 6=0000000f r 7=000000f0 
r 8=00000000 r 9=00000000 r10=00000000 r11=0000000c 
r12=00000000 r13=00000000 r14=00000000 r15=00000000 
r16=00000000 r17=00000000 r18=00000000 r19=00000000 
r20=00000000 r21=00000000 r22=00000000 r23=00000000 
r24=00000000 r25=00000000 r26=00000000 r27=00000000 
r28=0000000f r29=0000000f r30=0000000f r31=00000000 

r 0=00000000 r 1=00003002 r 2=000effff r 3=00003000 
r 4=00000001 r 5=00000002 r 6=0000000f r 7=000000f0 
r 8=00000000 r 9=00000000 r10=00000000 r11=0000000c 
r12=00000000 r13=00000000 r14=00000000 r15=00000000 
r16=00000000 r17=00000000 r18=00000000 r19=00000000 
r20=00000000 r21=00000000 r22=00000000 r23=00000000 
r24=00000000 r25=00000000 r26=00000000 r27=00000000 
r28=0000000f r29=0000000f r30=0000000f r31=00000000 

r 0=00000000 r 1=00003002 r 2=000effff r 3=00003000 
r 4=00000001 r 5=00000002 r 6=0000000f r 7=000000f0 
r 8=00000000 r 9=00000000 r10=00000000 r11=0000000c 
r12=00000000 r13=00000000 r14=00000000 r15=00000000 
r16=00000000 r17=00000000 r18=00000000 r19=00000000 
r20=00000000 r21=00000000 r22=00000000 r23=00000000 
r24=00000000 r25=00000000 r26=00000000 r27=00000000 
r28=0000000f r29=0000000f r30=0000000f r31=00000000 

r 0=00000000 r 1=00003000 r 2=000effff r 3=00003000 
r 4=00000001 r 5=00000002 r 6=0000000f r 7=000000f0 
r 8=00000000 r 9=00000000 r10=00000000 r11=0000000c 
r12=00000000 r13=00000000 r14=00000000 r15=00000000 
r16=00000000 r17=00000000 r18=00000000 r19=00000000 
r20=00000000 r21=00000000 r22=00000000 r23=00000000 
r24=00000000 r25=00000000 r26=00000000 r27=00000000 
r28=0000000f r29=0000000f r30=0000000f r31=00000000 

r 0=00000000 r 1=00003002 r 2=000effff r 3=00003000 
r 4=00000001 r 5=00000002 r 6=0000000f r 7=000000f0 
r 8=00000000 r 9=00000000 r10=00000000 r11=0000000c 
r12=00000000 r13=00000000 r14=00000000 r15=00000000 
r16=00000000 r17=00000000 r18=00000000 r19=00000000 
r20=00000000 r21=00000000 r22=00000000 r23=00000000 
r24=00000000 r25=00000000 r26=00000000 r27=00000000 
r28=0000000f r29=0000000f r30=0000000f r31=00000000 

r 0=00000000 r 1=00003002 r 2=000effff r 3=00003000 
r 4=00000001 r 5=00000002 r 6=0000000f r 7=000000f0 
r 8=00000000 r 9=00000000 r10=00000000 r11=0000000c 
r12=00000000 r13=00000000 r14=00000000 r15=00000000 
r16=00000000 r17=00000000 r18=00000000 r19=00000000 
r20=00000000 r21=00000000 r22=00000000 r23=00000000 
r24=00000000 r25=00000000 r26=00000000 r27=00000000 
r28=0000000f r29=0000000f r30=0000000f r31=00000000 

r 0=00000000 r 1=00003002 r 2=000effff r 3=00003000 
r 4=00000001 r 5=00000002 r 6=0000000f r 7=000000f0 
r 8=00000000 r 9=00000000 r10=00000000 r11=0000000c 
r12=00000000 r13=00000000 r14=00000000 r15=00000000 
r16=00000000 r17=00000000 r18=00000000 r19=00000000 
r20=00000000 r21=00000000 r22=00000000 r23=00000000 
r24=00000000 r25=00000000 r26=00000000 r27=00000000 
r28=0000000f r29=0000000f r30=0000000f r31=00000000 

r 0=00000000 r 1=00003002 r 2=000effff r 3=00003000 
r 4=00000001 r 5=00000002 r 6=0000000f r 7=000000f0 
r 8=00000000 r 9=00000000 r10=00000000 r11=0000000c 
r12=00000000 r13=00000000 r14=00000000 r15=00000000 
r16=00000000 r17=00000000 r18=00000000 r19=00000000 
r20=00000000 r21=00000000 r22=00000000 r23=00000000 
r24=00000000 r25=00000000 r26=00000000 r27=00000000 
r28=0000000f r29=0000000f r30=0000000f r31=00000000 

r 0=00000000 r 1=00003002 r 2=000effff r 3=00003000 
r 4=00000001 r 5=00000002 r 6=0000000f r 7=000000f0 
r 8=00000000 r 9=00000000 r10=00000000 r11=0000000c 
r12=00000000 r13=00000000 r14=00000000 r15=00000000 
r16=00000000 r17=00000000 r18=00000000 r19=00000000 
r20=00000000 r21=00000000 r22=00000000 r23=00000000 
r24=00000000 r25=00000000 r26=00000000 r27=00000000 
r28=0000000f r29=0000000f r30=0000000f r31=00000000 

r 0=00000000 r 1=00003002 r 2=000effff r 3=00003000 
r 4=00000001 r 5=00000002 r 6=0000000f r 7=000000f0 
r 8=00000000 r 9=00000000 r10=00000000 r11=0000000c 
r12=00000000 r13=00000000 r14=00000000 r15=00000000 
r16=00000000 r17=00000000 r18=00000000 r19=00000000 
r20=00000000 r21=00000000 r22=00000000 r23=00000000 
r24=00000000 r25=00000000 r26=00000000 r27=00000000 
r28=0000000f r29=0000000f r30=0000000f r31=00000000 

r 0=00000000 r 1=00003002 r 2=000effff r 3=00003000 
r 4=00000002 r 5=00000002 r 6=0000000f r 7=000000f0 
r 8=00000000 r 9=00000000 r10=00000000 r11=0000000c 
r12=00000000 r13=00000000 r14=00000000 r15=00000000 
r16=00000000 r17=00000000 r18=00000000 r19=00000000 
r20=00000000 r21=00000000 r22=00000000 r23=00000000 
r24=00000000 r25=00000000 r26=00000000 r27=00000000 
r28=0000000f r29=0000000f r30=0000000f r31=00000000 

r 0=00000000 r 1=00003002 r 2=000effff r 3=00003000 
r 4=00000002 r 5=00000002 r 6=0000000f r 7=000000f0 
r 8=00000000 r 9=00000000 r10=00000000 r11=0000000c 
r12=00000000 r13=00000000 r14=00000000 r15=00000000 
r16=00000000 r17=00000000 r18=00000000 r19=00000000 
r20=00000000 r21=00000000 r22=00000000 r23=00000000 
r24=00000000 r25=00000000 r26=00000000 r27=00000000 
r28=0000000f r29=0000000f r30=0000000f r31=00000000 

r 0=00000000 r 1=00003002 r 2=000effff r 3=00003000 
r 4=00000002 r 5=00000002 r 6=0000000f r 7=000000f0 
r 8=00000000 r 9=00000000 r10=00000000 r11=0000000c 
r12=00000000 r13=00000000 r14=00000000 r15=00000000 
r16=00000000 r17=00000000 r18=00000000 r19=00000000 
r20=00000000 r21=00000000 r22=00000000 r23=00000000 
r24=00000000 r25=00000000 r26=00000000 r27=00000000 
r28=0000000f r29=0000000f r30=0000000f r31=00000000 

r 0=00000000 r 1=00003002 r 2=000effff r 3=00003000 
r 4=00000002 r 5=00000002 r 6=0000000f r 7=000000f0 
r 8=00000000 r 9=00000000 r10=00000000 r11=0000000d 
r12=00000000 r13=00000000 r14=00000000 r15=00000000 
r16=00000000 r17=00000000 r18=00000000 r19=00000000 
r20=00000000 r21=00000000 r22=00000000 r23=00000000 
r24=00000000 r25=00000000 r26=00000000 r27=00000000 
r28=0000000f r29=0000000f r30=0000000f r31=00000000 

r 0=00000000 r 1=00003002 r 2=000effff r 3=00003000 
r 4=00000000 r 5=00000002 r 6=0000000f r 7=000000f0 
r 8=00000000 r 9=00000000 r10=00000000 r11=0000000d 
r12=00000000 r13=00000000 r14=00000000 r15=00000000 
r16=00000000 r17=00000000 r18=00000000 r19=00000000 
r20=00000000 r21=00000000 r22=00000000 r23=00000000 
r24=00000000 r25=00000000 r26=00000000 r27=00000000 
r28=0000000f r29=0000000f r30=0000000f r31=00000000 

r 0=00000000 r 1=00003000 r 2=000effff r 3=00003000 
r 4=00000000 r 5=00000002 r 6=0000000f r 7=000000f0 
r 8=00000000 r 9=00000000 r10=00000000 r11=0000000d 
r12=00000000 r13=00000000 r14=00000000 r15=00000000 
r16=00000000 r17=00000000 r18=00000000 r19=00000000 
r20=00000000 r21=00000000 r22=00000000 r23=00000000 
r24=00000000 r25=00000000 r26=00000000 r27=00000000 
r28=0000000f r29=0000000f r30=0000000f r31=00000000 

r 0=00000000 r 1=00003003 r 2=000effff r 3=00003000 
r 4=00000000 r 5=00000002 r 6=0000000f r 7=000000f0 
r 8=00000000 r 9=00000000 r10=00000000 r11=0000000d 
r12=00000000 r13=00000000 r14=00000000 r15=00000000 
r16=00000000 r17=00000000 r18=00000000 r19=00000000 
r20=00000000 r21=00000000 r22=00000000 r23=00000000 
r24=00000000 r25=00000000 r26=00000000 r27=00000000 
r28=0000000f r29=0000000f r30=0000000f r31=00000000 

r 0=00000000 r 1=00003003 r 2=000effff r 3=00003000 
r 4=00000000 r 5=00000002 r 6=0000000f r 7=000000f0 
r 8=00000000 r 9=00000000 r10=00000000 r11=0000000d 
r12=00000000 r13=00000000 r14=00000000 r15=00000000 
r16=00000000 r17=00000000 r18=00000000 r19=00000000 
r20=00000000 r21=00000000 r22=00000000 r23=00000000 
r24=00000000 r25=00000000 r26=00000000 r27=00000000 
r28=0000000f r29=0000000f r30=00000000 r31=00000000 

r 0=00000000 r 1=00003003 r 2=000effff r 3=00003000 
r 4=00000000 r 5=00000002 r 6=0000000f r 7=000000f0 
r 8=00000000 r 9=00000000 r10=00000000 r11=0000000d 
r12=00000000 r13=00000000 r14=00000000 r15=00000000 
r16=00000000 r17=00000000 r18=00000000 r19=00000000 
r20=00000000 r21=00000000 r22=00000000 r23=00000000 
r24=00000000 r25=00000000 r26=00000000 r27=00000000 
r28=0000000f r29=0000000f r30=00000000 r31=00000000 

r 0=00000000 r 1=00003003 r 2=000effff r 3=00003000 
r 4=00000000 r 5=00000002 r 6=0000000f r 7=000000f0 
r 8=00000000 r 9=00000000 r10=00000000 r11=0000000d 
r12=00000000 r13=00000000 r14=00000000 r15=00000000 
r16=00000000 r17=00000000 r18=00000000 r19=00000000 
r20=00000000 r21=00000000 r22=00000000 r23=00000000 
r24=00000000 r25=00000000 r26=00000000 r27=00000000 
r28=0000000f r29=0000000f r30=00000000 r31=00000000 

r 0=00000000 r 1=00003003 r 2=000effff r 3=00003000 
r 4=00000000 r 5=00000002 r 6=00000000 r 7=000000f0 
r 8=00000000 r 9=00000000 r10=00000000 r11=0000000d 
r12=00000000 r13=00000000 r14=00000000 r15=00000000 
r16=00000000 r17=00000000 r18=00000000 r19=00000000 
r20=00000000 r21=00000000 r22=00000000 r23=00000000 
r24=00000000 r25=00000000 r26=00000000 r27=00000000 
r28=0000000f r29=0000000f r30=00000000 r31=00000000 

r 0=00000000 r 1=00003003 r 2=000effff r 3=00003000 
r 4=00000000 r 5=00000002 r 6=00000000 r 7=000000f0 
r 8=00000000 r 9=00000000 r10=00000000 r11=0000000d 
r12=00000000 r13=00000000 r14=00000000 r15=00000000 
r16=00000000 r17=00000000 r18=00000000 r19=00000000 
r20=00000000 r21=00000000 r22=00000000 r23=00000000 
r24=00000000 r25=00000000 r26=00000000 r27=00000000 
r28=0000000f r29=00000000 r30=00000000 r31=00000000 

r 0=00000000 r 1=00003003 r 2=000effff r 3=00003000 
r 4=00000000 r 5=00000002 r 6=00000000 r 7=000000f0 
r 8=00000000 r 9=00000000 r10=00000000 r11=0000000d 
r12=00000000 r13=00000000 r14=00000000 r15=00000000 
r16=00000000 r17=00000000 r18=00000000 r19=00000000 
r20=00000000 r21=00000000 r22=00000000 r23=00000000 
r24=00000000 r25=00000000 r26=00000000 r27=00000000 
r28=0000000f r29=00000000 r30=00000000 r31=00000000 

r 0=00000000 r 1=00003003 r 2=000effff r 3=00003000 
r 4=00000001 r 5=00000002 r 6=00000000 r 7=000000f0 
r 8=00000000 r 9=00000000 r10=00000000 r11=0000000d 
r12=00000000 r13=00000000 r14=00000000 r15=00000000 
r16=00000000 r17=00000000 r18=00000000 r19=00000000 
r20=00000000 r21=00000000 r22=00000000 r23=00000000 
r24=00000000 r25=00000000 r26=00000000 r27=00000000 
r28=0000000f r29=00000000 r30=00000000 r31=00000000 

r 0=00000000 r 1=00003003 r 2=000effff r 3=00003000 
r 4=00000001 r 5=00000002 r 6=00000000 r 7=000000f0 
r 8=00000000 r 9=00000000 r10=00000000 r11=0000000d 
r12=00000000 r13=00000000 r14=00000000 r15=00000000 
r16=00000000 r17=00000000 r18=00000000 r19=00000000 
r20=00000000 r21=00000000 r22=00000000 r23=00000000 
r24=00000000 r25=00000000 r26=00000000 r27=00000000 
r28=0000000f r29=00000000 r30=00000000 r31=00000000 

r 0=00000000 r 1=00003003 r 2=000effff r 3=00003000 
r 4=00000001 r 5=00000002 r 6=00000000 r 7=000000f0 
r 8=00000000 r 9=00000000 r10=00000000 r11=0000000d 
r12=00000000 r13=00000000 r14=00000000 r15=00000000 
r16=00000000 r17=00000000 r18=00000000 r19=00000000 
r20=00000000 r21=00000000 r22=00000000 r23=00000000 
r24=00000000 r25=00000000 r26=00000000 r27=00000000 
r28=0000000f r29=00000000 r30=00000000 r31=00000000 

r 0=00000000 r 1=00003000 r 2=000effff r 3=00003000 
r 4=00000001 r 5=00000002 r 6=00000000 r 7=000000f0 
r 8=00000000 r 9=00000000 r10=00000000 r11=0000000d 
r12=00000000 r13=00000000 r14=00000000 r15=00000000 
r16=00000000 r17=00000000 r18=00000000 r19=00000000 
r20=00000000 r21=00000000 r22=00000000 r23=00000000 
r24=00000000 r25=00000000 r26=00000000 r27=00000000 
r28=0000000f r29=00000000 r30=00000000 r31=00000000 

r 0=00000000 r 1=00003003 r 2=000effff r 3=00003000 
r 4=00000001 r 5=00000002 r 6=00000000 r 7=000000f0 
r 8=00000000 r 9=00000000 r10=00000000 r11=0000000d 
r12=00000000 r13=00000000 r14=00000000 r15=00000000 
r16=00000000 r17=00000000 r18=00000000 r19=00000000 
r20=00000000 r21=00000000 r22=00000000 r23=00000000 
r24=00000000 r25=00000000 r26=00000000 r27=00000000 
r28=0000000f r29=00000000 r30=00000000 r31=00000000 

r 0=00000000 r 1=00003003 r 2=000effff r 3=00003000 
r 4=00000001 r 5=00000002 r 6=00000000 r 7=000000f0 
r 8=00000000 r 9=00000000 r10=00000000 r11=0000000d 
r12=00000000 r13=00000000 r14=00000000 r15=00000000 
r16=00000000 r17=00000000 r18=00000000 r19=00000000 
r20=00000000 r21=00000000 r22=00000000 r23=00000000 
r24=00000000 r25=00000000 r26=00000000 r27=00000000 
r28=0000000f r29=00000000 r30=00000000 r31=00000000 

r 0=00000000 r 1=00003003 r 2=000effff r 3=00003000 
r 4=00000001 r 5=00000002 r 6=00000000 r 7=000000f0 
r 8=00000000 r 9=00000000 r10=00000000 r11=0000000d 
r12=00000000 r13=00000000 r14=00000000 r15=00000000 
r16=00000000 r17=00000000 r18=00000000 r19=00000000 
r20=00000000 r21=00000000 r22=00000000 r23=00000000 
r24=00000000 r25=00000000 r26=00000000 r27=00000000 
r28=0000000f r29=00000000 r30=00000000 r31=00000000 

r 0=00000000 r 1=00003003 r 2=000effff r 3=00003000 
r 4=00000001 r 5=00000002 r 6=00000000 r 7=000000f0 
r 8=00000000 r 9=00000000 r10=00000000 r11=0000000d 
r12=00000000 r13=00000000 r14=00000000 r15=00000000 
r16=00000000 r17=00000000 r18=00000000 r19=00000000 
r20=00000000 r21=00000000 r22=00000000 r23=00000000 
r24=00000000 r25=00000000 r26=00000000 r27=00000000 
r28=0000000f r29=00000000 r30=00000000 r31=00000000 

r 0=00000000 r 1=00003003 r 2=000effff r 3=00003000 
r 4=00000001 r 5=00000002 r 6=00000000 r 7=000000f0 
r 8=00000000 r 9=00000000 r10=00000000 r11=0000000d 
r12=00000000 r13=00000000 r14=00000000 r15=00000000 
r16=00000000 r17=00000000 r18=00000000 r19=00000000 
r20=00000000 r21=00000000 r22=00000000 r23=00000000 
r24=00000000 r25=00000000 r26=00000000 r27=00000000 
r28=0000000f r29=00000000 r30=00000000 r31=00000000 

r 0=00000000 r 1=00003003 r 2=000effff r 3=00003000 
r 4=00000001 r 5=00000002 r 6=00000000 r 7=000000f0 
r 8=00000000 r 9=00000000 r10=00000000 r11=0000000d 
r12=00000000 r13=00000000 r14=00000000 r15=00000000 
r16=00000000 r17=00000000 r18=00000000 r19=00000000 
r20=00000000 r21=00000000 r22=00000000 r23=00000000 
r24=00000000 r25=00000000 r26=00000000 r27=00000000 
r28=0000000f r29=00000000 r30=00000000 r31=00000000 

r 0=00000000 r 1=00003003 r 2=000effff r 3=00003000 
r 4=00000001 r 5=00000002 r 6=00000000 r 7=000000f0 
r 8=00000000 r 9=00000000 r10=00000000 r11=0000000d 
r12=00000000 r13=00000000 r14=00000000 r15=00000000 
r16=00000000 r17=00000000 r18=00000000 r19=00000000 
r20=00000000 r21=00000000 r22=00000000 r23=00000000 
r24=00000000 r25=00000000 r26=00000000 r27=00000000 
r28=0000000f r29=00000000 r30=00000000 r31=00000000 

r 0=00000000 r 1=00003003 r 2=000effff r 3=00003000 
r 4=00000002 r 5=00000002 r 6=00000000 r 7=000000f0 
r 8=00000000 r 9=00000000 r10=00000000 r11=0000000d 
r12=00000000 r13=00000000 r14=00000000 r15=00000000 
r16=00000000 r17=00000000 r18=00000000 r19=00000000 
r20=00000000 r21=00000000 r22=00000000 r23=00000000 
r24=00000000 r25=00000000 r26=00000000 r27=00000000 
r28=0000000f r29=00000000 r30=00000000 r31=00000000 

r 0=00000000 r 1=00003003 r 2=000effff r 3=00003000 
r 4=00000002 r 5=00000002 r 6=00000000 r 7=000000f0 
r 8=00000000 r 9=00000000 r10=00000000 r11=0000000d 
r12=00000000 r13=00000000 r14=00000000 r15=00000000 
r16=00000000 r17=00000000 r18=00000000 r19=00000000 
r20=00000000 r21=00000000 r22=00000000 r23=00000000 
r24=00000000 r25=00000000 r26=00000000 r27=00000000 
r28=0000000f r29=00000000 r30=00000000 r31=00000000 

r 0=00000000 r 1=00003003 r 2=000effff r 3=00003000 
r 4=00000002 r 5=00000002 r 6=00000000 r 7=000000f0 
r 8=00000000 r 9=00000000 r10=00000000 r11=0000000d 
r12=00000000 r13=00000000 r14=00000000 r15=00000000 
r16=00000000 r17=00000000 r18=00000000 r19=00000000 
r20=00000000 r21=00000000 r22=00000000 r23=00000000 
r24=00000000 r25=00000000 r26=00000000 r27=00000000 
r28=0000000f r29=00000000 r30=00000000 r31=00000000 

r 0=00000000 r 1=00003003 r 2=000effff r 3=00003000 
r 4=00000002 r 5=00000002 r 6=00000000 r 7=000000f0 
r 8=00000000 r 9=00000000 r10=00000000 r11=0000000e 
r12=00000000 r13=00000000 r14=00000000 r15=00000000 
r16=00000000 r17=00000000 r18=00000000 r19=00000000 
r20=00000000 r21=00000000 r22=00000000 r23=00000000 
r24=00000000 r25=00000000 r26=00000000 r27=00000000 
r28=0000000f r29=00000000 r30=00000000 r31=00000000 

r 0=00000000 r 1=00003003 r 2=000effff r 3=00003000 
r 4=00000000 r 5=00000002 r 6=00000000 r 7=000000f0 
r 8=00000000 r 9=00000000 r10=00000000 r11=0000000e 
r12=00000000 r13=00000000 r14=00000000 r15=00000000 
r16=00000000 r17=00000000 r18=00000000 r19=00000000 
r20=00000000 r21=00000000 r22=00000000 r23=00000000 
r24=00000000 r25=00000000 r26=00000000 r27=00000000 
r28=0000000f r29=00000000 r30=00000000 r31=00000000 

r 0=00000000 r 1=00003000 r 2=000effff r 3=00003000 
r 4=00000000 r 5=00000002 r 6=00000000 r 7=000000f0 
r 8=00000000 r 9=00000000 r10=00000000 r11=0000000e 
r12=00000000 r13=00000000 r14=00000000 r15=00000000 
r16=00000000 r17=00000000 r18=00000000 r19=00000000 
r20=00000000 r21=00000000 r22=00000000 r23=00000000 
r24=00000000 r25=00000000 r26=00000000 r27=00000000 
r28=0000000f r29=00000000 r30=00000000 r31=00000000 

r 0=00000000 r 1=00003001 r 2=000effff r 3=00003000 
r 4=00000000 r 5=00000002 r 6=00000000 r 7=000000f0 
r 8=00000000 r 9=00000000 r10=00000000 r11=0000000e 
r12=00000000 r13=00000000 r14=00000000 r15=00000000 
r16=00000000 r17=00000000 r18=00000000 r19=00000000 
r20=00000000 r21=00000000 r22=00000000 r23=00000000 
r24=00000000 r25=00000000 r26=00000000 r27=00000000 
r28=0000000f r29=00000000 r30=00000000 r31=00000000 

r 0=00000000 r 1=00003001 r 2=000effff r 3=00003000 
r 4=00000000 r 5=00000002 r 6=00000000 r 7=000000f0 
r 8=00000000 r 9=00000000 r10=00000000 r11=0000000e 
r12=00000000 r13=00000000 r14=00000000 r15=00000000 
r16=00000000 r17=00000000 r18=00000000 r19=00000000 
r20=00000000 r21=00000000 r22=00000000 r23=00000000 
r24=00000000 r25=00000000 r26=00000000 r27=00000000 
r28=0000000f r29=00000000 r30=fffffff0 r31=00000000 

r 0=00000000 r 1=00003001 r 2=000effff r 3=00003000 
r 4=00000000 r 5=00000002 r 6=00000000 r 7=000000f0 
r 8=00000000 r 9=00000000 r10=00000000 r11=0000000e 
r12=00000000 r13=00000000 r14=00000000 r15=00000000 
r16=00000000 r17=00000000 r18=00000000 r19=00000000 
r20=00000000 r21=00000000 r22=00000000 r23=00000000 
r24=00000000 r25=00000000 r26=00000000 r27=00000000 
r28=0000000f r29=fffffff0 r30=fffffff0 r31=00000000 

r 0=00000000 r 1=00003001 r 2=000effff r 3=00003000 
r 4=00000000 r 5=00000002 r 6=00000000 r 7=000000f0 
r 8=00000000 r 9=00000000 r10=00000000 r11=0000000e 
r12=00000000 r13=00000000 r14=00000000 r15=00000000 
r16=00000000 r17=00000000 r18=00000000 r19=00000000 
r20=00000000 r21=00000000 r22=00000000 r23=00000000 
r24=00000000 r25=00000000 r26=00000000 r27=00000000 
r28=0000000f r29=fffffff0 r30=fffffff0 r31=00000000 

r 0=00000000 r 1=00003001 r 2=000effff r 3=00003000 
r 4=00000001 r 5=00000002 r 6=00000000 r 7=000000f0 
r 8=00000000 r 9=00000000 r10=00000000 r11=0000000e 
r12=00000000 r13=00000000 r14=00000000 r15=00000000 
r16=00000000 r17=00000000 r18=00000000 r19=00000000 
r20=00000000 r21=00000000 r22=00000000 r23=00000000 
r24=00000000 r25=00000000 r26=00000000 r27=00000000 
r28=0000000f r29=fffffff0 r30=fffffff0 r31=00000000 

r 0=00000000 r 1=00003001 r 2=000effff r 3=00003000 
r 4=00000001 r 5=00000002 r 6=00000000 r 7=000000f0 
r 8=00000000 r 9=00000000 r10=00000000 r11=0000000e 
r12=00000000 r13=00000000 r14=00000000 r15=00000000 
r16=00000000 r17=00000000 r18=00000000 r19=00000000 
r20=00000000 r21=00000000 r22=00000000 r23=00000000 
r24=00000000 r25=00000000 r26=00000000 r27=00000000 
r28=0000000f r29=fffffff0 r30=fffffff0 r31=00000000 

r 0=00000000 r 1=00003001 r 2=000effff r 3=00003000 
r 4=00000001 r 5=00000002 r 6=00000000 r 7=000000f0 
r 8=00000000 r 9=00000000 r10=00000000 r11=0000000e 
r12=00000000 r13=00000000 r14=00000000 r15=00000000 
r16=00000000 r17=00000000 r18=00000000 r19=00000000 
r20=00000000 r21=00000000 r22=00000000 r23=00000000 
r24=00000000 r25=00000000 r26=00000000 r27=00000000 
r28=0000000f r29=fffffff0 r30=fffffff0 r31=00000000 

r 0=00000000 r 1=00003000 r 2=000effff r 3=00003000 
r 4=00000001 r 5=00000002 r 6=00000000 r 7=000000f0 
r 8=00000000 r 9=00000000 r10=00000000 r11=0000000e 
r12=00000000 r13=00000000 r14=00000000 r15=00000000 
r16=00000000 r17=00000000 r18=00000000 r19=00000000 
r20=00000000 r21=00000000 r22=00000000 r23=00000000 
r24=00000000 r25=00000000 r26=00000000 r27=00000000 
r28=0000000f r29=fffffff0 r30=fffffff0 r31=00000000 

r 0=00000000 r 1=00003001 r 2=000effff r 3=00003000 
r 4=00000001 r 5=00000002 r 6=00000000 r 7=000000f0 
r 8=00000000 r 9=00000000 r10=00000000 r11=0000000e 
r12=00000000 r13=00000000 r14=00000000 r15=00000000 
r16=00000000 r17=00000000 r18=00000000 r19=00000000 
r20=00000000 r21=00000000 r22=00000000 r23=00000000 
r24=00000000 r25=00000000 r26=00000000 r27=00000000 
r28=0000000f r29=fffffff0 r30=fffffff0 r31=00000000 

r 0=00000000 r 1=00003001 r 2=000effff r 3=00003000 
r 4=00000001 r 5=00000002 r 6=00000000 r 7=000000f0 
r 8=00000000 r 9=00000000 r10=00000000 r11=0000000e 
r12=00000000 r13=00000000 r14=00000000 r15=00000000 
r16=00000000 r17=00000000 r18=00000000 r19=00000000 
r20=00000000 r21=00000000 r22=00000000 r23=00000000 
r24=00000000 r25=00000000 r26=00000000 r27=00000000 
r28=0000000f r29=fffffff0 r30=fffffff0 r31=00000000 

r 0=00000000 r 1=00003001 r 2=000effff r 3=00003000 
r 4=00000001 r 5=00000002 r 6=00000000 r 7=000000f0 
r 8=00000000 r 9=00000000 r10=00000000 r11=0000000e 
r12=00000000 r13=00000000 r14=00000000 r15=00000000 
r16=00000000 r17=00000000 r18=00000000 r19=00000000 
r20=00000000 r21=00000000 r22=00000000 r23=00000000 
r24=00000000 r25=00000000 r26=00000000 r27=00000000 
r28=0000000f r29=fffffff0 r30=fffffff0 r31=00000000 

r 0=00000000 r 1=00003001 r 2=000effff r 3=00003000 
r 4=00000001 r 5=00000002 r 6=00000000 r 7=000000f0 
r 8=00000000 r 9=00000000 r10=00000000 r11=0000000e 
r12=00000000 r13=00000000 r14=00000000 r15=00000000 
r16=00000000 r17=00000000 r18=00000000 r19=00000000 
r20=00000000 r21=00000000 r22=00000000 r23=00000000 
r24=00000000 r25=00000000 r26=00000000 r27=00000000 
r28=0000000f r29=fffffff0 r30=fffffff0 r31=00000000 

r 0=00000000 r 1=00003001 r 2=000effff r 3=00003000 
r 4=00000002 r 5=00000002 r 6=00000000 r 7=000000f0 
r 8=00000000 r 9=00000000 r10=00000000 r11=0000000e 
r12=00000000 r13=00000000 r14=00000000 r15=00000000 
r16=00000000 r17=00000000 r18=00000000 r19=00000000 
r20=00000000 r21=00000000 r22=00000000 r23=00000000 
r24=00000000 r25=00000000 r26=00000000 r27=00000000 
r28=0000000f r29=fffffff0 r30=fffffff0 r31=00000000 

r 0=00000000 r 1=00003001 r 2=000effff r 3=00003000 
r 4=00000002 r 5=00000002 r 6=00000000 r 7=000000f0 
r 8=00000000 r 9=00000000 r10=00000000 r11=0000000e 
r12=00000000 r13=00000000 r14=00000000 r15=00000000 
r16=00000000 r17=00000000 r18=00000000 r19=00000000 
r20=00000000 r21=00000000 r22=00000000 r23=00000000 
r24=00000000 r25=00000000 r26=00000000 r27=00000000 
r28=0000000f r29=fffffff0 r30=fffffff0 r31=00000000 

r 0=00000000 r 1=00003001 r 2=000effff r 3=00003000 
r 4=00000002 r 5=00000002 r 6=00000000 r 7=000000f0 
r 8=00000000 r 9=00000000 r10=00000000 r11=0000000e 
r12=00000000 r13=00000000 r14=00000000 r15=00000000 
r16=00000000 r17=00000000 r18=00000000 r19=00000000 
r20=00000000 r21=00000000 r22=00000000 r23=00000000 
r24=00000000 r25=00000000 r26=00000000 r27=00000000 
r28=0000000f r29=fffffff0 r30=fffffff0 r31=00000000 

r 0=00000000 r 1=00003001 r 2=000effff r 3=00003000 
r 4=00000002 r 5=00000002 r 6=00000000 r 7=000000f0 
r 8=00000000 r 9=00000000 r10=00000000 r11=0000000f 
r12=00000000 r13=00000000 r14=00000000 r15=00000000 
r16=00000000 r17=00000000 r18=00000000 r19=00000000 
r20=00000000 r21=00000000 r22=00000000 r23=00000000 
r24=00000000 r25=00000000 r26=00000000 r27=00000000 
r28=0000000f r29=fffffff0 r30=fffffff0 r31=00000000 

r 0=00000000 r 1=00003001 r 2=000effff r 3=00003000 
r 4=00000000 r 5=00000002 r 6=00000000 r 7=000000f0 
r 8=00000000 r 9=00000000 r10=00000000 r11=0000000f 
r12=00000000 r13=00000000 r14=00000000 r15=00000000 
r16=00000000 r17=00000000 r18=00000000 r19=00000000 
r20=00000000 r21=00000000 r22=00000000 r23=00000000 
r24=00000000 r25=00000000 r26=00000000 r27=00000000 
r28=0000000f r29=fffffff0 r30=fffffff0 r31=00000000 

r 0=00000000 r 1=00003001 r 2=000effff r 3=00003000 
r 4=00000000 r 5=00000002 r 6=00000000 r 7=000000f0 
r 8=00000000 r 9=00000000 r10=00000000 r11=0000000f 
r12=00000000 r13=00000000 r14=00000000 r15=00000000 
r16=00000000 r17=00000000 r18=00000000 r19=00000000 
r20=00000000 r21=00000000 r22=00000000 r23=00000000 
r24=00000000 r25=00000000 r26=00000000 r27=00000000 
r28=0000000f r29=fffffff0 r30=fffffff0 r31=00000000 

r 0=00000000 r 1=00003000 r 2=000effff r 3=00003000 
r 4=00000000 r 5=00000002 r 6=00000000 r 7=000000f0 
r 8=00000000 r 9=00000000 r10=00000000 r11=0000000f 
r12=00000000 r13=00000000 r14=00000000 r15=00000000 
r16=00000000 r17=00000000 r18=00000000 r19=00000000 
r20=00000000 r21=00000000 r22=00000000 r23=00000000 
r24=00000000 r25=00000000 r26=00000000 r27=00000000 
r28=0000000f r29=fffffff0 r30=fffffff0 r31=00000000 

r 0=00000000 r 1=00003002 r 2=000effff r 3=00003000 
r 4=00000000 r 5=00000002 r 6=00000000 r 7=000000f0 
r 8=00000000 r 9=00000000 r10=00000000 r11=0000000f 
r12=00000000 r13=00000000 r14=00000000 r15=00000000 
r16=00000000 r17=00000000 r18=00000000 r19=00000000 
r20=00000000 r21=00000000 r22=00000000 r23=00000000 
r24=00000000 r25=00000000 r26=00000000 r27=00000000 
r28=0000000f r29=fffffff0 r30=fffffff0 r31=00000000 

r 0=00000000 r 1=00003002 r 2=000effff r 3=00003000 
r 4=00000000 r 5=00000002 r 6=00000000 r 7=000000f0 
r 8=00000000 r 9=00000000 r10=00000000 r11=0000000f 
r12=00000000 r13=00000000 r14=00000000 r15=00000000 
r16=00000000 r17=00000000 r18=00000000 r19=00000000 
r20=00000000 r21=00000000 r22=00000000 r23=00000000 
r24=00000000 r25=00000000 r26=00000000 r27=00000000 
r28=0000000f r29=fffffff0 r30=0000000f r31=00000000 

r 0=00000000 r 1=00003002 r 2=000effff r 3=00003000 
r 4=00000000 r 5=00000002 r 6=00000000 r 7=000000f0 
r 8=00000000 r 9=00000000 r10=00000000 r11=0000000f 
r12=00000000 r13=00000000 r14=00000000 r15=00000000 
r16=00000000 r17=00000000 r18=00000000 r19=00000000 
r20=00000000 r21=00000000 r22=00000000 r23=00000000 
r24=00000000 r25=00000000 r26=00000000 r27=00000000 
r28=0000000f r29=0000000f r30=0000000f r31=00000000 

r 0=00000000 r 1=00003002 r 2=000effff r 3=00003000 
r 4=00000000 r 5=00000002 r 6=00000000 r 7=000000f0 
r 8=00000000 r 9=00000000 r10=00000000 r11=0000000f 
r12=00000000 r13=00000000 r14=00000000 r15=00000000 
r16=00000000 r17=00000000 r18=00000000 r19=00000000 
r20=00000000 r21=00000000 r22=00000000 r23=00000000 
r24=00000000 r25=00000000 r26=00000000 r27=00000000 
r28=0000000f r29=0000000f r30=0000000f r31=00000000 

r 0=00000000 r 1=00003002 r 2=000effff r 3=00003000 
r 4=00000001 r 5=00000002 r 6=00000000 r 7=000000f0 
r 8=00000000 r 9=00000000 r10=00000000 r11=0000000f 
r12=00000000 r13=00000000 r14=00000000 r15=00000000 
r16=00000000 r17=00000000 r18=00000000 r19=00000000 
r20=00000000 r21=00000000 r22=00000000 r23=00000000 
r24=00000000 r25=00000000 r26=00000000 r27=00000000 
r28=0000000f r29=0000000f r30=0000000f r31=00000000 

r 0=00000000 r 1=00003002 r 2=000effff r 3=00003000 
r 4=00000001 r 5=00000002 r 6=00000000 r 7=000000f0 
r 8=00000000 r 9=00000000 r10=00000000 r11=0000000f 
r12=00000000 r13=00000000 r14=00000000 r15=00000000 
r16=00000000 r17=00000000 r18=00000000 r19=00000000 
r20=00000000 r21=00000000 r22=00000000 r23=00000000 
r24=00000000 r25=00000000 r26=00000000 r27=00000000 
r28=0000000f r29=0000000f r30=0000000f r31=00000000 

r 0=00000000 r 1=00003002 r 2=000effff r 3=00003000 
r 4=00000001 r 5=00000002 r 6=00000000 r 7=000000f0 
r 8=00000000 r 9=00000000 r10=00000000 r11=0000000f 
r12=00000000 r13=00000000 r14=00000000 r15=00000000 
r16=00000000 r17=00000000 r18=00000000 r19=00000000 
r20=00000000 r21=00000000 r22=00000000 r23=00000000 
r24=00000000 r25=00000000 r26=00000000 r27=00000000 
r28=0000000f r29=0000000f r30=0000000f r31=00000000 

r 0=00000000 r 1=00003002 r 2=000effff r 3=00003000 
r 4=00000001 r 5=00000002 r 6=00000000 r 7=000000f0 
r 8=00000000 r 9=00000000 r10=00000000 r11=0000000f 
r12=00000000 r13=00000000 r14=00000000 r15=00000000 
r16=00000000 r17=00000000 r18=00000000 r19=00000000 
r20=00000000 r21=00000000 r22=00000000 r23=00000000 
r24=00000000 r25=00000000 r26=00000000 r27=00000000 
r28=0000000f r29=0000000f r30=0000000f r31=00000000 

r 0=00000000 r 1=00003000 r 2=000effff r 3=00003000 
r 4=00000001 r 5=00000002 r 6=00000000 r 7=000000f0 
r 8=00000000 r 9=00000000 r10=00000000 r11=0000000f 
r12=00000000 r13=00000000 r14=00000000 r15=00000000 
r16=00000000 r17=00000000 r18=00000000 r19=00000000 
r20=00000000 r21=00000000 r22=00000000 r23=00000000 
r24=00000000 r25=00000000 r26=00000000 r27=00000000 
r28=0000000f r29=0000000f r30=0000000f r31=00000000 

r 0=00000000 r 1=00003002 r 2=000effff r 3=00003000 
r 4=00000001 r 5=00000002 r 6=00000000 r 7=000000f0 
r 8=00000000 r 9=00000000 r10=00000000 r11=0000000f 
r12=00000000 r13=00000000 r14=00000000 r15=00000000 
r16=00000000 r17=00000000 r18=00000000 r19=00000000 
r20=00000000 r21=00000000 r22=00000000 r23=00000000 
r24=00000000 r25=00000000 r26=00000000 r27=00000000 
r28=0000000f r29=0000000f r30=0000000f r31=00000000 

r 0=00000000 r 1=00003002 r 2=000effff r 3=00003000 
r 4=00000001 r 5=00000002 r 6=00000000 r 7=000000f0 
r 8=00000000 r 9=00000000 r10=00000000 r11=0000000f 
r12=00000000 r13=00000000 r14=00000000 r15=00000000 
r16=00000000 r17=00000000 r18=00000000 r19=00000000 
r20=00000000 r21=00000000 r22=00000000 r23=00000000 
r24=00000000 r25=00000000 r26=00000000 r27=00000000 
r28=0000000f r29=0000000f r30=0000000f r31=00000000 

r 0=00000000 r 1=00003002 r 2=000effff r 3=00003000 
r 4=00000001 r 5=00000002 r 6=00000000 r 7=000000f0 
r 8=00000000 r 9=00000000 r10=00000000 r11=0000000f 
r12=00000000 r13=00000000 r14=00000000 r15=00000000 
r16=00000000 r17=00000000 r18=00000000 r19=00000000 
r20=00000000 r21=00000000 r22=00000000 r23=00000000 
r24=00000000 r25=00000000 r26=00000000 r27=00000000 
r28=0000000f r29=0000000f r30=0000000f r31=00000000 

r 0=00000000 r 1=00003002 r 2=000effff r 3=00003000 
r 4=00000001 r 5=00000002 r 6=00000000 r 7=000000f0 
r 8=00000000 r 9=00000000 r10=00000000 r11=0000000f 
r12=00000000 r13=00000000 r14=00000000 r15=00000000 
r16=00000000 r17=00000000 r18=00000000 r19=00000000 
r20=00000000 r21=00000000 r22=00000000 r23=00000000 
r24=00000000 r25=00000000 r26=00000000 r27=00000000 
r28=0000000f r29=0000000f r30=0000000f r31=00000000 

r 0=00000000 r 1=00003002 r 2=000effff r 3=00003000 
r 4=00000002 r 5=00000002 r 6=00000000 r 7=000000f0 
r 8=00000000 r 9=00000000 r10=00000000 r11=0000000f 
r12=00000000 r13=00000000 r14=00000000 r15=00000000 
r16=00000000 r17=00000000 r18=00000000 r19=00000000 
r20=00000000 r21=00000000 r22=00000000 r23=00000000 
r24=00000000 r25=00000000 r26=00000000 r27=00000000 
r28=0000000f r29=0000000f r30=0000000f r31=00000000 

r 0=00000000 r 1=00003002 r 2=000effff r 3=00003000 
r 4=00000002 r 5=00000002 r 6=00000000 r 7=000000f0 
r 8=00000000 r 9=00000000 r10=00000000 r11=0000000f 
r12=00000000 r13=00000000 r14=00000000 r15=00000000 
r16=00000000 r17=00000000 r18=00000000 r19=00000000 
r20=00000000 r21=00000000 r22=00000000 r23=00000000 
r24=00000000 r25=00000000 r26=00000000 r27=00000000 
r28=0000000f r29=0000000f r30=0000000f r31=00000000 

r 0=00000000 r 1=00003002 r 2=000effff r 3=00003000 
r 4=00000002 r 5=00000002 r 6=00000000 r 7=000000f0 
r 8=00000000 r 9=00000000 r10=00000000 r11=0000000f 
r12=00000000 r13=00000000 r14=00000000 r15=00000000 
r16=00000000 r17=00000000 r18=00000000 r19=00000000 
r20=00000000 r21=00000000 r22=00000000 r23=00000000 
r24=00000000 r25=00000000 r26=00000000 r27=00000000 
r28=0000000f r29=0000000f r30=0000000f r31=00000000 

r 0=00000000 r 1=00003002 r 2=000effff r 3=00003000 
r 4=00000002 r 5=00000002 r 6=00000000 r 7=000000f0 
r 8=00000000 r 9=00000000 r10=00000000 r11=00000010 
r12=00000000 r13=00000000 r14=00000000 r15=00000000 
r16=00000000 r17=00000000 r18=00000000 r19=00000000 
r20=00000000 r21=00000000 r22=00000000 r23=00000000 
r24=00000000 r25=00000000 r26=00000000 r27=00000000 
r28=0000000f r29=0000000f r30=0000000f r31=00000000 

r 0=00000000 r 1=00003002 r 2=000effff r 3=00003000 
r 4=00000000 r 5=00000002 r 6=00000000 r 7=000000f0 
r 8=00000000 r 9=00000000 r10=00000000 r11=00000010 
r12=00000000 r13=00000000 r14=00000000 r15=00000000 
r16=00000000 r17=00000000 r18=00000000 r19=00000000 
r20=00000000 r21=00000000 r22=00000000 r23=00000000 
r24=00000000 r25=00000000 r26=00000000 r27=00000000 
r28=0000000f r29=0000000f r30=0000000f r31=00000000 

r 0=00000000 r 1=00003002 r 2=000effff r 3=00003000 
r 4=00000000 r 5=00000002 r 6=00000000 r 7=000000f0 
r 8=00000000 r 9=00000000 r10=00000000 r11=00000010 
r12=00000000 r13=00000000 r14=00000000 r15=00000000 
r16=00000000 r17=00000000 r18=00000000 r19=00000000 
r20=00000000 r21=00000000 r22=00000000 r23=00000000 
r24=00000000 r25=00000000 r26=00000000 r27=00000000 
r28=0000000f r29=0000000f r30=0000000f r31=00000000 

r 0=00000000 r 1=00003002 r 2=000effff r 3=00003000 
r 4=00000000 r 5=00000002 r 6=00000000 r 7=000000f0 
r 8=00000000 r 9=00000000 r10=00000000 r11=00000010 
r12=00000000 r13=00000000 r14=00000000 r15=00000000 
r16=00000000 r17=00000000 r18=00000000 r19=00000000 
r20=00000000 r21=00000000 r22=00000000 r23=00000000 
r24=00000000 r25=00000000 r26=00000000 r27=00000000 
r28=0000000f r29=0000000f r30=0000000f r31=00000000 

r 0=00000000 r 1=00003000 r 2=000effff r 3=00003000 
r 4=00000000 r 5=00000002 r 6=00000000 r 7=000000f0 
r 8=00000000 r 9=00000000 r10=00000000 r11=00000010 
r12=00000000 r13=00000000 r14=00000000 r15=00000000 
r16=00000000 r17=00000000 r18=00000000 r19=00000000 
r20=00000000 r21=00000000 r22=00000000 r23=00000000 
r24=00000000 r25=00000000 r26=00000000 r27=00000000 
r28=0000000f r29=0000000f r30=0000000f r31=00000000 

r 0=00000000 r 1=00003000 r 2=000effff r 3=00003000 
r 4=00000000 r 5=00000002 r 6=00000000 r 7=000000f0 
r 8=00000000 r 9=00000000 r10=00000000 r11=00000010 
r12=00000000 r13=00000000 r14=00000000 r15=00000000 
r16=00000000 r17=00000000 r18=00000000 r19=00000000 
r20=00000000 r21=00000000 r22=00000000 r23=00000000 
r24=00000000 r25=00000000 r26=00000000 r27=00000000 
r28=0000000f r29=0000000f r30=0000000f r31=00000000 

r 0=00000000 r 1=00003000 r 2=000effff r 3=00003000 
r 4=00000000 r 5=00000002 r 6=00000000 r 7=000000f0 
r 8=00000000 r 9=00000000 r10=00000000 r11=00000010 
r12=00000000 r13=00000000 r14=00000000 r15=00000000 
r16=00000000 r17=00000000 r18=00000000 r19=00000000 
r20=00000000 r21=00000000 r22=00000000 r23=00000000 
r24=00000000 r25=00000000 r26=00000000 r27=00000000 
r28=0000000f r29=0000000f r30=00000000 r31=00000000 

r 0=00000000 r 1=00003000 r 2=000effff r 3=00003000 
r 4=00000000 r 5=00000002 r 6=00000000 r 7=000000f0 
r 8=00000000 r 9=00000000 r10=00000000 r11=00000010 
r12=00000000 r13=00000000 r14=00000000 r15=00000000 
r16=00000000 r17=00000000 r18=00000000 r19=00000000 
r20=00000000 r21=00000000 r22=00000000 r23=00000000 
r24=00000000 r25=00000000 r26=00000000 r27=00000000 
r28=0000000f r29=00000000 r30=00000000 r31=00000000 

r 0=00000000 r 1=00003000 r 2=000effff r 3=00003000 
r 4=00000000 r 5=00000002 r 6=00000000 r 7=000000f0 
r 8=00000000 r 9=00000000 r10=00000000 r11=00000010 
r12=00000000 r13=00000000 r14=00000000 r15=00000000 
r16=00000000 r17=00000000 r18=00000000 r19=00000000 
r20=00000000 r21=00000000 r22=00000000 r23=00000000 
r24=00000000 r25=00000000 r26=00000000 r27=00000000 
r28=0000000f r29=00000000 r30=00000000 r31=00000000 

r 0=00000000 r 1=00003000 r 2=000effff r 3=00003000 
r 4=00000001 r 5=00000002 r 6=00000000 r 7=000000f0 
r 8=00000000 r 9=00000000 r10=00000000 r11=00000010 
r12=00000000 r13=00000000 r14=00000000 r15=00000000 
r16=00000000 r17=00000000 r18=00000000 r19=00000000 
r20=00000000 r21=00000000 r22=00000000 r23=00000000 
r24=00000000 r25=00000000 r26=00000000 r27=00000000 
r28=0000000f r29=00000000 r30=00000000 r31=00000000 

r 0=00000000 r 1=00003000 r 2=000effff r 3=00003000 
r 4=00000001 r 5=00000002 r 6=00000000 r 7=000000f0 
r 8=00000000 r 9=00000000 r10=00000000 r11=00000010 
r12=00000000 r13=00000000 r14=00000000 r15=00000000 
r16=00000000 r17=00000000 r18=00000000 r19=00000000 
r20=00000000 r21=00000000 r22=00000000 r23=00000000 
r24=00000000 r25=00000000 r26=00000000 r27=00000000 
r28=0000000f r29=00000000 r30=00000000 r31=00000000 

r 0=00000000 r 1=00003000 r 2=000effff r 3=00003000 
r 4=00000001 r 5=00000002 r 6=00000000 r 7=000000f0 
r 8=00000000 r 9=00000000 r10=00000000 r11=00000010 
r12=00000000 r13=00000000 r14=00000000 r15=00000000 
r16=00000000 r17=00000000 r18=00000000 r19=00000000 
r20=00000000 r21=00000000 r22=00000000 r23=00000000 
r24=00000000 r25=00000000 r26=00000000 r27=00000000 
r28=0000000f r29=00000000 r30=00000000 r31=00000000 

r 0=00000000 r 1=00003000 r 2=000effff r 3=00003000 
r 4=00000001 r 5=00000002 r 6=00000000 r 7=000000f0 
r 8=00000000 r 9=00000000 r10=00000000 r11=00000010 
r12=00000000 r13=00000000 r14=00000000 r15=00000000 
r16=00000000 r17=00000000 r18=00000000 r19=00000000 
r20=00000000 r21=00000000 r22=00000000 r23=00000000 
r24=00000000 r25=00000000 r26=00000000 r27=00000000 
r28=0000000f r29=00000000 r30=00000000 r31=00000000 

r 0=00000000 r 1=00003000 r 2=000effff r 3=00003000 
r 4=00000001 r 5=00000002 r 6=00000000 r 7=000000f0 
r 8=00000000 r 9=00000000 r10=00000000 r11=00000010 
r12=00000000 r13=00000000 r14=00000000 r15=00000000 
r16=00000000 r17=00000000 r18=00000000 r19=00000000 
r20=00000000 r21=00000000 r22=00000000 r23=00000000 
r24=00000000 r25=00000000 r26=00000000 r27=00000000 
r28=0000000f r29=00000000 r30=00000000 r31=00000000 

r 0=00000000 r 1=00003000 r 2=000effff r 3=00003000 
r 4=00000001 r 5=00000002 r 6=00000000 r 7=000000f0 
r 8=00000000 r 9=00000000 r10=00000000 r11=00000010 
r12=00000000 r13=00000000 r14=00000000 r15=00000000 
r16=00000000 r17=00000000 r18=00000000 r19=00000000 
r20=00000000 r21=00000000 r22=00000000 r23=00000000 
r24=00000000 r25=00000000 r26=00000000 r27=00000000 
r28=0000000f r29=00000000 r30=00000000 r31=00000000 

r 0=00000000 r 1=00003000 r 2=000effff r 3=00003000 
r 4=00000001 r 5=00000002 r 6=00000000 r 7=000000f0 
r 8=00000000 r 9=00000000 r10=00000000 r11=00000010 
r12=00000000 r13=00000000 r14=00000000 r15=00000000 
r16=00000000 r17=00000000 r18=00000000 r19=00000000 
r20=00000000 r21=00000000 r22=00000000 r23=00000000 
r24=00000000 r25=00000000 r26=00000000 r27=00000000 
r28=0000000f r29=00000000 r30=00000000 r31=00000000 

r 0=00000000 r 1=00003000 r 2=000effff r 3=00003000 
r 4=00000001 r 5=00000002 r 6=00000000 r 7=000000f0 
r 8=00000000 r 9=00000000 r10=00000000 r11=00000010 
r12=00000000 r13=00000000 r14=00000000 r15=00000000 
r16=00000000 r17=00000000 r18=00000000 r19=00000000 
r20=00000000 r21=00000000 r22=00000000 r23=00000000 
r24=00000000 r25=00000000 r26=00000000 r27=00000000 
r28=0000000f r29=00000000 r30=00000000 r31=00000000 

r 0=00000000 r 1=00003000 r 2=000effff r 3=00003000 
r 4=00000001 r 5=00000002 r 6=00000000 r 7=000000f0 
r 8=00000000 r 9=00000000 r10=00000000 r11=00000010 
r12=00000000 r13=00000000 r14=00000000 r15=00000000 
r16=00000000 r17=00000000 r18=00000000 r19=00000000 
r20=00000000 r21=00000000 r22=00000000 r23=00000000 
r24=00000000 r25=00000000 r26=00000000 r27=00000000 
r28=0000000f r29=00000000 r30=00000000 r31=00000000 

r 0=00000000 r 1=00003000 r 2=000effff r 3=00003000 
r 4=00000001 r 5=00000002 r 6=00000000 r 7=000000f0 
r 8=00000000 r 9=00000000 r10=00000000 r11=00000010 
r12=00000000 r13=00000000 r14=00000000 r15=00000000 
r16=00000000 r17=00000000 r18=00000000 r19=00000000 
r20=00000000 r21=00000000 r22=00000000 r23=00000000 
r24=00000000 r25=00000000 r26=00000000 r27=00000000 
r28=0000000f r29=00000000 r30=00000000 r31=00000000 

r 0=00000000 r 1=00003000 r 2=000effff r 3=00003000 
r 4=00000002 r 5=00000002 r 6=00000000 r 7=000000f0 
r 8=00000000 r 9=00000000 r10=00000000 r11=00000010 
r12=00000000 r13=00000000 r14=00000000 r15=00000000 
r16=00000000 r17=00000000 r18=00000000 r19=00000000 
r20=00000000 r21=00000000 r22=00000000 r23=00000000 
r24=00000000 r25=00000000 r26=00000000 r27=00000000 
r28=0000000f r29=00000000 r30=00000000 r31=00000000 

r 0=00000000 r 1=00003000 r 2=000effff r 3=00003000 
r 4=00000002 r 5=00000002 r 6=00000000 r 7=000000f0 
r 8=00000000 r 9=00000000 r10=00000000 r11=00000010 
r12=00000000 r13=00000000 r14=00000000 r15=00000000 
r16=00000000 r17=00000000 r18=00000000 r19=00000000 
r20=00000000 r21=00000000 r22=00000000 r23=00000000 
r24=00000000 r25=00000000 r26=00000000 r27=00000000 
r28=0000000f r29=00000000 r30=00000000 r31=00000000 

r 0=00000000 r 1=00003000 r 2=000effff r 3=00003000 
r 4=00000002 r 5=00000002 r 6=00000000 r 7=000000f0 
r 8=00000000 r 9=00000000 r10=00000000 r11=00000010 
r12=00000000 r13=00000000 r14=00000000 r15=00000000 
r16=00000000 r17=00000000 r18=00000000 r19=00000000 
r20=00000000 r21=00000000 r22=00000000 r23=00000000 
r24=00000000 r25=00000000 r26=00000000 r27=00000000 
r28=0000000f r29=00000000 r30=00000000 r31=00000000 

r 0=00000000 r 1=00003000 r 2=000effff r 3=00003000 
r 4=00000002 r 5=00000002 r 6=00000000 r 7=000000f0 
r 8=00000000 r 9=00000000 r10=00000000 r11=00000011 
r12=00000000 r13=00000000 r14=00000000 r15=00000000 
r16=00000000 r17=00000000 r18=00000000 r19=00000000 
r20=00000000 r21=00000000 r22=00000000 r23=00000000 
r24=00000000 r25=00000000 r26=00000000 r27=00000000 
r28=0000000f r29=00000000 r30=00000000 r31=00000000 

r 0=00000000 r 1=00003000 r 2=000effff r 3=00003000 
r 4=00000002 r 5=00003000 r 6=00000000 r 7=000000f0 
r 8=00000000 r 9=00000000 r10=00000000 r11=00000011 
r12=00000000 r13=00000000 r14=00000000 r15=00000000 
r16=00000000 r17=00000000 r18=00000000 r19=00000000 
r20=00000000 r21=00000000 r22=00000000 r23=00000000 
r24=00000000 r25=00000000 r26=00000000 r27=00000000 
r28=0000000f r29=00000000 r30=00000000 r31=00000000 

r 0=00000000 r 1=00003000 r 2=ffffffff r 3=00003000 
r 4=00000002 r 5=00003000 r 6=00000000 r 7=000000f0 
r 8=00000000 r 9=00000000 r10=00000000 r11=00000011 
r12=00000000 r13=00000000 r14=00000000 r15=00000000 
r16=00000000 r17=00000000 r18=00000000 r19=00000000 
r20=00000000 r21=00000000 r22=00000000 r23=00000000 
r24=00000000 r25=00000000 r26=00000000 r27=00000000 
r28=0000000f r29=00000000 r30=00000000 r31=00000000 

r 0=00000000 r 1=00003000 r 2=00000002 r 3=00003000 
r 4=00000002 r 5=00003000 r 6=00000000 r 7=000000f0 
r 8=00000000 r 9=00000000 r10=00000000 r11=00000011 
r12=00000000 r13=00000000 r14=00000000 r15=00000000 
r16=00000000 r17=00000000 r18=00000000 r19=00000000 
r20=00000000 r21=00000000 r22=00000000 r23=00000000 
r24=00000000 r25=00000000 r26=00000000 r27=00000000 
r28=0000000f r29=00000000 r30=00000000 r31=00000000 

r 0=00000000 r 1=00003000 r 2=00000002 r 3=00003000 
r 4=00000002 r 5=00003000 r 6=00000000 r 7=000000f0 
r 8=00000000 r 9=00000000 r10=00000000 r11=00000011 
r12=00000000 r13=00000000 r14=00000000 r15=00000000 
r16=00000000 r17=00000000 r18=00000000 r19=00000000 
r20=00000000 r21=00000000 r22=00000000 r23=00000000 
r24=00000000 r25=00000000 r26=00000000 r27=00000000 
r28=0000000f r29=00000002 r30=00000000 r31=00000000 

r 0=00000000 r 1=00003000 r 2=00000002 r 3=00003000 
r 4=00000002 r 5=00003000 r 6=00000000 r 7=000000f0 
r 8=00000000 r 9=00000000 r10=00000000 r11=00000011 
r12=00000000 r13=00000000 r14=00000000 r15=00000000 
r16=00000000 r17=00000000 r18=00000000 r19=00000000 
r20=00000000 r21=00000000 r22=00000000 r23=00000000 
r24=00000000 r25=00000000 r26=00000000 r27=00000000 
r28=0000000f r29=00000002 r30=00000000 r31=00000000 

r 0=00000000 r 1=00003000 r 2=00000002 r 3=00003000 
r 4=00000002 r 5=00003000 r 6=00000000 r 7=000000f0 
r 8=00000000 r 9=00000000 r10=00000000 r11=00000012 
r12=00000000 r13=00000000 r14=00000000 r15=00000000 
r16=00000000 r17=00000000 r18=00000000 r19=00000000 
r20=00000000 r21=00000000 r22=00000000 r23=00000000 
r24=00000000 r25=00000000 r26=00000000 r27=00000000 
r28=0000000f r29=00000002 r30=00000000 r31=00000000 

r 0=00000000 r 1=00003000 r 2=00000002 r 3=00003000 
r 4=00000002 r 5=00003000 r 6=00000000 r 7=000000f0 
r 8=00000000 r 9=00000000 r10=00000000 r11=00000012 
r12=00000000 r13=00000000 r14=00000000 r15=00000000 
r16=00000000 r17=00000000 r18=00000000 r19=00000000 
r20=00000000 r21=00000000 r22=00000000 r23=00000000 
r24=00000000 r25=00000000 r26=00000000 r27=00000000 
r28=0000000f r29=00000002 r30=00000000 r31=00000000 

r 0=00000000 r 1=00003000 r 2=ffffffff r 3=00003000 
r 4=00000002 r 5=00003000 r 6=00000000 r 7=000000f0 
r 8=00000000 r 9=00000000 r10=00000000 r11=00000012 
r12=00000000 r13=00000000 r14=00000000 r15=00000000 
r16=00000000 r17=00000000 r18=00000000 r19=00000000 
r20=00000000 r21=00000000 r22=00000000 r23=00000000 
r24=00000000 r25=00000000 r26=00000000 r27=00000000 
r28=0000000f r29=00000002 r30=00000000 r31=00000000 

r 0=00000000 r 1=00003000 r 2=ffffffff r 3=00003000 
r 4=00000002 r 5=00003000 r 6=00000000 r 7=000000f0 
r 8=00000000 r 9=00000000 r10=00000000 r11=00000012 
r12=00000000 r13=00000000 r14=00000000 r15=00000000 
r16=00000000 r17=00000000 r18=00000000 r19=00000000 
r20=00000000 r21=00000000 r22=00000000 r23=00000000 
r24=00000000 r25=00000000 r26=00000000 r27=00000000 
r28=0000000f r29=00000002 r30=00000000 r31=00000000 

r 0=00000000 r 1=00003000 r 2=00000002 r 3=00003000 
r 4=00000002 r 5=00003000 r 6=00000000 r 7=000000f0 
r 8=00000000 r 9=00000000 r10=00000000 r11=00000012 
r12=00000000 r13=00000000 r14=00000000 r15=00000000 
r16=00000000 r17=00000000 r18=00000000 r19=00000000 
r20=00000000 r21=00000000 r22=00000000 r23=00000000 
r24=00000000 r25=00000000 r26=00000000 r27=00000000 
r28=0000000f r29=00000002 r30=00000000 r31=00000000 

r 0=00000000 r 1=00003000 r 2=00000002 r 3=00003000 
r 4=00000002 r 5=00003000 r 6=00000000 r 7=000000f0 
r 8=00000000 r 9=00000000 r10=00000000 r11=00000012 
r12=00000000 r13=00000000 r14=00000000 r15=00000000 
r16=00000000 r17=00000000 r18=00000000 r19=00000000 
r20=00000000 r21=00000000 r22=00000000 r23=00000000 
r24=00000000 r25=00000000 r26=00000000 r27=00000000 
r28=0000000f r29=00000002 r30=00000000 r31=00000000 

r 0=00000000 r 1=00003000 r 2=00000002 r 3=00003000 
r 4=00000002 r 5=00003000 r 6=00000000 r 7=000000f0 
r 8=00000000 r 9=00000000 r10=00000000 r11=00000012 
r12=00000000 r13=00000000 r14=00000000 r15=00000000 
r16=00000000 r17=00000000 r18=00000000 r19=00000000 
r20=00000000 r21=00000000 r22=00000000 r23=00000000 
r24=00000000 r25=00000000 r26=00000000 r27=00000000 
r28=0000000f r29=00000002 r30=00000000 r31=00000000 

r 0=00000000 r 1=00003000 r 2=00000002 r 3=00003000 
r 4=00000002 r 5=00003000 r 6=00000000 r 7=000000f0 
r 8=00000000 r 9=00000000 r10=0000000a r11=00000012 
r12=00000000 r13=00000000 r14=00000000 r15=00000000 
r16=00000000 r17=00000000 r18=00000000 r19=00000000 
r20=00000000 r21=00000000 r22=00000000 r23=00000000 
r24=00000000 r25=00000000 r26=00000000 r27=00000000 
r28=0000000f r29=00000002 r30=00000000 r31=00000000 

exiting the simulator
