r 0=00000000 r 1=00000000 r 2=000effff r 3=00003000 
r 4=00000000 r 5=00000000 r 6=00000000 r 7=00000000 
r 8=00000000 r 9=00000000 r10=00000000 r11=00000001 
r12=00000000 r13=00000000 r14=00000000 r15=00000000 
r16=00000000 r17=00000000 r18=00000000 r19=00000000 
r20=00000000 r21=00000000 r22=00000000 r23=00000000 
r24=00000000 r25=00000000 r26=00000000 r27=00000000 
r28=00000000 r29=00000000 r30=00000000 r31=00000000 

r 0=00000000 r 1=00000001 r 2=000effff r 3=00003000 
r 4=00000000 r 5=00000000 r 6=00000000 r 7=00000000 
r 8=00000000 r 9=00000000 r10=00000000 r11=00000001 
r12=00000000 r13=00000000 r14=00000000 r15=00000000 
r16=00000000 r17=00000000 r18=00000000 r19=00000000 
r20=00000000 r21=00000000 r22=00000000 r23=00000000 
r24=00000000 r25=00000000 r26=00000000 r27=00000000 
r28=00000000 r29=00000000 r30=00000000 r31=00000000 

r 0=00000000 r 1=00000001 r 2=000effff r 3=00003000 
r 4=00000000 r 5=00000000 r 6=00000000 r 7=00000000 
r 8=00000000 r 9=00000000 r10=00000000 r11=00000001 
r12=00000000 r13=00000000 r14=00000000 r15=00000000 
r16=00000000 r17=00000000 r18=00000000 r19=00000000 
r20=00000000 r21=00000000 r22=00000000 r23=00000000 
r24=00000000 r25=00000000 r26=00000000 r27=00000000 
r28=00000000 r29=00000000 r30=00000001 r31=00000000 

r 0=00000000 r 1=00000001 r 2=000effff r 3=00003000 
r 4=00000000 r 5=00000000 r 6=00000000 r 7=00000000 
r 8=00000000 r 9=00000000 r10=00000000 r11=00000001 
r12=00000000 r13=00000000 r14=00000000 r15=00000000 
r16=00000000 r17=00000000 r18=00000000 r19=00000000 
r20=00000000 r21=00000000 r22=00000000 r23=00000000 
r24=00000000 r25=00000000 r26=00000000 r27=00000000 
r28=00000000 r29=00000001 r30=00000001 r31=00000000 

r 0=00000000 r 1=00000001 r 2=000effff r 3=00003000 
r 4=00000000 r 5=00000000 r 6=00000000 r 7=00000000 
r 8=00000000 r 9=00000000 r10=00000000 r11=00000001 
r12=00000000 r13=00000000 r14=00000000 r15=00000000 
r16=00000000 r17=00000000 r18=00000000 r19=00000000 
r20=00000000 r21=00000000 r22=00000000 r23=00000000 
r24=00000000 r25=00000000 r26=00000000 r27=00000000 
r28=00000000 r29=00000001 r30=00000001 r31=00000000 

r 0=00000000 r 1=00000001 r 2=000effff r 3=00003000 
r 4=00000000 r 5=00000000 r 6=00000000 r 7=00000000 
r 8=00000000 r 9=00000000 r10=00000000 r11=00000002 
r12=00000000 r13=00000000 r14=00000000 r15=00000000 
r16=00000000 r17=00000000 r18=00000000 r19=00000000 
r20=00000000 r21=00000000 r22=00000000 r23=00000000 
r24=00000000 r25=00000000 r26=00000000 r27=00000000 
r28=00000000 r29=00000001 r30=00000001 r31=00000000 

r 0=00000000 r 1=00000001 r 2=000effff r 3=00003000 
r 4=00000000 r 5=00000000 r 6=00000000 r 7=00000000 
r 8=00000000 r 9=00000000 r10=00000000 r11=00000002 
r12=00000000 r13=00000000 r14=00000000 r15=00000000 
r16=00000000 r17=00000000 r18=00000000 r19=00000000 
r20=00000000 r21=00000000 r22=00000000 r23=00000000 
r24=00000000 r25=00000000 r26=00000000 r27=00000000 
r28=00000000 r29=00000001 r30=00000001 r31=00000000 

r 0=00000000 r 1=00000001 r 2=000effff r 3=00003000 
r 4=00000000 r 5=00000000 r 6=00000000 r 7=00000000 
r 8=00000000 r 9=00000000 r10=00000000 r11=00000002 
r12=00000000 r13=00000000 r14=00000000 r15=00000000 
r16=00000000 r17=00000000 r18=00000000 r19=00000000 
r20=00000000 r21=00000000 r22=00000000 r23=00000000 
r24=00000000 r25=00000000 r26=00000000 r27=00000000 
r28=00000000 r29=00000001 r30=00000002 r31=00000000 

r 0=00000000 r 1=00000001 r 2=000effff r 3=00003000 
r 4=00000000 r 5=00000000 r 6=00000000 r 7=00000000 
r 8=00000000 r 9=00000000 r10=00000000 r11=00000002 
r12=00000000 r13=00000000 r14=00000000 r15=00000000 
r16=00000000 r17=00000000 r18=00000000 r19=00000000 
r20=00000000 r21=00000000 r22=00000000 r23=00000000 
r24=00000000 r25=00000000 r26=00000000 r27=00000000 
r28=00000000 r29=00000002 r30=00000002 r31=00000000 

r 0=00000000 r 1=00000001 r 2=000effff r 3=00003000 
r 4=00000000 r 5=00000000 r 6=00000000 r 7=00000000 
r 8=00000000 r 9=00000000 r10=00000000 r11=00000002 
r12=00000000 r13=00000000 r14=00000000 r15=00000000 
r16=00000000 r17=00000000 r18=00000000 r19=00000000 
r20=00000000 r21=00000000 r22=00000000 r23=00000000 
r24=00000000 r25=00000000 r26=00000000 r27=00000000 
r28=00000000 r29=00000002 r30=00000002 r31=00000000 

r 0=00000000 r 1=00000001 r 2=000effff r 3=00003000 
r 4=00000000 r 5=00000000 r 6=00000000 r 7=00000000 
r 8=00000000 r 9=00000000 r10=00000000 r11=00000003 
r12=00000000 r13=00000000 r14=00000000 r15=00000000 
r16=00000000 r17=00000000 r18=00000000 r19=00000000 
r20=00000000 r21=00000000 r22=00000000 r23=00000000 
r24=00000000 r25=00000000 r26=00000000 r27=00000000 
r28=00000000 r29=00000002 r30=00000002 r31=00000000 

r 0=00000000 r 1=00000001 r 2=000effff r 3=00003000 
r 4=00000000 r 5=00000000 r 6=00000000 r 7=00000000 
r 8=00000000 r 9=00000000 r10=00000000 r11=00000003 
r12=00000000 r13=00000000 r14=00000000 r15=00000000 
r16=00000000 r17=00000000 r18=00000000 r19=00000000 
r20=00000000 r21=00000000 r22=00000000 r23=00000000 
r24=00000000 r25=00000000 r26=00000000 r27=00000000 
r28=00000000 r29=00000002 r30=00000002 r31=00000000 

r 0=00000000 r 1=00000001 r 2=000effff r 3=00003000 
r 4=00000000 r 5=00000000 r 6=00000000 r 7=00000000 
r 8=00000000 r 9=00000000 r10=00000000 r11=00000003 
r12=00000000 r13=00000000 r14=00000000 r15=00000000 
r16=00000000 r17=00000000 r18=00000000 r19=00000000 
r20=00000000 r21=00000000 r22=00000000 r23=00000000 
r24=00000000 r25=00000000 r26=00000000 r27=00000000 
r28=00000000 r29=00000002 r30=00000080 r31=00000000 

r 0=00000000 r 1=00000001 r 2=000effff r 3=00003000 
r 4=00000000 r 5=00000000 r 6=00000000 r 7=00000000 
r 8=00000000 r 9=00000000 r10=00000000 r11=00000003 
r12=00000000 r13=00000000 r14=00000000 r15=00000000 
r16=00000000 r17=00000000 r18=00000000 r19=00000000 
r20=00000000 r21=00000000 r22=00000000 r23=00000000 
r24=00000000 r25=00000000 r26=00000000 r27=00000000 
r28=00000000 r29=00000080 r30=00000080 r31=00000000 

r 0=00000000 r 1=00000001 r 2=000effff r 3=00003000 
r 4=00000000 r 5=00000000 r 6=00000000 r 7=00000000 
r 8=00000000 r 9=00000000 r10=00000000 r11=00000003 
r12=00000000 r13=00000000 r14=00000000 r15=00000000 
r16=00000000 r17=00000000 r18=00000000 r19=00000000 
r20=00000000 r21=00000000 r22=00000000 r23=00000000 
r24=00000000 r25=00000000 r26=00000000 r27=00000000 
r28=00000000 r29=00000080 r30=00000080 r31=00000000 

r 0=00000000 r 1=00000001 r 2=000effff r 3=00003000 
r 4=00000000 r 5=00000000 r 6=00000000 r 7=00000000 
r 8=00000000 r 9=00000000 r10=00000000 r11=00000004 
r12=00000000 r13=00000000 r14=00000000 r15=00000000 
r16=00000000 r17=00000000 r18=00000000 r19=00000000 
r20=00000000 r21=00000000 r22=00000000 r23=00000000 
r24=00000000 r25=00000000 r26=00000000 r27=00000000 
r28=00000000 r29=00000080 r30=00000080 r31=00000000 

r 0=00000000 r 1=00000001 r 2=000effff r 3=00003000 
r 4=00000000 r 5=00000000 r 6=00000000 r 7=00000000 
r 8=00000000 r 9=00000000 r10=00000000 r11=00000004 
r12=00000000 r13=00000000 r14=00000000 r15=00000000 
r16=00000000 r17=00000000 r18=00000000 r19=00000000 
r20=00000000 r21=00000000 r22=00000000 r23=00000000 
r24=00000000 r25=00000000 r26=00000000 r27=00000000 
r28=00000000 r29=00000080 r30=00000080 r31=00000000 

r 0=00000000 r 1=00000001 r 2=000effff r 3=00003000 
r 4=00000000 r 5=00000000 r 6=00000000 r 7=00000000 
r 8=00000000 r 9=00000000 r10=00000000 r11=00000004 
r12=00000000 r13=00000000 r14=00000000 r15=00000000 
r16=00000000 r17=00000000 r18=00000000 r19=00000000 
r20=00000000 r21=00000000 r22=00000000 r23=00000000 
r24=00000000 r25=00000000 r26=00000000 r27=00000000 
r28=00000000 r29=00000080 r30=00004000 r31=00000000 

r 0=00000000 r 1=00000001 r 2=000effff r 3=00003000 
r 4=00000000 r 5=00000000 r 6=00000000 r 7=00000000 
r 8=00000000 r 9=00000000 r10=00000000 r11=00000004 
r12=00000000 r13=00000000 r14=00000000 r15=00000000 
r16=00000000 r17=00000000 r18=00000000 r19=00000000 
r20=00000000 r21=00000000 r22=00000000 r23=00000000 
r24=00000000 r25=00000000 r26=00000000 r27=00000000 
r28=00000000 r29=00004000 r30=00004000 r31=00000000 

r 0=00000000 r 1=00000001 r 2=000effff r 3=00003000 
r 4=00000000 r 5=00000000 r 6=00000000 r 7=00000000 
r 8=00000000 r 9=00000000 r10=00000000 r11=00000004 
r12=00000000 r13=00000000 r14=00000000 r15=00000000 
r16=00000000 r17=00000000 r18=00000000 r19=00000000 
r20=00000000 r21=00000000 r22=00000000 r23=00000000 
r24=00000000 r25=00000000 r26=00000000 r27=00000000 
r28=00000000 r29=00004000 r30=00004000 r31=00000000 

r 0=00000000 r 1=00000001 r 2=000effff r 3=00003000 
r 4=00000000 r 5=00000000 r 6=00000000 r 7=00000000 
r 8=00000000 r 9=00000000 r10=00000000 r11=00000004 
r12=00000000 r13=00000000 r14=00000000 r15=00000000 
r16=00000000 r17=00000000 r18=00000000 r19=00000000 
r20=00000000 r21=00000000 r22=00000000 r23=00000000 
r24=00000000 r25=00000000 r26=00000000 r27=00000000 
r28=00000000 r29=00004000 r30=00004000 r31=00000000 

r 0=00000000 r 1=00000001 r 2=000effff r 3=00003000 
r 4=00000000 r 5=00000000 r 6=00000000 r 7=00000000 
r 8=00000000 r 9=00000000 r10=00000000 r11=00000005 
r12=00000000 r13=00000000 r14=00000000 r15=00000000 
r16=00000000 r17=00000000 r18=00000000 r19=00000000 
r20=00000000 r21=00000000 r22=00000000 r23=00000000 
r24=00000000 r25=00000000 r26=00000000 r27=00000000 
r28=00000000 r29=00004000 r30=00004000 r31=00000000 

r 0=00000000 r 1=00000001 r 2=000effff r 3=00003000 
r 4=00000000 r 5=00000000 r 6=00000000 r 7=00000000 
r 8=00000000 r 9=00000000 r10=00000000 r11=00000005 
r12=00000000 r13=00000000 r14=00000000 r15=00000000 
r16=00000000 r17=00000000 r18=00000000 r19=00000000 
r20=00000000 r21=00000000 r22=00000000 r23=00000000 
r24=00000000 r25=00000000 r26=00000000 r27=00000000 
r28=00000000 r29=00004000 r30=00004000 r31=00000000 

r 0=00000000 r 1=00000001 r 2=000effff r 3=00003000 
r 4=00000000 r 5=00000000 r 6=00000000 r 7=00000000 
r 8=00000000 r 9=00000000 r10=00000000 r11=00000005 
r12=00000000 r13=00000000 r14=00000000 r15=00000000 
r16=00000000 r17=00000000 r18=00000000 r19=00000000 
r20=00000000 r21=00000000 r22=00000000 r23=00000000 
r24=00000000 r25=00000000 r26=00000000 r27=00000000 
r28=00000000 r29=00004000 r30=80000000 r31=00000000 

r 0=00000000 r 1=00000001 r 2=000effff r 3=00003000 
r 4=00000000 r 5=00000000 r 6=00000000 r 7=00000000 
r 8=00000000 r 9=00000000 r10=00000000 r11=00000005 
r12=00000000 r13=00000000 r14=00000000 r15=00000000 
r16=00000000 r17=00000000 r18=00000000 r19=00000000 
r20=00000000 r21=00000000 r22=00000000 r23=00000000 
r24=00000000 r25=00000000 r26=00000000 r27=00000000 
r28=00000000 r29=80000000 r30=80000000 r31=00000000 

r 0=00000000 r 1=00000001 r 2=000effff r 3=00003000 
r 4=00000000 r 5=00000000 r 6=00000000 r 7=00000000 
r 8=00000000 r 9=00000000 r10=00000000 r11=00000005 
r12=00000000 r13=00000000 r14=00000000 r15=00000000 
r16=00000000 r17=00000000 r18=00000000 r19=00000000 
r20=00000000 r21=00000000 r22=00000000 r23=00000000 
r24=00000000 r25=00000000 r26=00000000 r27=00000000 
r28=00000000 r29=80000000 r30=80000000 r31=00000000 

r 0=00000000 r 1=00000001 r 2=000effff r 3=00003000 
r 4=00000000 r 5=00000000 r 6=00000000 r 7=00000000 
r 8=00000000 r 9=00000000 r10=00000000 r11=00000005 
r12=00000000 r13=00000000 r14=00000000 r15=00000000 
r16=00000000 r17=00000000 r18=00000000 r19=00000000 
r20=00000000 r21=00000000 r22=00000000 r23=00000000 
r24=00000000 r25=00000000 r26=00000000 r27=00000000 
r28=00000000 r29=80000000 r30=80000000 r31=00000000 

r 0=00000000 r 1=00000001 r 2=000effff r 3=00003000 
r 4=00000000 r 5=00000000 r 6=00000000 r 7=00000000 
r 8=00000000 r 9=00000000 r10=00000000 r11=00000006 
r12=00000000 r13=00000000 r14=00000000 r15=00000000 
r16=00000000 r17=00000000 r18=00000000 r19=00000000 
r20=00000000 r21=00000000 r22=00000000 r23=00000000 
r24=00000000 r25=00000000 r26=00000000 r27=00000000 
r28=00000000 r29=80000000 r30=80000000 r31=00000000 

r 0=00000000 r 1=ffffffff r 2=000effff r 3=00003000 
r 4=00000000 r 5=00000000 r 6=00000000 r 7=00000000 
r 8=00000000 r 9=00000000 r10=00000000 r11=00000006 
r12=00000000 r13=00000000 r14=00000000 r15=00000000 
r16=00000000 r17=00000000 r18=00000000 r19=00000000 
r20=00000000 r21=00000000 r22=00000000 r23=00000000 
r24=00000000 r25=00000000 r26=00000000 r27=00000000 
r28=00000000 r29=80000000 r30=80000000 r31=00000000 

r 0=00000000 r 1=ffffffff r 2=000effff r 3=00003000 
r 4=00000000 r 5=00000000 r 6=00000000 r 7=00000000 
r 8=00000000 r 9=00000000 r10=00000000 r11=00000006 
r12=00000000 r13=00000000 r14=00000000 r15=00000000 
r16=00000000 r17=00000000 r18=00000000 r19=00000000 
r20=00000000 r21=00000000 r22=00000000 r23=00000000 
r24=00000000 r25=00000000 r26=00000000 r27=00000000 
r28=00000000 r29=80000000 r30=ffffffff r31=00000000 

r 0=00000000 r 1=ffffffff r 2=000effff r 3=00003000 
r 4=00000000 r 5=00000000 r 6=00000000 r 7=00000000 
r 8=00000000 r 9=00000000 r10=00000000 r11=00000006 
r12=00000000 r13=00000000 r14=00000000 r15=00000000 
r16=00000000 r17=00000000 r18=00000000 r19=00000000 
r20=00000000 r21=00000000 r22=00000000 r23=00000000 
r24=00000000 r25=00000000 r26=00000000 r27=00000000 
r28=00000000 r29=ffffffff r30=ffffffff r31=00000000 

r 0=00000000 r 1=ffffffff r 2=000effff r 3=00003000 
r 4=00000000 r 5=00000000 r 6=00000000 r 7=00000000 
r 8=00000000 r 9=00000000 r10=00000000 r11=00000006 
r12=00000000 r13=00000000 r14=00000000 r15=00000000 
r16=00000000 r17=00000000 r18=00000000 r19=00000000 
r20=00000000 r21=00000000 r22=00000000 r23=00000000 
r24=00000000 r25=00000000 r26=00000000 r27=00000000 
r28=00000000 r29=ffffffff r30=ffffffff r31=00000000 

r 0=00000000 r 1=ffffffff r 2=000effff r 3=00003000 
r 4=00000000 r 5=00000000 r 6=00000000 r 7=00000000 
r 8=00000000 r 9=00000000 r10=00000000 r11=00000007 
r12=00000000 r13=00000000 r14=00000000 r15=00000000 
r16=00000000 r17=00000000 r18=00000000 r19=00000000 
r20=00000000 r21=00000000 r22=00000000 r23=00000000 
r24=00000000 r25=00000000 r26=00000000 r27=00000000 
r28=00000000 r29=ffffffff r30=ffffffff r31=00000000 

r 0=00000000 r 1=ffffffff r 2=000effff r 3=00003000 
r 4=00000000 r 5=00000000 r 6=00000000 r 7=00000000 
r 8=00000000 r 9=00000000 r10=00000000 r11=00000007 
r12=00000000 r13=00000000 r14=00000000 r15=00000000 
r16=00000000 r17=00000000 r18=00000000 r19=00000000 
r20=00000000 r21=00000000 r22=00000000 r23=00000000 
r24=00000000 r25=00000000 r26=00000000 r27=00000000 
r28=00000000 r29=ffffffff r30=ffffffff r31=00000000 

r 0=00000000 r 1=ffffffff r 2=000effff r 3=00003000 
r 4=00000000 r 5=00000000 r 6=00000000 r 7=00000000 
r 8=00000000 r 9=00000000 r10=00000000 r11=00000007 
r12=00000000 r13=00000000 r14=00000000 r15=00000000 
r16=00000000 r17=00000000 r18=00000000 r19=00000000 
r20=00000000 r21=00000000 r22=00000000 r23=00000000 
r24=00000000 r25=00000000 r26=00000000 r27=00000000 
r28=00000000 r29=ffffffff r30=fffffffe r31=00000000 

r 0=00000000 r 1=ffffffff r 2=000effff r 3=00003000 
r 4=00000000 r 5=00000000 r 6=00000000 r 7=00000000 
r 8=00000000 r 9=00000000 r10=00000000 r11=00000007 
r12=00000000 r13=00000000 r14=00000000 r15=00000000 
r16=00000000 r17=00000000 r18=00000000 r19=00000000 
r20=00000000 r21=00000000 r22=00000000 r23=00000000 
r24=00000000 r25=00000000 r26=00000000 r27=00000000 
r28=00000000 r29=fffffffe r30=fffffffe r31=00000000 

r 0=00000000 r 1=ffffffff r 2=000effff r 3=00003000 
r 4=00000000 r 5=00000000 r 6=00000000 r 7=00000000 
r 8=00000000 r 9=00000000 r10=00000000 r11=00000007 
r12=00000000 r13=00000000 r14=00000000 r15=00000000 
r16=00000000 r17=00000000 r18=00000000 r19=00000000 
r20=00000000 r21=00000000 r22=00000000 r23=00000000 
r24=00000000 r25=00000000 r26=00000000 r27=00000000 
r28=00000000 r29=fffffffe r30=fffffffe r31=00000000 

r 0=00000000 r 1=ffffffff r 2=000effff r 3=00003000 
r 4=00000000 r 5=00000000 r 6=00000000 r 7=00000000 
r 8=00000000 r 9=00000000 r10=00000000 r11=00000008 
r12=00000000 r13=00000000 r14=00000000 r15=00000000 
r16=00000000 r17=00000000 r18=00000000 r19=00000000 
r20=00000000 r21=00000000 r22=00000000 r23=00000000 
r24=00000000 r25=00000000 r26=00000000 r27=00000000 
r28=00000000 r29=fffffffe r30=fffffffe r31=00000000 

r 0=00000000 r 1=ffffffff r 2=000effff r 3=00003000 
r 4=00000000 r 5=00000000 r 6=00000000 r 7=00000000 
r 8=00000000 r 9=00000000 r10=00000000 r11=00000008 
r12=00000000 r13=00000000 r14=00000000 r15=00000000 
r16=00000000 r17=00000000 r18=00000000 r19=00000000 
r20=00000000 r21=00000000 r22=00000000 r23=00000000 
r24=00000000 r25=00000000 r26=00000000 r27=00000000 
r28=00000000 r29=fffffffe r30=fffffffe r31=00000000 

r 0=00000000 r 1=ffffffff r 2=000effff r 3=00003000 
r 4=00000000 r 5=00000000 r 6=00000000 r 7=00000000 
r 8=00000000 r 9=00000000 r10=00000000 r11=00000008 
r12=00000000 r13=00000000 r14=00000000 r15=00000000 
r16=00000000 r17=00000000 r18=00000000 r19=00000000 
r20=00000000 r21=00000000 r22=00000000 r23=00000000 
r24=00000000 r25=00000000 r26=00000000 r27=00000000 
r28=00000000 r29=fffffffe r30=ffffff80 r31=00000000 

r 0=00000000 r 1=ffffffff r 2=000effff r 3=00003000 
r 4=00000000 r 5=00000000 r 6=00000000 r 7=00000000 
r 8=00000000 r 9=00000000 r10=00000000 r11=00000008 
r12=00000000 r13=00000000 r14=00000000 r15=00000000 
r16=00000000 r17=00000000 r18=00000000 r19=00000000 
r20=00000000 r21=00000000 r22=00000000 r23=00000000 
r24=00000000 r25=00000000 r26=00000000 r27=00000000 
r28=00000000 r29=ffffff80 r30=ffffff80 r31=00000000 

r 0=00000000 r 1=ffffffff r 2=000effff r 3=00003000 
r 4=00000000 r 5=00000000 r 6=00000000 r 7=00000000 
r 8=00000000 r 9=00000000 r10=00000000 r11=00000008 
r12=00000000 r13=00000000 r14=00000000 r15=00000000 
r16=00000000 r17=00000000 r18=00000000 r19=00000000 
r20=00000000 r21=00000000 r22=00000000 r23=00000000 
r24=00000000 r25=00000000 r26=00000000 r27=00000000 
r28=00000000 r29=ffffff80 r30=ffffff80 r31=00000000 

r 0=00000000 r 1=ffffffff r 2=000effff r 3=00003000 
r 4=00000000 r 5=00000000 r 6=00000000 r 7=00000000 
r 8=00000000 r 9=00000000 r10=00000000 r11=00000009 
r12=00000000 r13=00000000 r14=00000000 r15=00000000 
r16=00000000 r17=00000000 r18=00000000 r19=00000000 
r20=00000000 r21=00000000 r22=00000000 r23=00000000 
r24=00000000 r25=00000000 r26=00000000 r27=00000000 
r28=00000000 r29=ffffff80 r30=ffffff80 r31=00000000 

r 0=00000000 r 1=ffffffff r 2=000effff r 3=00003000 
r 4=00000000 r 5=00000000 r 6=00000000 r 7=00000000 
r 8=00000000 r 9=00000000 r10=00000000 r11=00000009 
r12=00000000 r13=00000000 r14=00000000 r15=00000000 
r16=00000000 r17=00000000 r18=00000000 r19=00000000 
r20=00000000 r21=00000000 r22=00000000 r23=00000000 
r24=00000000 r25=00000000 r26=00000000 r27=00000000 
r28=00000000 r29=ffffff80 r30=ffffff80 r31=00000000 

r 0=00000000 r 1=ffffffff r 2=000effff r 3=00003000 
r 4=00000000 r 5=00000000 r 6=00000000 r 7=00000000 
r 8=00000000 r 9=00000000 r10=00000000 r11=00000009 
r12=00000000 r13=00000000 r14=00000000 r15=00000000 
r16=00000000 r17=00000000 r18=00000000 r19=00000000 
r20=00000000 r21=00000000 r22=00000000 r23=00000000 
r24=00000000 r25=00000000 r26=00000000 r27=00000000 
r28=00000000 r29=ffffff80 r30=ffffc000 r31=00000000 

r 0=00000000 r 1=ffffffff r 2=000effff r 3=00003000 
r 4=00000000 r 5=00000000 r 6=00000000 r 7=00000000 
r 8=00000000 r 9=00000000 r10=00000000 r11=00000009 
r12=00000000 r13=00000000 r14=00000000 r15=00000000 
r16=00000000 r17=00000000 r18=00000000 r19=00000000 
r20=00000000 r21=00000000 r22=00000000 r23=00000000 
r24=00000000 r25=00000000 r26=00000000 r27=00000000 
r28=00000000 r29=ffffc000 r30=ffffc000 r31=00000000 

r 0=00000000 r 1=ffffffff r 2=000effff r 3=00003000 
r 4=00000000 r 5=00000000 r 6=00000000 r 7=00000000 
r 8=00000000 r 9=00000000 r10=00000000 r11=00000009 
r12=00000000 r13=00000000 r14=00000000 r15=00000000 
r16=00000000 r17=00000000 r18=00000000 r19=00000000 
r20=00000000 r21=00000000 r22=00000000 r23=00000000 
r24=00000000 r25=00000000 r26=00000000 r27=00000000 
r28=00000000 r29=ffffc000 r30=ffffc000 r31=00000000 

r 0=00000000 r 1=ffffffff r 2=000effff r 3=00003000 
r 4=00000000 r 5=00000000 r 6=00000000 r 7=00000000 
r 8=00000000 r 9=00000000 r10=00000000 r11=00000009 
r12=00000000 r13=00000000 r14=00000000 r15=00000000 
r16=00000000 r17=00000000 r18=00000000 r19=00000000 
r20=00000000 r21=00000000 r22=00000000 r23=00000000 
r24=00000000 r25=00000000 r26=00000000 r27=00000000 
r28=00000000 r29=ffffc000 r30=ffffc000 r31=00000000 

r 0=00000000 r 1=ffffffff r 2=000effff r 3=00003000 
r 4=00000000 r 5=00000000 r 6=00000000 r 7=00000000 
r 8=00000000 r 9=00000000 r10=00000000 r11=0000000a 
r12=00000000 r13=00000000 r14=00000000 r15=00000000 
r16=00000000 r17=00000000 r18=00000000 r19=00000000 
r20=00000000 r21=00000000 r22=00000000 r23=00000000 
r24=00000000 r25=00000000 r26=00000000 r27=00000000 
r28=00000000 r29=ffffc000 r30=ffffc000 r31=00000000 

r 0=00000000 r 1=ffffffff r 2=000effff r 3=00003000 
r 4=00000000 r 5=00000000 r 6=00000000 r 7=00000000 
r 8=00000000 r 9=00000000 r10=00000000 r11=0000000a 
r12=00000000 r13=00000000 r14=00000000 r15=00000000 
r16=00000000 r17=00000000 r18=00000000 r19=00000000 
r20=00000000 r21=00000000 r22=00000000 r23=00000000 
r24=00000000 r25=00000000 r26=00000000 r27=00000000 
r28=00000000 r29=ffffc000 r30=ffffc000 r31=00000000 

r 0=00000000 r 1=ffffffff r 2=000effff r 3=00003000 
r 4=00000000 r 5=00000000 r 6=00000000 r 7=00000000 
r 8=00000000 r 9=00000000 r10=00000000 r11=0000000a 
r12=00000000 r13=00000000 r14=00000000 r15=00000000 
r16=00000000 r17=00000000 r18=00000000 r19=00000000 
r20=00000000 r21=00000000 r22=00000000 r23=00000000 
r24=00000000 r25=00000000 r26=00000000 r27=00000000 
r28=00000000 r29=ffffc000 r30=80000000 r31=00000000 

r 0=00000000 r 1=ffffffff r 2=000effff r 3=00003000 
r 4=00000000 r 5=00000000 r 6=00000000 r 7=00000000 
r 8=00000000 r 9=00000000 r10=00000000 r11=0000000a 
r12=00000000 r13=00000000 r14=00000000 r15=00000000 
r16=00000000 r17=00000000 r18=00000000 r19=00000000 
r20=00000000 r21=00000000 r22=00000000 r23=00000000 
r24=00000000 r25=00000000 r26=00000000 r27=00000000 
r28=00000000 r29=80000000 r30=80000000 r31=00000000 

r 0=00000000 r 1=ffffffff r 2=000effff r 3=00003000 
r 4=00000000 r 5=00000000 r 6=00000000 r 7=00000000 
r 8=00000000 r 9=00000000 r10=00000000 r11=0000000a 
r12=00000000 r13=00000000 r14=00000000 r15=00000000 
r16=00000000 r17=00000000 r18=00000000 r19=00000000 
r20=00000000 r21=00000000 r22=00000000 r23=00000000 
r24=00000000 r25=00000000 r26=00000000 r27=00000000 
r28=00000000 r29=80000000 r30=80000000 r31=00000000 

r 0=00000000 r 1=ffffffff r 2=000effff r 3=00003000 
r 4=00000000 r 5=00000000 r 6=00000000 r 7=00000000 
r 8=00000000 r 9=00000000 r10=00000000 r11=0000000a 
r12=00000000 r13=00000000 r14=00000000 r15=00000000 
r16=00000000 r17=00000000 r18=00000000 r19=00000000 
r20=00000000 r21=00000000 r22=00000000 r23=00000000 
r24=00000000 r25=00000000 r26=00000000 r27=00000000 
r28=00000000 r29=80000000 r30=80000000 r31=00000000 

r 0=00000000 r 1=ffffffff r 2=000effff r 3=00003000 
r 4=00000000 r 5=00000000 r 6=00000000 r 7=00000000 
r 8=00000000 r 9=00000000 r10=00000000 r11=0000000b 
r12=00000000 r13=00000000 r14=00000000 r15=00000000 
r16=00000000 r17=00000000 r18=00000000 r19=00000000 
r20=00000000 r21=00000000 r22=00000000 r23=00000000 
r24=00000000 r25=00000000 r26=00000000 r27=00000000 
r28=00000000 r29=80000000 r30=80000000 r31=00000000 

r 0=00000000 r 1=21212000 r 2=000effff r 3=00003000 
r 4=00000000 r 5=00000000 r 6=00000000 r 7=00000000 
r 8=00000000 r 9=00000000 r10=00000000 r11=0000000b 
r12=00000000 r13=00000000 r14=00000000 r15=00000000 
r16=00000000 r17=00000000 r18=00000000 r19=00000000 
r20=00000000 r21=00000000 r22=00000000 r23=00000000 
r24=00000000 r25=00000000 r26=00000000 r27=00000000 
r28=00000000 r29=80000000 r30=80000000 r31=00000000 

r 0=00000000 r 1=21212121 r 2=000effff r 3=00003000 
r 4=00000000 r 5=00000000 r 6=00000000 r 7=00000000 
r 8=00000000 r 9=00000000 r10=00000000 r11=0000000b 
r12=00000000 r13=00000000 r14=00000000 r15=00000000 
r16=00000000 r17=00000000 r18=00000000 r19=00000000 
r20=00000000 r21=00000000 r22=00000000 r23=00000000 
r24=00000000 r25=00000000 r26=00000000 r27=00000000 
r28=00000000 r29=80000000 r30=80000000 r31=00000000 

r 0=00000000 r 1=21212121 r 2=000effff r 3=00003000 
r 4=00000000 r 5=00000000 r 6=00000000 r 7=00000000 
r 8=00000000 r 9=00000000 r10=00000000 r11=0000000b 
r12=00000000 r13=00000000 r14=00000000 r15=00000000 
r16=00000000 r17=00000000 r18=00000000 r19=00000000 
r20=00000000 r21=00000000 r22=00000000 r23=00000000 
r24=00000000 r25=00000000 r26=00000000 r27=00000000 
r28=00000000 r29=80000000 r30=21212121 r31=00000000 

r 0=00000000 r 1=21212121 r 2=000effff r 3=00003000 
r 4=00000000 r 5=00000000 r 6=00000000 r 7=00000000 
r 8=00000000 r 9=00000000 r10=00000000 r11=0000000b 
r12=00000000 r13=00000000 r14=00000000 r15=00000000 
r16=00000000 r17=00000000 r18=00000000 r19=00000000 
r20=00000000 r21=00000000 r22=00000000 r23=00000000 
r24=00000000 r25=00000000 r26=00000000 r27=00000000 
r28=00000000 r29=21212000 r30=21212121 r31=00000000 

r 0=00000000 r 1=21212121 r 2=000effff r 3=00003000 
r 4=00000000 r 5=00000000 r 6=00000000 r 7=00000000 
r 8=00000000 r 9=00000000 r10=00000000 r11=0000000b 
r12=00000000 r13=00000000 r14=00000000 r15=00000000 
r16=00000000 r17=00000000 r18=00000000 r19=00000000 
r20=00000000 r21=00000000 r22=00000000 r23=00000000 
r24=00000000 r25=00000000 r26=00000000 r27=00000000 
r28=00000000 r29=21212121 r30=21212121 r31=00000000 

r 0=00000000 r 1=21212121 r 2=000effff r 3=00003000 
r 4=00000000 r 5=00000000 r 6=00000000 r 7=00000000 
r 8=00000000 r 9=00000000 r10=00000000 r11=0000000b 
r12=00000000 r13=00000000 r14=00000000 r15=00000000 
r16=00000000 r17=00000000 r18=00000000 r19=00000000 
r20=00000000 r21=00000000 r22=00000000 r23=00000000 
r24=00000000 r25=00000000 r26=00000000 r27=00000000 
r28=00000000 r29=21212121 r30=21212121 r31=00000000 

r 0=00000000 r 1=21212121 r 2=000effff r 3=00003000 
r 4=00000000 r 5=00000000 r 6=00000000 r 7=00000000 
r 8=00000000 r 9=00000000 r10=00000000 r11=0000000c 
r12=00000000 r13=00000000 r14=00000000 r15=00000000 
r16=00000000 r17=00000000 r18=00000000 r19=00000000 
r20=00000000 r21=00000000 r22=00000000 r23=00000000 
r24=00000000 r25=00000000 r26=00000000 r27=00000000 
r28=00000000 r29=21212121 r30=21212121 r31=00000000 

r 0=00000000 r 1=21212000 r 2=000effff r 3=00003000 
r 4=00000000 r 5=00000000 r 6=00000000 r 7=00000000 
r 8=00000000 r 9=00000000 r10=00000000 r11=0000000c 
r12=00000000 r13=00000000 r14=00000000 r15=00000000 
r16=00000000 r17=00000000 r18=00000000 r19=00000000 
r20=00000000 r21=00000000 r22=00000000 r23=00000000 
r24=00000000 r25=00000000 r26=00000000 r27=00000000 
r28=00000000 r29=21212121 r30=21212121 r31=00000000 

r 0=00000000 r 1=21212121 r 2=000effff r 3=00003000 
r 4=00000000 r 5=00000000 r 6=00000000 r 7=00000000 
r 8=00000000 r 9=00000000 r10=00000000 r11=0000000c 
r12=00000000 r13=00000000 r14=00000000 r15=00000000 
r16=00000000 r17=00000000 r18=00000000 r19=00000000 
r20=00000000 r21=00000000 r22=00000000 r23=00000000 
r24=00000000 r25=00000000 r26=00000000 r27=00000000 
r28=00000000 r29=21212121 r30=21212121 r31=00000000 

r 0=00000000 r 1=21212121 r 2=000effff r 3=00003000 
r 4=00000000 r 5=00000000 r 6=00000000 r 7=00000000 
r 8=00000000 r 9=00000000 r10=00000000 r11=0000000c 
r12=00000000 r13=00000000 r14=00000000 r15=00000000 
r16=00000000 r17=00000000 r18=00000000 r19=00000000 
r20=00000000 r21=00000000 r22=00000000 r23=00000000 
r24=00000000 r25=00000000 r26=00000000 r27=00000000 
r28=00000000 r29=21212121 r30=42424242 r31=00000000 

r 0=00000000 r 1=21212121 r 2=000effff r 3=00003000 
r 4=00000000 r 5=00000000 r 6=00000000 r 7=00000000 
r 8=00000000 r 9=00000000 r10=00000000 r11=0000000c 
r12=00000000 r13=00000000 r14=00000000 r15=00000000 
r16=00000000 r17=00000000 r18=00000000 r19=00000000 
r20=00000000 r21=00000000 r22=00000000 r23=00000000 
r24=00000000 r25=00000000 r26=00000000 r27=00000000 
r28=00000000 r29=42424000 r30=42424242 r31=00000000 

r 0=00000000 r 1=21212121 r 2=000effff r 3=00003000 
r 4=00000000 r 5=00000000 r 6=00000000 r 7=00000000 
r 8=00000000 r 9=00000000 r10=00000000 r11=0000000c 
r12=00000000 r13=00000000 r14=00000000 r15=00000000 
r16=00000000 r17=00000000 r18=00000000 r19=00000000 
r20=00000000 r21=00000000 r22=00000000 r23=00000000 
r24=00000000 r25=00000000 r26=00000000 r27=00000000 
r28=00000000 r29=42424242 r30=42424242 r31=00000000 

r 0=00000000 r 1=21212121 r 2=000effff r 3=00003000 
r 4=00000000 r 5=00000000 r 6=00000000 r 7=00000000 
r 8=00000000 r 9=00000000 r10=00000000 r11=0000000c 
r12=00000000 r13=00000000 r14=00000000 r15=00000000 
r16=00000000 r17=00000000 r18=00000000 r19=00000000 
r20=00000000 r21=00000000 r22=00000000 r23=00000000 
r24=00000000 r25=00000000 r26=00000000 r27=00000000 
r28=00000000 r29=42424242 r30=42424242 r31=00000000 

r 0=00000000 r 1=21212121 r 2=000effff r 3=00003000 
r 4=00000000 r 5=00000000 r 6=00000000 r 7=00000000 
r 8=00000000 r 9=00000000 r10=00000000 r11=0000000d 
r12=00000000 r13=00000000 r14=00000000 r15=00000000 
r16=00000000 r17=00000000 r18=00000000 r19=00000000 
r20=00000000 r21=00000000 r22=00000000 r23=00000000 
r24=00000000 r25=00000000 r26=00000000 r27=00000000 
r28=00000000 r29=42424242 r30=42424242 r31=00000000 

r 0=00000000 r 1=21212000 r 2=000effff r 3=00003000 
r 4=00000000 r 5=00000000 r 6=00000000 r 7=00000000 
r 8=00000000 r 9=00000000 r10=00000000 r11=0000000d 
r12=00000000 r13=00000000 r14=00000000 r15=00000000 
r16=00000000 r17=00000000 r18=00000000 r19=00000000 
r20=00000000 r21=00000000 r22=00000000 r23=00000000 
r24=00000000 r25=00000000 r26=00000000 r27=00000000 
r28=00000000 r29=42424242 r30=42424242 r31=00000000 

r 0=00000000 r 1=21212121 r 2=000effff r 3=00003000 
r 4=00000000 r 5=00000000 r 6=00000000 r 7=00000000 
r 8=00000000 r 9=00000000 r10=00000000 r11=0000000d 
r12=00000000 r13=00000000 r14=00000000 r15=00000000 
r16=00000000 r17=00000000 r18=00000000 r19=00000000 
r20=00000000 r21=00000000 r22=00000000 r23=00000000 
r24=00000000 r25=00000000 r26=00000000 r27=00000000 
r28=00000000 r29=42424242 r30=42424242 r31=00000000 

r 0=00000000 r 1=21212121 r 2=000effff r 3=00003000 
r 4=00000000 r 5=00000000 r 6=00000000 r 7=00000000 
r 8=00000000 r 9=00000000 r10=00000000 r11=0000000d 
r12=00000000 r13=00000000 r14=00000000 r15=00000000 
r16=00000000 r17=00000000 r18=00000000 r19=00000000 
r20=00000000 r21=00000000 r22=00000000 r23=00000000 
r24=00000000 r25=00000000 r26=00000000 r27=00000000 
r28=00000000 r29=42424242 r30=90909080 r31=00000000 

r 0=00000000 r 1=21212121 r 2=000effff r 3=00003000 
r 4=00000000 r 5=00000000 r 6=00000000 r 7=00000000 
r 8=00000000 r 9=00000000 r10=00000000 r11=0000000d 
r12=00000000 r13=00000000 r14=00000000 r15=00000000 
r16=00000000 r17=00000000 r18=00000000 r19=00000000 
r20=00000000 r21=00000000 r22=00000000 r23=00000000 
r24=00000000 r25=00000000 r26=00000000 r27=00000000 
r28=00000000 r29=90909000 r30=90909080 r31=00000000 

r 0=00000000 r 1=21212121 r 2=000effff r 3=00003000 
r 4=00000000 r 5=00000000 r 6=00000000 r 7=00000000 
r 8=00000000 r 9=00000000 r10=00000000 r11=0000000d 
r12=00000000 r13=00000000 r14=00000000 r15=00000000 
r16=00000000 r17=00000000 r18=00000000 r19=00000000 
r20=00000000 r21=00000000 r22=00000000 r23=00000000 
r24=00000000 r25=00000000 r26=00000000 r27=00000000 
r28=00000000 r29=90909080 r30=90909080 r31=00000000 

r 0=00000000 r 1=21212121 r 2=000effff r 3=00003000 
r 4=00000000 r 5=00000000 r 6=00000000 r 7=00000000 
r 8=00000000 r 9=00000000 r10=00000000 r11=0000000d 
r12=00000000 r13=00000000 r14=00000000 r15=00000000 
r16=00000000 r17=00000000 r18=00000000 r19=00000000 
r20=00000000 r21=00000000 r22=00000000 r23=00000000 
r24=00000000 r25=00000000 r26=00000000 r27=00000000 
r28=00000000 r29=90909080 r30=90909080 r31=00000000 

r 0=00000000 r 1=21212121 r 2=000effff r 3=00003000 
r 4=00000000 r 5=00000000 r 6=00000000 r 7=00000000 
r 8=00000000 r 9=00000000 r10=00000000 r11=0000000e 
r12=00000000 r13=00000000 r14=00000000 r15=00000000 
r16=00000000 r17=00000000 r18=00000000 r19=00000000 
r20=00000000 r21=00000000 r22=00000000 r23=00000000 
r24=00000000 r25=00000000 r26=00000000 r27=00000000 
r28=00000000 r29=90909080 r30=90909080 r31=00000000 

r 0=00000000 r 1=21212000 r 2=000effff r 3=00003000 
r 4=00000000 r 5=00000000 r 6=00000000 r 7=00000000 
r 8=00000000 r 9=00000000 r10=00000000 r11=0000000e 
r12=00000000 r13=00000000 r14=00000000 r15=00000000 
r16=00000000 r17=00000000 r18=00000000 r19=00000000 
r20=00000000 r21=00000000 r22=00000000 r23=00000000 
r24=00000000 r25=00000000 r26=00000000 r27=00000000 
r28=00000000 r29=90909080 r30=90909080 r31=00000000 

r 0=00000000 r 1=21212121 r 2=000effff r 3=00003000 
r 4=00000000 r 5=00000000 r 6=00000000 r 7=00000000 
r 8=00000000 r 9=00000000 r10=00000000 r11=0000000e 
r12=00000000 r13=00000000 r14=00000000 r15=00000000 
r16=00000000 r17=00000000 r18=00000000 r19=00000000 
r20=00000000 r21=00000000 r22=00000000 r23=00000000 
r24=00000000 r25=00000000 r26=00000000 r27=00000000 
r28=00000000 r29=90909080 r30=90909080 r31=00000000 

r 0=00000000 r 1=21212121 r 2=000effff r 3=00003000 
r 4=00000000 r 5=00000000 r 6=00000000 r 7=00000000 
r 8=00000000 r 9=00000000 r10=00000000 r11=0000000e 
r12=00000000 r13=00000000 r14=00000000 r15=00000000 
r16=00000000 r17=00000000 r18=00000000 r19=00000000 
r20=00000000 r21=00000000 r22=00000000 r23=00000000 
r24=00000000 r25=00000000 r26=00000000 r27=00000000 
r28=00000000 r29=90909080 r30=48484000 r31=00000000 

r 0=00000000 r 1=21212121 r 2=000effff r 3=00003000 
r 4=00000000 r 5=00000000 r 6=00000000 r 7=00000000 
r 8=00000000 r 9=00000000 r10=00000000 r11=0000000e 
r12=00000000 r13=00000000 r14=00000000 r15=00000000 
r16=00000000 r17=00000000 r18=00000000 r19=00000000 
r20=00000000 r21=00000000 r22=00000000 r23=00000000 
r24=00000000 r25=00000000 r26=00000000 r27=00000000 
r28=00000000 r29=48484000 r30=48484000 r31=00000000 

r 0=00000000 r 1=21212121 r 2=000effff r 3=00003000 
r 4=00000000 r 5=00000000 r 6=00000000 r 7=00000000 
r 8=00000000 r 9=00000000 r10=00000000 r11=0000000e 
r12=00000000 r13=00000000 r14=00000000 r15=00000000 
r16=00000000 r17=00000000 r18=00000000 r19=00000000 
r20=00000000 r21=00000000 r22=00000000 r23=00000000 
r24=00000000 r25=00000000 r26=00000000 r27=00000000 
r28=00000000 r29=48484000 r30=48484000 r31=00000000 

r 0=00000000 r 1=21212121 r 2=000effff r 3=00003000 
r 4=00000000 r 5=00000000 r 6=00000000 r 7=00000000 
r 8=00000000 r 9=00000000 r10=00000000 r11=0000000e 
r12=00000000 r13=00000000 r14=00000000 r15=00000000 
r16=00000000 r17=00000000 r18=00000000 r19=00000000 
r20=00000000 r21=00000000 r22=00000000 r23=00000000 
r24=00000000 r25=00000000 r26=00000000 r27=00000000 
r28=00000000 r29=48484000 r30=48484000 r31=00000000 

r 0=00000000 r 1=21212121 r 2=000effff r 3=00003000 
r 4=00000000 r 5=00000000 r 6=00000000 r 7=00000000 
r 8=00000000 r 9=00000000 r10=00000000 r11=0000000f 
r12=00000000 r13=00000000 r14=00000000 r15=00000000 
r16=00000000 r17=00000000 r18=00000000 r19=00000000 
r20=00000000 r21=00000000 r22=00000000 r23=00000000 
r24=00000000 r25=00000000 r26=00000000 r27=00000000 
r28=00000000 r29=48484000 r30=48484000 r31=00000000 

r 0=00000000 r 1=21212000 r 2=000effff r 3=00003000 
r 4=00000000 r 5=00000000 r 6=00000000 r 7=00000000 
r 8=00000000 r 9=00000000 r10=00000000 r11=0000000f 
r12=00000000 r13=00000000 r14=00000000 r15=00000000 
r16=00000000 r17=00000000 r18=00000000 r19=00000000 
r20=00000000 r21=00000000 r22=00000000 r23=00000000 
r24=00000000 r25=00000000 r26=00000000 r27=00000000 
r28=00000000 r29=48484000 r30=48484000 r31=00000000 

r 0=00000000 r 1=21212121 r 2=000effff r 3=00003000 
r 4=00000000 r 5=00000000 r 6=00000000 r 7=00000000 
r 8=00000000 r 9=00000000 r10=00000000 r11=0000000f 
r12=00000000 r13=00000000 r14=00000000 r15=00000000 
r16=00000000 r17=00000000 r18=00000000 r19=00000000 
r20=00000000 r21=00000000 r22=00000000 r23=00000000 
r24=00000000 r25=00000000 r26=00000000 r27=00000000 
r28=00000000 r29=48484000 r30=48484000 r31=00000000 

r 0=00000000 r 1=21212121 r 2=000effff r 3=00003000 
r 4=00000000 r 5=00000000 r 6=00000000 r 7=00000000 
r 8=00000000 r 9=00000000 r10=00000000 r11=0000000f 
r12=00000000 r13=00000000 r14=00000000 r15=00000000 
r16=00000000 r17=00000000 r18=00000000 r19=00000000 
r20=00000000 r21=00000000 r22=00000000 r23=00000000 
r24=00000000 r25=00000000 r26=00000000 r27=00000000 
r28=00000000 r29=48484000 r30=80000000 r31=00000000 

r 0=00000000 r 1=21212121 r 2=000effff r 3=00003000 
r 4=00000000 r 5=00000000 r 6=00000000 r 7=00000000 
r 8=00000000 r 9=00000000 r10=00000000 r11=0000000f 
r12=00000000 r13=00000000 r14=00000000 r15=00000000 
r16=00000000 r17=00000000 r18=00000000 r19=00000000 
r20=00000000 r21=00000000 r22=00000000 r23=00000000 
r24=00000000 r25=00000000 r26=00000000 r27=00000000 
r28=00000000 r29=80000000 r30=80000000 r31=00000000 

r 0=00000000 r 1=21212121 r 2=000effff r 3=00003000 
r 4=00000000 r 5=00000000 r 6=00000000 r 7=00000000 
r 8=00000000 r 9=00000000 r10=00000000 r11=0000000f 
r12=00000000 r13=00000000 r14=00000000 r15=00000000 
r16=00000000 r17=00000000 r18=00000000 r19=00000000 
r20=00000000 r21=00000000 r22=00000000 r23=00000000 
r24=00000000 r25=00000000 r26=00000000 r27=00000000 
r28=00000000 r29=80000000 r30=80000000 r31=00000000 

r 0=00000000 r 1=21212121 r 2=000effff r 3=00003000 
r 4=00000000 r 5=00000000 r 6=00000000 r 7=00000000 
r 8=00000000 r 9=00000000 r10=00000000 r11=0000000f 
r12=00000000 r13=00000000 r14=00000000 r15=00000000 
r16=00000000 r17=00000000 r18=00000000 r19=00000000 
r20=00000000 r21=00000000 r22=00000000 r23=00000000 
r24=00000000 r25=00000000 r26=00000000 r27=00000000 
r28=00000000 r29=80000000 r30=80000000 r31=00000000 

r 0=00000000 r 1=21212121 r 2=000effff r 3=00003000 
r 4=00000000 r 5=00000000 r 6=00000000 r 7=00000000 
r 8=00000000 r 9=00000000 r10=00000000 r11=00000010 
r12=00000000 r13=00000000 r14=00000000 r15=00000000 
r16=00000000 r17=00000000 r18=00000000 r19=00000000 
r20=00000000 r21=00000000 r22=00000000 r23=00000000 
r24=00000000 r25=00000000 r26=00000000 r27=00000000 
r28=00000000 r29=80000000 r30=80000000 r31=00000000 

r 0=00000000 r 1=00000001 r 2=000effff r 3=00003000 
r 4=00000000 r 5=00000000 r 6=00000000 r 7=00000000 
r 8=00000000 r 9=00000000 r10=00000000 r11=00000010 
r12=00000000 r13=00000000 r14=00000000 r15=00000000 
r16=00000000 r17=00000000 r18=00000000 r19=00000000 
r20=00000000 r21=00000000 r22=00000000 r23=00000000 
r24=00000000 r25=00000000 r26=00000000 r27=00000000 
r28=00000000 r29=80000000 r30=80000000 r31=00000000 

r 0=00000000 r 1=00000080 r 2=000effff r 3=00003000 
r 4=00000000 r 5=00000000 r 6=00000000 r 7=00000000 
r 8=00000000 r 9=00000000 r10=00000000 r11=00000010 
r12=00000000 r13=00000000 r14=00000000 r15=00000000 
r16=00000000 r17=00000000 r18=00000000 r19=00000000 
r20=00000000 r21=00000000 r22=00000000 r23=00000000 
r24=00000000 r25=00000000 r26=00000000 r27=00000000 
r28=00000000 r29=80000000 r30=80000000 r31=00000000 

r 0=00000000 r 1=00000080 r 2=000effff r 3=00003000 
r 4=00000000 r 5=00000000 r 6=00000000 r 7=00000000 
r 8=00000000 r 9=00000000 r10=00000000 r11=00000010 
r12=00000000 r13=00000000 r14=00000000 r15=00000000 
r16=00000000 r17=00000000 r18=00000000 r19=00000000 
r20=00000000 r21=00000000 r22=00000000 r23=00000000 
r24=00000000 r25=00000000 r26=00000000 r27=00000000 
r28=00000000 r29=00000080 r30=80000000 r31=00000000 

r 0=00000000 r 1=00000080 r 2=000effff r 3=00003000 
r 4=00000000 r 5=00000000 r 6=00000000 r 7=00000000 
r 8=00000000 r 9=00000000 r10=00000000 r11=00000010 
r12=00000000 r13=00000000 r14=00000000 r15=00000000 
r16=00000000 r17=00000000 r18=00000000 r19=00000000 
r20=00000000 r21=00000000 r22=00000000 r23=00000000 
r24=00000000 r25=00000000 r26=00000000 r27=00000000 
r28=00000000 r29=00000080 r30=80000000 r31=00000000 

r 0=00000000 r 1=00000080 r 2=000effff r 3=00003000 
r 4=00000000 r 5=00000000 r 6=00000000 r 7=00000000 
r 8=00000000 r 9=00000000 r10=00000000 r11=00000011 
r12=00000000 r13=00000000 r14=00000000 r15=00000000 
r16=00000000 r17=00000000 r18=00000000 r19=00000000 
r20=00000000 r21=00000000 r22=00000000 r23=00000000 
r24=00000000 r25=00000000 r26=00000000 r27=00000000 
r28=00000000 r29=00000080 r30=80000000 r31=00000000 

r 0=00000000 r 1=00000080 r 2=000effff r 3=00003000 
r 4=00000000 r 5=00000000 r 6=00000000 r 7=00000000 
r 8=00000000 r 9=00000000 r10=00000000 r11=00000011 
r12=00000000 r13=00000000 r14=00000000 r15=00000000 
r16=00000000 r17=00000000 r18=00000000 r19=00000000 
r20=00000000 r21=00000000 r22=00000000 r23=00000000 
r24=00000000 r25=00000000 r26=00000000 r27=00000000 
r28=00000000 r29=00000080 r30=80000000 r31=00000000 

r 0=00000000 r 1=00000001 r 2=000effff r 3=00003000 
r 4=00000000 r 5=00000000 r 6=00000000 r 7=00000000 
r 8=00000000 r 9=00000000 r10=00000000 r11=00000011 
r12=00000000 r13=00000000 r14=00000000 r15=00000000 
r16=00000000 r17=00000000 r18=00000000 r19=00000000 
r20=00000000 r21=00000000 r22=00000000 r23=00000000 
r24=00000000 r25=00000000 r26=00000000 r27=00000000 
r28=00000000 r29=00000080 r30=80000000 r31=00000000 

r 0=00000000 r 1=00000001 r 2=000effff r 3=00003000 
r 4=00000000 r 5=00000000 r 6=00000000 r 7=00000000 
r 8=00000000 r 9=00000000 r10=00000000 r11=00000011 
r12=00000000 r13=00000000 r14=00000000 r15=00000000 
r16=00000000 r17=00000000 r18=00000000 r19=00000000 
r20=00000000 r21=00000000 r22=00000000 r23=00000000 
r24=00000000 r25=00000000 r26=00000000 r27=00000000 
r28=00000000 r29=00000080 r30=00000080 r31=00000000 

r 0=00000000 r 1=00000001 r 2=000effff r 3=00003000 
r 4=00000000 r 5=00000000 r 6=00000080 r 7=00000000 
r 8=00000000 r 9=00000000 r10=00000000 r11=00000011 
r12=00000000 r13=00000000 r14=00000000 r15=00000000 
r16=00000000 r17=00000000 r18=00000000 r19=00000000 
r20=00000000 r21=00000000 r22=00000000 r23=00000000 
r24=00000000 r25=00000000 r26=00000000 r27=00000000 
r28=00000000 r29=00000080 r30=00000080 r31=00000000 

r 0=00000000 r 1=00000001 r 2=000effff r 3=00003000 
r 4=00000001 r 5=00000000 r 6=00000080 r 7=00000000 
r 8=00000000 r 9=00000000 r10=00000000 r11=00000011 
r12=00000000 r13=00000000 r14=00000000 r15=00000000 
r16=00000000 r17=00000000 r18=00000000 r19=00000000 
r20=00000000 r21=00000000 r22=00000000 r23=00000000 
r24=00000000 r25=00000000 r26=00000000 r27=00000000 
r28=00000000 r29=00000080 r30=00000080 r31=00000000 

r 0=00000000 r 1=00000001 r 2=000effff r 3=00003000 
r 4=00000001 r 5=00000002 r 6=00000080 r 7=00000000 
r 8=00000000 r 9=00000000 r10=00000000 r11=00000011 
r12=00000000 r13=00000000 r14=00000000 r15=00000000 
r16=00000000 r17=00000000 r18=00000000 r19=00000000 
r20=00000000 r21=00000000 r22=00000000 r23=00000000 
r24=00000000 r25=00000000 r26=00000000 r27=00000000 
r28=00000000 r29=00000080 r30=00000080 r31=00000000 

r 0=00000000 r 1=00000001 r 2=000effff r 3=00003000 
r 4=00000001 r 5=00000002 r 6=00000080 r 7=00000000 
r 8=00000000 r 9=00000000 r10=00000000 r11=00000011 
r12=00000000 r13=00000000 r14=00000000 r15=00000000 
r16=00000000 r17=00000000 r18=00000000 r19=00000000 
r20=00000000 r21=00000000 r22=00000000 r23=00000000 
r24=00000000 r25=00000000 r26=00000000 r27=00000000 
r28=00000000 r29=00000080 r30=00000080 r31=00000000 

r 0=00000000 r 1=00000001 r 2=000effff r 3=00003000 
r 4=00000001 r 5=00000002 r 6=00000080 r 7=00000000 
r 8=00000000 r 9=00000000 r10=00000000 r11=00000011 
r12=00000000 r13=00000000 r14=00000000 r15=00000000 
r16=00000000 r17=00000000 r18=00000000 r19=00000000 
r20=00000000 r21=00000000 r22=00000000 r23=00000000 
r24=00000000 r25=00000000 r26=00000000 r27=00000000 
r28=00000000 r29=00000080 r30=00000080 r31=00000000 

r 0=00000000 r 1=00000001 r 2=000effff r 3=00003000 
r 4=00000001 r 5=00000002 r 6=00000080 r 7=00000000 
r 8=00000000 r 9=00000000 r10=00000000 r11=00000011 
r12=00000000 r13=00000000 r14=00000000 r15=00000000 
r16=00000000 r17=00000000 r18=00000000 r19=00000000 
r20=00000000 r21=00000000 r22=00000000 r23=00000000 
r24=00000000 r25=00000000 r26=00000000 r27=00000000 
r28=00000000 r29=00000080 r30=00000080 r31=00000000 

r 0=00000000 r 1=00000001 r 2=000effff r 3=00003000 
r 4=00000001 r 5=00000002 r 6=00000080 r 7=00000000 
r 8=00000000 r 9=00000000 r10=00000000 r11=00000011 
r12=00000000 r13=00000000 r14=00000000 r15=00000000 
r16=00000000 r17=00000000 r18=00000000 r19=00000000 
r20=00000000 r21=00000000 r22=00000000 r23=00000000 
r24=00000000 r25=00000000 r26=00000000 r27=00000000 
r28=00000000 r29=00000080 r30=00000080 r31=00000000 

r 0=00000000 r 1=00000001 r 2=000effff r 3=00003000 
r 4=00000002 r 5=00000002 r 6=00000080 r 7=00000000 
r 8=00000000 r 9=00000000 r10=00000000 r11=00000011 
r12=00000000 r13=00000000 r14=00000000 r15=00000000 
r16=00000000 r17=00000000 r18=00000000 r19=00000000 
r20=00000000 r21=00000000 r22=00000000 r23=00000000 
r24=00000000 r25=00000000 r26=00000000 r27=00000000 
r28=00000000 r29=00000080 r30=00000080 r31=00000000 

r 0=00000000 r 1=00000001 r 2=000effff r 3=00003000 
r 4=00000002 r 5=00000002 r 6=00000080 r 7=00000000 
r 8=00000000 r 9=00000000 r10=00000000 r11=00000011 
r12=00000000 r13=00000000 r14=00000000 r15=00000000 
r16=00000000 r17=00000000 r18=00000000 r19=00000000 
r20=00000000 r21=00000000 r22=00000000 r23=00000000 
r24=00000000 r25=00000000 r26=00000000 r27=00000000 
r28=00000000 r29=00000080 r30=00000080 r31=00000000 

r 0=00000000 r 1=00000001 r 2=000effff r 3=00003000 
r 4=00000002 r 5=00000002 r 6=00000080 r 7=00000000 
r 8=00000000 r 9=00000000 r10=00000000 r11=00000011 
r12=00000000 r13=00000000 r14=00000000 r15=00000000 
r16=00000000 r17=00000000 r18=00000000 r19=00000000 
r20=00000000 r21=00000000 r22=00000000 r23=00000000 
r24=00000000 r25=00000000 r26=00000000 r27=00000000 
r28=00000000 r29=00000080 r30=00000080 r31=00000000 

r 0=00000000 r 1=00000001 r 2=000effff r 3=00003000 
r 4=00000002 r 5=00000002 r 6=00000080 r 7=00000000 
r 8=00000000 r 9=00000000 r10=00000000 r11=00000011 
r12=00000000 r13=00000000 r14=00000000 r15=00000000 
r16=00000000 r17=00000000 r18=00000000 r19=00000000 
r20=00000000 r21=00000000 r22=00000000 r23=00000000 
r24=00000000 r25=00000000 r26=00000000 r27=00000000 
r28=00000000 r29=00000080 r30=00000080 r31=00000000 

r 0=00000000 r 1=00000001 r 2=000effff r 3=00003000 
r 4=00000002 r 5=00000002 r 6=00000080 r 7=00000000 
r 8=00000000 r 9=00000000 r10=00000000 r11=00000011 
r12=00000000 r13=00000000 r14=00000000 r15=00000000 
r16=00000000 r17=00000000 r18=00000000 r19=00000000 
r20=00000000 r21=00000000 r22=00000000 r23=00000000 
r24=00000000 r25=00000000 r26=00000000 r27=00000000 
r28=00000000 r29=00000080 r30=00000080 r31=00000000 

r 0=00000000 r 1=00000001 r 2=000effff r 3=00003000 
r 4=00000002 r 5=00000002 r 6=00000080 r 7=00000000 
r 8=00000000 r 9=00000000 r10=00000000 r11=00000012 
r12=00000000 r13=00000000 r14=00000000 r15=00000000 
r16=00000000 r17=00000000 r18=00000000 r19=00000000 
r20=00000000 r21=00000000 r22=00000000 r23=00000000 
r24=00000000 r25=00000000 r26=00000000 r27=00000000 
r28=00000000 r29=00000080 r30=00000080 r31=00000000 

r 0=00000000 r 1=00000001 r 2=000effff r 3=00003000 
r 4=00000000 r 5=00000002 r 6=00000080 r 7=00000000 
r 8=00000000 r 9=00000000 r10=00000000 r11=00000012 
r12=00000000 r13=00000000 r14=00000000 r15=00000000 
r16=00000000 r17=00000000 r18=00000000 r19=00000000 
r20=00000000 r21=00000000 r22=00000000 r23=00000000 
r24=00000000 r25=00000000 r26=00000000 r27=00000000 
r28=00000000 r29=00000080 r30=00000080 r31=00000000 

r 0=00000000 r 1=00000001 r 2=000effff r 3=00003000 
r 4=00000000 r 5=00000002 r 6=00000080 r 7=00000000 
r 8=00000000 r 9=00000000 r10=00000000 r11=00000012 
r12=00000000 r13=00000000 r14=00000000 r15=00000000 
r16=00000000 r17=00000000 r18=00000000 r19=00000000 
r20=00000000 r21=00000000 r22=00000000 r23=00000000 
r24=00000000 r25=00000000 r26=00000000 r27=00000000 
r28=00000000 r29=00000080 r30=00000080 r31=00000000 

r 0=00000000 r 1=00000001 r 2=000effff r 3=00003000 
r 4=00000000 r 5=00000002 r 6=00000080 r 7=00000000 
r 8=00000000 r 9=00000000 r10=00000000 r11=00000012 
r12=00000000 r13=00000000 r14=00000000 r15=00000000 
r16=00000000 r17=00000000 r18=00000000 r19=00000000 
r20=00000000 r21=00000000 r22=00000000 r23=00000000 
r24=00000000 r25=00000000 r26=00000000 r27=00000000 
r28=00000000 r29=00000080 r30=00004000 r31=00000000 

r 0=00000000 r 1=00000001 r 2=000effff r 3=00003000 
r 4=00000000 r 5=00000002 r 6=00000080 r 7=00000000 
r 8=00000000 r 9=00000000 r10=00000000 r11=00000012 
r12=00000000 r13=00000000 r14=00000000 r15=00000000 
r16=00000000 r17=00000000 r18=00000000 r19=00000000 
r20=00000000 r21=00000000 r22=00000000 r23=00000000 
r24=00000000 r25=00000000 r26=00000000 r27=00000000 
r28=00000000 r29=00000080 r30=00004000 r31=00000000 

r 0=00000000 r 1=00000001 r 2=000effff r 3=00003000 
r 4=00000000 r 5=00000002 r 6=00004000 r 7=00000000 
r 8=00000000 r 9=00000000 r10=00000000 r11=00000012 
r12=00000000 r13=00000000 r14=00000000 r15=00000000 
r16=00000000 r17=00000000 r18=00000000 r19=00000000 
r20=00000000 r21=00000000 r22=00000000 r23=00000000 
r24=00000000 r25=00000000 r26=00000000 r27=00000000 
r28=00000000 r29=00000080 r30=00004000 r31=00000000 

r 0=00000000 r 1=00000001 r 2=000effff r 3=00003000 
r 4=00000001 r 5=00000002 r 6=00004000 r 7=00000000 
r 8=00000000 r 9=00000000 r10=00000000 r11=00000012 
r12=00000000 r13=00000000 r14=00000000 r15=00000000 
r16=00000000 r17=00000000 r18=00000000 r19=00000000 
r20=00000000 r21=00000000 r22=00000000 r23=00000000 
r24=00000000 r25=00000000 r26=00000000 r27=00000000 
r28=00000000 r29=00000080 r30=00004000 r31=00000000 

r 0=00000000 r 1=00000001 r 2=000effff r 3=00003000 
r 4=00000001 r 5=00000002 r 6=00004000 r 7=00000000 
r 8=00000000 r 9=00000000 r10=00000000 r11=00000012 
r12=00000000 r13=00000000 r14=00000000 r15=00000000 
r16=00000000 r17=00000000 r18=00000000 r19=00000000 
r20=00000000 r21=00000000 r22=00000000 r23=00000000 
r24=00000000 r25=00000000 r26=00000000 r27=00000000 
r28=00000000 r29=00000080 r30=00004000 r31=00000000 

r 0=00000000 r 1=00000001 r 2=000effff r 3=00003000 
r 4=00000001 r 5=00000002 r 6=00004000 r 7=00000000 
r 8=00000000 r 9=00000000 r10=00000000 r11=00000012 
r12=00000000 r13=00000000 r14=00000000 r15=00000000 
r16=00000000 r17=00000000 r18=00000000 r19=00000000 
r20=00000000 r21=00000000 r22=00000000 r23=00000000 
r24=00000000 r25=00000000 r26=00000000 r27=00000000 
r28=00000000 r29=00000080 r30=00004000 r31=00000000 

r 0=00000000 r 1=00000001 r 2=000effff r 3=00003000 
r 4=00000001 r 5=00000002 r 6=00004000 r 7=00000000 
r 8=00000000 r 9=00000000 r10=00000000 r11=00000012 
r12=00000000 r13=00000000 r14=00000000 r15=00000000 
r16=00000000 r17=00000000 r18=00000000 r19=00000000 
r20=00000000 r21=00000000 r22=00000000 r23=00000000 
r24=00000000 r25=00000000 r26=00000000 r27=00000000 
r28=00000000 r29=00000080 r30=00004000 r31=00000000 

r 0=00000000 r 1=00000001 r 2=000effff r 3=00003000 
r 4=00000001 r 5=00000002 r 6=00004000 r 7=00000000 
r 8=00000000 r 9=00000000 r10=00000000 r11=00000012 
r12=00000000 r13=00000000 r14=00000000 r15=00000000 
r16=00000000 r17=00000000 r18=00000000 r19=00000000 
r20=00000000 r21=00000000 r22=00000000 r23=00000000 
r24=00000000 r25=00000000 r26=00000000 r27=00000000 
r28=00000000 r29=00000080 r30=00004000 r31=00000000 

r 0=00000000 r 1=00000001 r 2=000effff r 3=00003000 
r 4=00000001 r 5=00000002 r 6=00004000 r 7=00000000 
r 8=00000000 r 9=00000000 r10=00000000 r11=00000012 
r12=00000000 r13=00000000 r14=00000000 r15=00000000 
r16=00000000 r17=00000000 r18=00000000 r19=00000000 
r20=00000000 r21=00000000 r22=00000000 r23=00000000 
r24=00000000 r25=00000000 r26=00000000 r27=00000000 
r28=00000000 r29=00000080 r30=00004000 r31=00000000 

r 0=00000000 r 1=00000001 r 2=000effff r 3=00003000 
r 4=00000001 r 5=00000002 r 6=00004000 r 7=00000000 
r 8=00000000 r 9=00000000 r10=00000000 r11=00000012 
r12=00000000 r13=00000000 r14=00000000 r15=00000000 
r16=00000000 r17=00000000 r18=00000000 r19=00000000 
r20=00000000 r21=00000000 r22=00000000 r23=00000000 
r24=00000000 r25=00000000 r26=00000000 r27=00000000 
r28=00000000 r29=00000080 r30=00004000 r31=00000000 

r 0=00000000 r 1=00000001 r 2=000effff r 3=00003000 
r 4=00000002 r 5=00000002 r 6=00004000 r 7=00000000 
r 8=00000000 r 9=00000000 r10=00000000 r11=00000012 
r12=00000000 r13=00000000 r14=00000000 r15=00000000 
r16=00000000 r17=00000000 r18=00000000 r19=00000000 
r20=00000000 r21=00000000 r22=00000000 r23=00000000 
r24=00000000 r25=00000000 r26=00000000 r27=00000000 
r28=00000000 r29=00000080 r30=00004000 r31=00000000 

r 0=00000000 r 1=00000001 r 2=000effff r 3=00003000 
r 4=00000002 r 5=00000002 r 6=00004000 r 7=00000000 
r 8=00000000 r 9=00000000 r10=00000000 r11=00000012 
r12=00000000 r13=00000000 r14=00000000 r15=00000000 
r16=00000000 r17=00000000 r18=00000000 r19=00000000 
r20=00000000 r21=00000000 r22=00000000 r23=00000000 
r24=00000000 r25=00000000 r26=00000000 r27=00000000 
r28=00000000 r29=00000080 r30=00004000 r31=00000000 

r 0=00000000 r 1=00000001 r 2=000effff r 3=00003000 
r 4=00000002 r 5=00000002 r 6=00004000 r 7=00000000 
r 8=00000000 r 9=00000000 r10=00000000 r11=00000012 
r12=00000000 r13=00000000 r14=00000000 r15=00000000 
r16=00000000 r17=00000000 r18=00000000 r19=00000000 
r20=00000000 r21=00000000 r22=00000000 r23=00000000 
r24=00000000 r25=00000000 r26=00000000 r27=00000000 
r28=00000000 r29=00000080 r30=00004000 r31=00000000 

r 0=00000000 r 1=00000001 r 2=000effff r 3=00003000 
r 4=00000002 r 5=00000002 r 6=00004000 r 7=00000000 
r 8=00000000 r 9=00000000 r10=00000000 r11=00000012 
r12=00000000 r13=00000000 r14=00000000 r15=00000000 
r16=00000000 r17=00000000 r18=00000000 r19=00000000 
r20=00000000 r21=00000000 r22=00000000 r23=00000000 
r24=00000000 r25=00000000 r26=00000000 r27=00000000 
r28=00000000 r29=00004000 r30=00004000 r31=00000000 

r 0=00000000 r 1=00000001 r 2=000effff r 3=00003000 
r 4=00000002 r 5=00000002 r 6=00004000 r 7=00000000 
r 8=00000000 r 9=00000000 r10=00000000 r11=00000012 
r12=00000000 r13=00000000 r14=00000000 r15=00000000 
r16=00000000 r17=00000000 r18=00000000 r19=00000000 
r20=00000000 r21=00000000 r22=00000000 r23=00000000 
r24=00000000 r25=00000000 r26=00000000 r27=00000000 
r28=00000000 r29=00004000 r30=00004000 r31=00000000 

r 0=00000000 r 1=00000001 r 2=000effff r 3=00003000 
r 4=00000002 r 5=00000002 r 6=00004000 r 7=00000000 
r 8=00000000 r 9=00000000 r10=00000000 r11=00000012 
r12=00000000 r13=00000000 r14=00000000 r15=00000000 
r16=00000000 r17=00000000 r18=00000000 r19=00000000 
r20=00000000 r21=00000000 r22=00000000 r23=00000000 
r24=00000000 r25=00000000 r26=00000000 r27=00000000 
r28=00000000 r29=00004000 r30=00004000 r31=00000000 

r 0=00000000 r 1=00000001 r 2=000effff r 3=00003000 
r 4=00000002 r 5=00000002 r 6=00004000 r 7=00000000 
r 8=00000000 r 9=00000000 r10=00000000 r11=00000013 
r12=00000000 r13=00000000 r14=00000000 r15=00000000 
r16=00000000 r17=00000000 r18=00000000 r19=00000000 
r20=00000000 r21=00000000 r22=00000000 r23=00000000 
r24=00000000 r25=00000000 r26=00000000 r27=00000000 
r28=00000000 r29=00004000 r30=00004000 r31=00000000 

r 0=00000000 r 1=00000001 r 2=000effff r 3=00003000 
r 4=00000000 r 5=00000002 r 6=00004000 r 7=00000000 
r 8=00000000 r 9=00000000 r10=00000000 r11=00000013 
r12=00000000 r13=00000000 r14=00000000 r15=00000000 
r16=00000000 r17=00000000 r18=00000000 r19=00000000 
r20=00000000 r21=00000000 r22=00000000 r23=00000000 
r24=00000000 r25=00000000 r26=00000000 r27=00000000 
r28=00000000 r29=00004000 r30=00004000 r31=00000000 

r 0=00000000 r 1=00000001 r 2=000effff r 3=00003000 
r 4=00000000 r 5=00000002 r 6=00004000 r 7=00000000 
r 8=00000000 r 9=00000000 r10=00000000 r11=00000013 
r12=00000000 r13=00000000 r14=00000000 r15=00000000 
r16=00000000 r17=00000000 r18=00000000 r19=00000000 
r20=00000000 r21=00000000 r22=00000000 r23=00000000 
r24=00000000 r25=00000000 r26=00000000 r27=00000000 
r28=00000000 r29=00004000 r30=00004000 r31=00000000 

r 0=00000000 r 1=00000001 r 2=000effff r 3=00003000 
r 4=00000000 r 5=00000002 r 6=00004000 r 7=00000000 
r 8=00000000 r 9=00000000 r10=00000000 r11=00000013 
r12=00000000 r13=00000000 r14=00000000 r15=00000000 
r16=00000000 r17=00000000 r18=00000000 r19=00000000 
r20=00000000 r21=00000000 r22=00000000 r23=00000000 
r24=00000000 r25=00000000 r26=00000000 r27=00000000 
r28=00000000 r29=00004000 r30=80000000 r31=00000000 

r 0=00000000 r 1=00000001 r 2=000effff r 3=00003000 
r 4=00000000 r 5=00000002 r 6=00004000 r 7=00000000 
r 8=00000000 r 9=00000000 r10=00000000 r11=00000013 
r12=00000000 r13=00000000 r14=00000000 r15=00000000 
r16=00000000 r17=00000000 r18=00000000 r19=00000000 
r20=00000000 r21=00000000 r22=00000000 r23=00000000 
r24=00000000 r25=00000000 r26=00000000 r27=00000000 
r28=00000000 r29=00004000 r30=80000000 r31=00000000 

r 0=00000000 r 1=00000001 r 2=000effff r 3=00003000 
r 4=00000000 r 5=00000002 r 6=00004000 r 7=00000000 
r 8=00000000 r 9=00000000 r10=00000000 r11=00000013 
r12=00000000 r13=00000000 r14=00000000 r15=00000000 
r16=00000000 r17=00000000 r18=00000000 r19=00000000 
r20=00000000 r21=00000000 r22=00000000 r23=00000000 
r24=00000000 r25=00000000 r26=00000000 r27=00000000 
r28=00000000 r29=00004000 r30=80000000 r31=00000000 

r 0=00000000 r 1=00000001 r 2=000effff r 3=00003000 
r 4=00000000 r 5=00000002 r 6=80000000 r 7=00000000 
r 8=00000000 r 9=00000000 r10=00000000 r11=00000013 
r12=00000000 r13=00000000 r14=00000000 r15=00000000 
r16=00000000 r17=00000000 r18=00000000 r19=00000000 
r20=00000000 r21=00000000 r22=00000000 r23=00000000 
r24=00000000 r25=00000000 r26=00000000 r27=00000000 
r28=00000000 r29=00004000 r30=80000000 r31=00000000 

r 0=00000000 r 1=00000001 r 2=000effff r 3=00003000 
r 4=00000001 r 5=00000002 r 6=80000000 r 7=00000000 
r 8=00000000 r 9=00000000 r10=00000000 r11=00000013 
r12=00000000 r13=00000000 r14=00000000 r15=00000000 
r16=00000000 r17=00000000 r18=00000000 r19=00000000 
r20=00000000 r21=00000000 r22=00000000 r23=00000000 
r24=00000000 r25=00000000 r26=00000000 r27=00000000 
r28=00000000 r29=00004000 r30=80000000 r31=00000000 

r 0=00000000 r 1=00000001 r 2=000effff r 3=00003000 
r 4=00000001 r 5=00000002 r 6=80000000 r 7=00000000 
r 8=00000000 r 9=00000000 r10=00000000 r11=00000013 
r12=00000000 r13=00000000 r14=00000000 r15=00000000 
r16=00000000 r17=00000000 r18=00000000 r19=00000000 
r20=00000000 r21=00000000 r22=00000000 r23=00000000 
r24=00000000 r25=00000000 r26=00000000 r27=00000000 
r28=00000000 r29=00004000 r30=80000000 r31=00000000 

r 0=00000000 r 1=00000001 r 2=000effff r 3=00003000 
r 4=00000001 r 5=00000002 r 6=80000000 r 7=00000000 
r 8=00000000 r 9=00000000 r10=00000000 r11=00000013 
r12=00000000 r13=00000000 r14=00000000 r15=00000000 
r16=00000000 r17=00000000 r18=00000000 r19=00000000 
r20=00000000 r21=00000000 r22=00000000 r23=00000000 
r24=00000000 r25=00000000 r26=00000000 r27=00000000 
r28=00000000 r29=00004000 r30=80000000 r31=00000000 

r 0=00000000 r 1=00000001 r 2=000effff r 3=00003000 
r 4=00000001 r 5=00000002 r 6=80000000 r 7=00000000 
r 8=00000000 r 9=00000000 r10=00000000 r11=00000013 
r12=00000000 r13=00000000 r14=00000000 r15=00000000 
r16=00000000 r17=00000000 r18=00000000 r19=00000000 
r20=00000000 r21=00000000 r22=00000000 r23=00000000 
r24=00000000 r25=00000000 r26=00000000 r27=00000000 
r28=00000000 r29=00004000 r30=80000000 r31=00000000 

r 0=00000000 r 1=00000001 r 2=000effff r 3=00003000 
r 4=00000001 r 5=00000002 r 6=80000000 r 7=00000000 
r 8=00000000 r 9=00000000 r10=00000000 r11=00000013 
r12=00000000 r13=00000000 r14=00000000 r15=00000000 
r16=00000000 r17=00000000 r18=00000000 r19=00000000 
r20=00000000 r21=00000000 r22=00000000 r23=00000000 
r24=00000000 r25=00000000 r26=00000000 r27=00000000 
r28=00000000 r29=00004000 r30=80000000 r31=00000000 

r 0=00000000 r 1=00000001 r 2=000effff r 3=00003000 
r 4=00000001 r 5=00000002 r 6=80000000 r 7=00000000 
r 8=00000000 r 9=00000000 r10=00000000 r11=00000013 
r12=00000000 r13=00000000 r14=00000000 r15=00000000 
r16=00000000 r17=00000000 r18=00000000 r19=00000000 
r20=00000000 r21=00000000 r22=00000000 r23=00000000 
r24=00000000 r25=00000000 r26=00000000 r27=00000000 
r28=00000000 r29=00004000 r30=80000000 r31=00000000 

r 0=00000000 r 1=00000001 r 2=000effff r 3=00003000 
r 4=00000001 r 5=00000002 r 6=80000000 r 7=00000000 
r 8=00000000 r 9=00000000 r10=00000000 r11=00000013 
r12=00000000 r13=00000000 r14=00000000 r15=00000000 
r16=00000000 r17=00000000 r18=00000000 r19=00000000 
r20=00000000 r21=00000000 r22=00000000 r23=00000000 
r24=00000000 r25=00000000 r26=00000000 r27=00000000 
r28=00000000 r29=00004000 r30=80000000 r31=00000000 

r 0=00000000 r 1=00000001 r 2=000effff r 3=00003000 
r 4=00000001 r 5=00000002 r 6=80000000 r 7=00000000 
r 8=00000000 r 9=00000000 r10=00000000 r11=00000013 
r12=00000000 r13=00000000 r14=00000000 r15=00000000 
r16=00000000 r17=00000000 r18=00000000 r19=00000000 
r20=00000000 r21=00000000 r22=00000000 r23=00000000 
r24=00000000 r25=00000000 r26=00000000 r27=00000000 
r28=00000000 r29=00004000 r30=80000000 r31=00000000 

r 0=00000000 r 1=00000001 r 2=000effff r 3=00003000 
r 4=00000002 r 5=00000002 r 6=80000000 r 7=00000000 
r 8=00000000 r 9=00000000 r10=00000000 r11=00000013 
r12=00000000 r13=00000000 r14=00000000 r15=00000000 
r16=00000000 r17=00000000 r18=00000000 r19=00000000 
r20=00000000 r21=00000000 r22=00000000 r23=00000000 
r24=00000000 r25=00000000 r26=00000000 r27=00000000 
r28=00000000 r29=00004000 r30=80000000 r31=00000000 

r 0=00000000 r 1=00000001 r 2=000effff r 3=00003000 
r 4=00000002 r 5=00000002 r 6=80000000 r 7=00000000 
r 8=00000000 r 9=00000000 r10=00000000 r11=00000013 
r12=00000000 r13=00000000 r14=00000000 r15=00000000 
r16=00000000 r17=00000000 r18=00000000 r19=00000000 
r20=00000000 r21=00000000 r22=00000000 r23=00000000 
r24=00000000 r25=00000000 r26=00000000 r27=00000000 
r28=00000000 r29=00004000 r30=80000000 r31=00000000 

r 0=00000000 r 1=00000001 r 2=000effff r 3=00003000 
r 4=00000002 r 5=00000002 r 6=80000000 r 7=00000000 
r 8=00000000 r 9=00000000 r10=00000000 r11=00000013 
r12=00000000 r13=00000000 r14=00000000 r15=00000000 
r16=00000000 r17=00000000 r18=00000000 r19=00000000 
r20=00000000 r21=00000000 r22=00000000 r23=00000000 
r24=00000000 r25=00000000 r26=00000000 r27=00000000 
r28=00000000 r29=00004000 r30=80000000 r31=00000000 

r 0=00000000 r 1=00000001 r 2=000effff r 3=00003000 
r 4=00000002 r 5=00000002 r 6=80000000 r 7=00000000 
r 8=00000000 r 9=00000000 r10=00000000 r11=00000013 
r12=00000000 r13=00000000 r14=00000000 r15=00000000 
r16=00000000 r17=00000000 r18=00000000 r19=00000000 
r20=00000000 r21=00000000 r22=00000000 r23=00000000 
r24=00000000 r25=00000000 r26=00000000 r27=00000000 
r28=00000000 r29=80000000 r30=80000000 r31=00000000 

r 0=00000000 r 1=00000001 r 2=000effff r 3=00003000 
r 4=00000002 r 5=00000002 r 6=80000000 r 7=00000000 
r 8=00000000 r 9=00000000 r10=00000000 r11=00000013 
r12=00000000 r13=00000000 r14=00000000 r15=00000000 
r16=00000000 r17=00000000 r18=00000000 r19=00000000 
r20=00000000 r21=00000000 r22=00000000 r23=00000000 
r24=00000000 r25=00000000 r26=00000000 r27=00000000 
r28=00000000 r29=80000000 r30=80000000 r31=00000000 

r 0=00000000 r 1=00000001 r 2=000effff r 3=00003000 
r 4=00000002 r 5=00000002 r 6=80000000 r 7=00000000 
r 8=00000000 r 9=00000000 r10=00000000 r11=00000013 
r12=00000000 r13=00000000 r14=00000000 r15=00000000 
r16=00000000 r17=00000000 r18=00000000 r19=00000000 
r20=00000000 r21=00000000 r22=00000000 r23=00000000 
r24=00000000 r25=00000000 r26=00000000 r27=00000000 
r28=00000000 r29=80000000 r30=80000000 r31=00000000 

r 0=00000000 r 1=00000001 r 2=000effff r 3=00003000 
r 4=00000002 r 5=00000002 r 6=80000000 r 7=00000000 
r 8=00000000 r 9=00000000 r10=00000000 r11=00000014 
r12=00000000 r13=00000000 r14=00000000 r15=00000000 
r16=00000000 r17=00000000 r18=00000000 r19=00000000 
r20=00000000 r21=00000000 r22=00000000 r23=00000000 
r24=00000000 r25=00000000 r26=00000000 r27=00000000 
r28=00000000 r29=80000000 r30=80000000 r31=00000000 

r 0=00000000 r 1=00000001 r 2=000effff r 3=00003000 
r 4=00000000 r 5=00000002 r 6=80000000 r 7=00000000 
r 8=00000000 r 9=00000000 r10=00000000 r11=00000014 
r12=00000000 r13=00000000 r14=00000000 r15=00000000 
r16=00000000 r17=00000000 r18=00000000 r19=00000000 
r20=00000000 r21=00000000 r22=00000000 r23=00000000 
r24=00000000 r25=00000000 r26=00000000 r27=00000000 
r28=00000000 r29=80000000 r30=80000000 r31=00000000 

r 0=00000000 r 1=00000001 r 2=000effff r 3=00003000 
r 4=00000000 r 5=00000002 r 6=80000000 r 7=00000000 
r 8=00000000 r 9=00000000 r10=00000000 r11=00000014 
r12=00000000 r13=00000000 r14=00000000 r15=00000000 
r16=00000000 r17=00000000 r18=00000000 r19=00000000 
r20=00000000 r21=00000000 r22=00000000 r23=00000000 
r24=00000000 r25=00000000 r26=00000000 r27=00000000 
r28=00000000 r29=80000000 r30=80000000 r31=00000000 

r 0=00000000 r 1=00000001 r 2=000effff r 3=00003000 
r 4=00000000 r 5=00000002 r 6=80000000 r 7=00000000 
r 8=00000000 r 9=00000000 r10=00000000 r11=00000014 
r12=00000000 r13=00000000 r14=00000000 r15=00000000 
r16=00000000 r17=00000000 r18=00000000 r19=00000000 
r20=00000000 r21=00000000 r22=00000000 r23=00000000 
r24=00000000 r25=00000000 r26=00000000 r27=00000000 
r28=00000000 r29=80000000 r30=00000080 r31=00000000 

r 0=00000000 r 1=00000001 r 2=000effff r 3=00003000 
r 4=00000001 r 5=00000002 r 6=80000000 r 7=00000000 
r 8=00000000 r 9=00000000 r10=00000000 r11=00000014 
r12=00000000 r13=00000000 r14=00000000 r15=00000000 
r16=00000000 r17=00000000 r18=00000000 r19=00000000 
r20=00000000 r21=00000000 r22=00000000 r23=00000000 
r24=00000000 r25=00000000 r26=00000000 r27=00000000 
r28=00000000 r29=80000000 r30=00000080 r31=00000000 

r 0=00000000 r 1=00000001 r 2=000effff r 3=00003000 
r 4=00000001 r 5=00000002 r 6=80000000 r 7=00000000 
r 8=00000000 r 9=00000000 r10=00000000 r11=00000014 
r12=00000000 r13=00000000 r14=00000000 r15=00000000 
r16=00000000 r17=00000000 r18=00000000 r19=00000000 
r20=00000000 r21=00000000 r22=00000000 r23=00000000 
r24=00000000 r25=00000000 r26=00000000 r27=00000000 
r28=00000000 r29=80000000 r30=00000080 r31=00000000 

r 0=00000000 r 1=00000001 r 2=000effff r 3=00003000 
r 4=00000001 r 5=00000002 r 6=80000000 r 7=00000000 
r 8=00000000 r 9=00000000 r10=00000000 r11=00000014 
r12=00000000 r13=00000000 r14=00000000 r15=00000000 
r16=00000000 r17=00000000 r18=00000000 r19=00000000 
r20=00000000 r21=00000000 r22=00000000 r23=00000000 
r24=00000000 r25=00000000 r26=00000000 r27=00000000 
r28=00000000 r29=80000000 r30=00000080 r31=00000000 

r 0=00000000 r 1=00000001 r 2=000effff r 3=00003000 
r 4=00000001 r 5=00000002 r 6=80000000 r 7=00000000 
r 8=00000000 r 9=00000000 r10=00000000 r11=00000014 
r12=00000000 r13=00000000 r14=00000000 r15=00000000 
r16=00000000 r17=00000000 r18=00000000 r19=00000000 
r20=00000000 r21=00000000 r22=00000000 r23=00000000 
r24=00000000 r25=00000000 r26=00000000 r27=00000000 
r28=00000000 r29=80000000 r30=00000080 r31=00000000 

r 0=00000000 r 1=00000001 r 2=000effff r 3=00003000 
r 4=00000001 r 5=00000002 r 6=80000000 r 7=00000000 
r 8=00000000 r 9=00000000 r10=00000000 r11=00000014 
r12=00000000 r13=00000000 r14=00000000 r15=00000000 
r16=00000000 r17=00000000 r18=00000000 r19=00000000 
r20=00000000 r21=00000000 r22=00000000 r23=00000000 
r24=00000000 r25=00000000 r26=00000000 r27=00000000 
r28=00000000 r29=80000000 r30=00000080 r31=00000000 

r 0=00000000 r 1=00000001 r 2=000effff r 3=00003000 
r 4=00000002 r 5=00000002 r 6=80000000 r 7=00000000 
r 8=00000000 r 9=00000000 r10=00000000 r11=00000014 
r12=00000000 r13=00000000 r14=00000000 r15=00000000 
r16=00000000 r17=00000000 r18=00000000 r19=00000000 
r20=00000000 r21=00000000 r22=00000000 r23=00000000 
r24=00000000 r25=00000000 r26=00000000 r27=00000000 
r28=00000000 r29=80000000 r30=00000080 r31=00000000 

r 0=00000000 r 1=00000001 r 2=000effff r 3=00003000 
r 4=00000002 r 5=00000002 r 6=80000000 r 7=00000000 
r 8=00000000 r 9=00000000 r10=00000000 r11=00000014 
r12=00000000 r13=00000000 r14=00000000 r15=00000000 
r16=00000000 r17=00000000 r18=00000000 r19=00000000 
r20=00000000 r21=00000000 r22=00000000 r23=00000000 
r24=00000000 r25=00000000 r26=00000000 r27=00000000 
r28=00000000 r29=80000000 r30=00000080 r31=00000000 

r 0=00000000 r 1=00000001 r 2=000effff r 3=00003000 
r 4=00000002 r 5=00000002 r 6=80000000 r 7=00000000 
r 8=00000000 r 9=00000000 r10=00000000 r11=00000014 
r12=00000000 r13=00000000 r14=00000000 r15=00000000 
r16=00000000 r17=00000000 r18=00000000 r19=00000000 
r20=00000000 r21=00000000 r22=00000000 r23=00000000 
r24=00000000 r25=00000000 r26=00000000 r27=00000000 
r28=00000000 r29=80000000 r30=00000080 r31=00000000 

r 0=00000000 r 1=00000001 r 2=000effff r 3=00003000 
r 4=00000002 r 5=00000002 r 6=80000000 r 7=00000000 
r 8=00000000 r 9=00000000 r10=00000000 r11=00000014 
r12=00000000 r13=00000000 r14=00000000 r15=00000000 
r16=00000000 r17=00000000 r18=00000000 r19=00000000 
r20=00000000 r21=00000000 r22=00000000 r23=00000000 
r24=00000000 r25=00000000 r26=00000000 r27=00000000 
r28=00000000 r29=00000080 r30=00000080 r31=00000000 

r 0=00000000 r 1=00000001 r 2=000effff r 3=00003000 
r 4=00000002 r 5=00000002 r 6=80000000 r 7=00000000 
r 8=00000000 r 9=00000000 r10=00000000 r11=00000014 
r12=00000000 r13=00000000 r14=00000000 r15=00000000 
r16=00000000 r17=00000000 r18=00000000 r19=00000000 
r20=00000000 r21=00000000 r22=00000000 r23=00000000 
r24=00000000 r25=00000000 r26=00000000 r27=00000000 
r28=00000000 r29=00000080 r30=00000080 r31=00000000 

r 0=00000000 r 1=00000001 r 2=000effff r 3=00003000 
r 4=00000002 r 5=00000002 r 6=80000000 r 7=00000000 
r 8=00000000 r 9=00000000 r10=00000000 r11=00000015 
r12=00000000 r13=00000000 r14=00000000 r15=00000000 
r16=00000000 r17=00000000 r18=00000000 r19=00000000 
r20=00000000 r21=00000000 r22=00000000 r23=00000000 
r24=00000000 r25=00000000 r26=00000000 r27=00000000 
r28=00000000 r29=00000080 r30=00000080 r31=00000000 

r 0=00000000 r 1=00000001 r 2=000effff r 3=00003000 
r 4=00000000 r 5=00000002 r 6=80000000 r 7=00000000 
r 8=00000000 r 9=00000000 r10=00000000 r11=00000015 
r12=00000000 r13=00000000 r14=00000000 r15=00000000 
r16=00000000 r17=00000000 r18=00000000 r19=00000000 
r20=00000000 r21=00000000 r22=00000000 r23=00000000 
r24=00000000 r25=00000000 r26=00000000 r27=00000000 
r28=00000000 r29=00000080 r30=00000080 r31=00000000 

r 0=00000000 r 1=00000001 r 2=000effff r 3=00003000 
r 4=00000000 r 5=00000002 r 6=80000000 r 7=00000000 
r 8=00000000 r 9=00000000 r10=00000000 r11=00000015 
r12=00000000 r13=00000000 r14=00000000 r15=00000000 
r16=00000000 r17=00000000 r18=00000000 r19=00000000 
r20=00000000 r21=00000000 r22=00000000 r23=00000000 
r24=00000000 r25=00000000 r26=00000000 r27=00000000 
r28=00000000 r29=00000080 r30=00000080 r31=00000000 

r 0=00000000 r 1=00000001 r 2=000effff r 3=00003000 
r 4=00000000 r 5=00000002 r 6=80000000 r 7=00000000 
r 8=00000000 r 9=00000000 r10=00000000 r11=00000015 
r12=00000000 r13=00000000 r14=00000000 r15=00000000 
r16=00000000 r17=00000000 r18=00000000 r19=00000000 
r20=00000000 r21=00000000 r22=00000000 r23=00000000 
r24=00000000 r25=00000000 r26=00000000 r27=00000000 
r28=00000000 r29=00000080 r30=00000080 r31=00000000 

r 0=00000000 r 1=00000001 r 2=000effff r 3=00003000 
r 4=00000000 r 5=00000002 r 6=80000000 r 7=00000000 
r 8=00000000 r 9=00000000 r10=00000000 r11=00000015 
r12=00000000 r13=00000000 r14=00000000 r15=00000000 
r16=00000000 r17=00000000 r18=00000000 r19=00000000 
r20=00000000 r21=00000000 r22=00000000 r23=00000000 
r24=00000000 r25=00000000 r26=00000000 r27=00000000 
r28=00000000 r29=00000080 r30=00004000 r31=00000000 

r 0=00000000 r 1=00000001 r 2=000effff r 3=00003000 
r 4=00000001 r 5=00000002 r 6=80000000 r 7=00000000 
r 8=00000000 r 9=00000000 r10=00000000 r11=00000015 
r12=00000000 r13=00000000 r14=00000000 r15=00000000 
r16=00000000 r17=00000000 r18=00000000 r19=00000000 
r20=00000000 r21=00000000 r22=00000000 r23=00000000 
r24=00000000 r25=00000000 r26=00000000 r27=00000000 
r28=00000000 r29=00000080 r30=00004000 r31=00000000 

r 0=00000000 r 1=00000001 r 2=000effff r 3=00003000 
r 4=00000001 r 5=00000002 r 6=80000000 r 7=00000000 
r 8=00000000 r 9=00000000 r10=00000000 r11=00000015 
r12=00000000 r13=00000000 r14=00000000 r15=00000000 
r16=00000000 r17=00000000 r18=00000000 r19=00000000 
r20=00000000 r21=00000000 r22=00000000 r23=00000000 
r24=00000000 r25=00000000 r26=00000000 r27=00000000 
r28=00000000 r29=00000080 r30=00004000 r31=00000000 

r 0=00000000 r 1=00000001 r 2=000effff r 3=00003000 
r 4=00000001 r 5=00000002 r 6=80000000 r 7=00000000 
r 8=00000000 r 9=00000000 r10=00000000 r11=00000015 
r12=00000000 r13=00000000 r14=00000000 r15=00000000 
r16=00000000 r17=00000000 r18=00000000 r19=00000000 
r20=00000000 r21=00000000 r22=00000000 r23=00000000 
r24=00000000 r25=00000000 r26=00000000 r27=00000000 
r28=00000000 r29=00000080 r30=00004000 r31=00000000 

r 0=00000000 r 1=00000001 r 2=000effff r 3=00003000 
r 4=00000001 r 5=00000002 r 6=80000000 r 7=00000000 
r 8=00000000 r 9=00000000 r10=00000000 r11=00000015 
r12=00000000 r13=00000000 r14=00000000 r15=00000000 
r16=00000000 r17=00000000 r18=00000000 r19=00000000 
r20=00000000 r21=00000000 r22=00000000 r23=00000000 
r24=00000000 r25=00000000 r26=00000000 r27=00000000 
r28=00000000 r29=00000080 r30=00004000 r31=00000000 

r 0=00000000 r 1=00000001 r 2=000effff r 3=00003000 
r 4=00000001 r 5=00000002 r 6=80000000 r 7=00000000 
r 8=00000000 r 9=00000000 r10=00000000 r11=00000015 
r12=00000000 r13=00000000 r14=00000000 r15=00000000 
r16=00000000 r17=00000000 r18=00000000 r19=00000000 
r20=00000000 r21=00000000 r22=00000000 r23=00000000 
r24=00000000 r25=00000000 r26=00000000 r27=00000000 
r28=00000000 r29=00000080 r30=00004000 r31=00000000 

r 0=00000000 r 1=00000001 r 2=000effff r 3=00003000 
r 4=00000001 r 5=00000002 r 6=80000000 r 7=00000000 
r 8=00000000 r 9=00000000 r10=00000000 r11=00000015 
r12=00000000 r13=00000000 r14=00000000 r15=00000000 
r16=00000000 r17=00000000 r18=00000000 r19=00000000 
r20=00000000 r21=00000000 r22=00000000 r23=00000000 
r24=00000000 r25=00000000 r26=00000000 r27=00000000 
r28=00000000 r29=00000080 r30=00004000 r31=00000000 

r 0=00000000 r 1=00000001 r 2=000effff r 3=00003000 
r 4=00000002 r 5=00000002 r 6=80000000 r 7=00000000 
r 8=00000000 r 9=00000000 r10=00000000 r11=00000015 
r12=00000000 r13=00000000 r14=00000000 r15=00000000 
r16=00000000 r17=00000000 r18=00000000 r19=00000000 
r20=00000000 r21=00000000 r22=00000000 r23=00000000 
r24=00000000 r25=00000000 r26=00000000 r27=00000000 
r28=00000000 r29=00000080 r30=00004000 r31=00000000 

r 0=00000000 r 1=00000001 r 2=000effff r 3=00003000 
r 4=00000002 r 5=00000002 r 6=80000000 r 7=00000000 
r 8=00000000 r 9=00000000 r10=00000000 r11=00000015 
r12=00000000 r13=00000000 r14=00000000 r15=00000000 
r16=00000000 r17=00000000 r18=00000000 r19=00000000 
r20=00000000 r21=00000000 r22=00000000 r23=00000000 
r24=00000000 r25=00000000 r26=00000000 r27=00000000 
r28=00000000 r29=00000080 r30=00004000 r31=00000000 

r 0=00000000 r 1=00000001 r 2=000effff r 3=00003000 
r 4=00000002 r 5=00000002 r 6=80000000 r 7=00000000 
r 8=00000000 r 9=00000000 r10=00000000 r11=00000015 
r12=00000000 r13=00000000 r14=00000000 r15=00000000 
r16=00000000 r17=00000000 r18=00000000 r19=00000000 
r20=00000000 r21=00000000 r22=00000000 r23=00000000 
r24=00000000 r25=00000000 r26=00000000 r27=00000000 
r28=00000000 r29=00000080 r30=00004000 r31=00000000 

r 0=00000000 r 1=00000001 r 2=000effff r 3=00003000 
r 4=00000002 r 5=00000002 r 6=80000000 r 7=00000000 
r 8=00000000 r 9=00000000 r10=00000000 r11=00000015 
r12=00000000 r13=00000000 r14=00000000 r15=00000000 
r16=00000000 r17=00000000 r18=00000000 r19=00000000 
r20=00000000 r21=00000000 r22=00000000 r23=00000000 
r24=00000000 r25=00000000 r26=00000000 r27=00000000 
r28=00000000 r29=00004000 r30=00004000 r31=00000000 

r 0=00000000 r 1=00000001 r 2=000effff r 3=00003000 
r 4=00000002 r 5=00000002 r 6=80000000 r 7=00000000 
r 8=00000000 r 9=00000000 r10=00000000 r11=00000015 
r12=00000000 r13=00000000 r14=00000000 r15=00000000 
r16=00000000 r17=00000000 r18=00000000 r19=00000000 
r20=00000000 r21=00000000 r22=00000000 r23=00000000 
r24=00000000 r25=00000000 r26=00000000 r27=00000000 
r28=00000000 r29=00004000 r30=00004000 r31=00000000 

r 0=00000000 r 1=00000001 r 2=000effff r 3=00003000 
r 4=00000002 r 5=00000002 r 6=80000000 r 7=00000000 
r 8=00000000 r 9=00000000 r10=00000000 r11=00000015 
r12=00000000 r13=00000000 r14=00000000 r15=00000000 
r16=00000000 r17=00000000 r18=00000000 r19=00000000 
r20=00000000 r21=00000000 r22=00000000 r23=00000000 
r24=00000000 r25=00000000 r26=00000000 r27=00000000 
r28=00000000 r29=00004000 r30=00004000 r31=00000000 

r 0=00000000 r 1=00000001 r 2=000effff r 3=00003000 
r 4=00000002 r 5=00000002 r 6=80000000 r 7=00000000 
r 8=00000000 r 9=00000000 r10=00000000 r11=00000016 
r12=00000000 r13=00000000 r14=00000000 r15=00000000 
r16=00000000 r17=00000000 r18=00000000 r19=00000000 
r20=00000000 r21=00000000 r22=00000000 r23=00000000 
r24=00000000 r25=00000000 r26=00000000 r27=00000000 
r28=00000000 r29=00004000 r30=00004000 r31=00000000 

r 0=00000000 r 1=00000001 r 2=000effff r 3=00003000 
r 4=00000000 r 5=00000002 r 6=80000000 r 7=00000000 
r 8=00000000 r 9=00000000 r10=00000000 r11=00000016 
r12=00000000 r13=00000000 r14=00000000 r15=00000000 
r16=00000000 r17=00000000 r18=00000000 r19=00000000 
r20=00000000 r21=00000000 r22=00000000 r23=00000000 
r24=00000000 r25=00000000 r26=00000000 r27=00000000 
r28=00000000 r29=00004000 r30=00004000 r31=00000000 

r 0=00000000 r 1=00000001 r 2=000effff r 3=00003000 
r 4=00000000 r 5=00000002 r 6=80000000 r 7=00000000 
r 8=00000000 r 9=00000000 r10=00000000 r11=00000016 
r12=00000000 r13=00000000 r14=00000000 r15=00000000 
r16=00000000 r17=00000000 r18=00000000 r19=00000000 
r20=00000000 r21=00000000 r22=00000000 r23=00000000 
r24=00000000 r25=00000000 r26=00000000 r27=00000000 
r28=00000000 r29=00004000 r30=00004000 r31=00000000 

r 0=00000000 r 1=00000001 r 2=000effff r 3=00003000 
r 4=00000000 r 5=00000002 r 6=80000000 r 7=00000000 
r 8=00000000 r 9=00000000 r10=00000000 r11=00000016 
r12=00000000 r13=00000000 r14=00000000 r15=00000000 
r16=00000000 r17=00000000 r18=00000000 r19=00000000 
r20=00000000 r21=00000000 r22=00000000 r23=00000000 
r24=00000000 r25=00000000 r26=00000000 r27=00000000 
r28=00000000 r29=00004000 r30=00004000 r31=00000000 

r 0=00000000 r 1=00000001 r 2=000effff r 3=00003000 
r 4=00000000 r 5=00000002 r 6=80000000 r 7=00000000 
r 8=00000000 r 9=00000000 r10=00000000 r11=00000016 
r12=00000000 r13=00000000 r14=00000000 r15=00000000 
r16=00000000 r17=00000000 r18=00000000 r19=00000000 
r20=00000000 r21=00000000 r22=00000000 r23=00000000 
r24=00000000 r25=00000000 r26=00000000 r27=00000000 
r28=00000000 r29=00004000 r30=00004000 r31=00000000 

r 0=00000000 r 1=00000001 r 2=000effff r 3=00003000 
r 4=00000000 r 5=00000002 r 6=80000000 r 7=00000000 
r 8=00000000 r 9=00000000 r10=00000000 r11=00000016 
r12=00000000 r13=00000000 r14=00000000 r15=00000000 
r16=00000000 r17=00000000 r18=00000000 r19=00000000 
r20=00000000 r21=00000000 r22=00000000 r23=00000000 
r24=00000000 r25=00000000 r26=00000000 r27=00000000 
r28=00000000 r29=00004000 r30=80000000 r31=00000000 

r 0=00000000 r 1=00000001 r 2=000effff r 3=00003000 
r 4=00000001 r 5=00000002 r 6=80000000 r 7=00000000 
r 8=00000000 r 9=00000000 r10=00000000 r11=00000016 
r12=00000000 r13=00000000 r14=00000000 r15=00000000 
r16=00000000 r17=00000000 r18=00000000 r19=00000000 
r20=00000000 r21=00000000 r22=00000000 r23=00000000 
r24=00000000 r25=00000000 r26=00000000 r27=00000000 
r28=00000000 r29=00004000 r30=80000000 r31=00000000 

r 0=00000000 r 1=00000001 r 2=000effff r 3=00003000 
r 4=00000001 r 5=00000002 r 6=80000000 r 7=00000000 
r 8=00000000 r 9=00000000 r10=00000000 r11=00000016 
r12=00000000 r13=00000000 r14=00000000 r15=00000000 
r16=00000000 r17=00000000 r18=00000000 r19=00000000 
r20=00000000 r21=00000000 r22=00000000 r23=00000000 
r24=00000000 r25=00000000 r26=00000000 r27=00000000 
r28=00000000 r29=00004000 r30=80000000 r31=00000000 

r 0=00000000 r 1=00000001 r 2=000effff r 3=00003000 
r 4=00000001 r 5=00000002 r 6=80000000 r 7=00000000 
r 8=00000000 r 9=00000000 r10=00000000 r11=00000016 
r12=00000000 r13=00000000 r14=00000000 r15=00000000 
r16=00000000 r17=00000000 r18=00000000 r19=00000000 
r20=00000000 r21=00000000 r22=00000000 r23=00000000 
r24=00000000 r25=00000000 r26=00000000 r27=00000000 
r28=00000000 r29=00004000 r30=80000000 r31=00000000 

r 0=00000000 r 1=00000001 r 2=000effff r 3=00003000 
r 4=00000001 r 5=00000002 r 6=80000000 r 7=00000000 
r 8=00000000 r 9=00000000 r10=00000000 r11=00000016 
r12=00000000 r13=00000000 r14=00000000 r15=00000000 
r16=00000000 r17=00000000 r18=00000000 r19=00000000 
r20=00000000 r21=00000000 r22=00000000 r23=00000000 
r24=00000000 r25=00000000 r26=00000000 r27=00000000 
r28=00000000 r29=00004000 r30=80000000 r31=00000000 

r 0=00000000 r 1=00000001 r 2=000effff r 3=00003000 
r 4=00000001 r 5=00000002 r 6=80000000 r 7=00000000 
r 8=00000000 r 9=00000000 r10=00000000 r11=00000016 
r12=00000000 r13=00000000 r14=00000000 r15=00000000 
r16=00000000 r17=00000000 r18=00000000 r19=00000000 
r20=00000000 r21=00000000 r22=00000000 r23=00000000 
r24=00000000 r25=00000000 r26=00000000 r27=00000000 
r28=00000000 r29=00004000 r30=80000000 r31=00000000 

r 0=00000000 r 1=00000001 r 2=000effff r 3=00003000 
r 4=00000001 r 5=00000002 r 6=80000000 r 7=00000000 
r 8=00000000 r 9=00000000 r10=00000000 r11=00000016 
r12=00000000 r13=00000000 r14=00000000 r15=00000000 
r16=00000000 r17=00000000 r18=00000000 r19=00000000 
r20=00000000 r21=00000000 r22=00000000 r23=00000000 
r24=00000000 r25=00000000 r26=00000000 r27=00000000 
r28=00000000 r29=00004000 r30=80000000 r31=00000000 

r 0=00000000 r 1=00000001 r 2=000effff r 3=00003000 
r 4=00000001 r 5=00000002 r 6=80000000 r 7=00000000 
r 8=00000000 r 9=00000000 r10=00000000 r11=00000016 
r12=00000000 r13=00000000 r14=00000000 r15=00000000 
r16=00000000 r17=00000000 r18=00000000 r19=00000000 
r20=00000000 r21=00000000 r22=00000000 r23=00000000 
r24=00000000 r25=00000000 r26=00000000 r27=00000000 
r28=00000000 r29=00004000 r30=80000000 r31=00000000 

r 0=00000000 r 1=00000001 r 2=000effff r 3=00003000 
r 4=00000002 r 5=00000002 r 6=80000000 r 7=00000000 
r 8=00000000 r 9=00000000 r10=00000000 r11=00000016 
r12=00000000 r13=00000000 r14=00000000 r15=00000000 
r16=00000000 r17=00000000 r18=00000000 r19=00000000 
r20=00000000 r21=00000000 r22=00000000 r23=00000000 
r24=00000000 r25=00000000 r26=00000000 r27=00000000 
r28=00000000 r29=00004000 r30=80000000 r31=00000000 

r 0=00000000 r 1=00000001 r 2=000effff r 3=00003000 
r 4=00000002 r 5=00000002 r 6=80000000 r 7=00000000 
r 8=00000000 r 9=00000000 r10=00000000 r11=00000016 
r12=00000000 r13=00000000 r14=00000000 r15=00000000 
r16=00000000 r17=00000000 r18=00000000 r19=00000000 
r20=00000000 r21=00000000 r22=00000000 r23=00000000 
r24=00000000 r25=00000000 r26=00000000 r27=00000000 
r28=00000000 r29=00004000 r30=80000000 r31=00000000 

r 0=00000000 r 1=00000001 r 2=000effff r 3=00003000 
r 4=00000002 r 5=00000002 r 6=80000000 r 7=00000000 
r 8=00000000 r 9=00000000 r10=00000000 r11=00000016 
r12=00000000 r13=00000000 r14=00000000 r15=00000000 
r16=00000000 r17=00000000 r18=00000000 r19=00000000 
r20=00000000 r21=00000000 r22=00000000 r23=00000000 
r24=00000000 r25=00000000 r26=00000000 r27=00000000 
r28=00000000 r29=00004000 r30=80000000 r31=00000000 

r 0=00000000 r 1=00000001 r 2=000effff r 3=00003000 
r 4=00000002 r 5=00000002 r 6=80000000 r 7=00000000 
r 8=00000000 r 9=00000000 r10=00000000 r11=00000016 
r12=00000000 r13=00000000 r14=00000000 r15=00000000 
r16=00000000 r17=00000000 r18=00000000 r19=00000000 
r20=00000000 r21=00000000 r22=00000000 r23=00000000 
r24=00000000 r25=00000000 r26=00000000 r27=00000000 
r28=00000000 r29=80000000 r30=80000000 r31=00000000 

r 0=00000000 r 1=00000001 r 2=000effff r 3=00003000 
r 4=00000002 r 5=00000002 r 6=80000000 r 7=00000000 
r 8=00000000 r 9=00000000 r10=00000000 r11=00000016 
r12=00000000 r13=00000000 r14=00000000 r15=00000000 
r16=00000000 r17=00000000 r18=00000000 r19=00000000 
r20=00000000 r21=00000000 r22=00000000 r23=00000000 
r24=00000000 r25=00000000 r26=00000000 r27=00000000 
r28=00000000 r29=80000000 r30=80000000 r31=00000000 

r 0=00000000 r 1=00000001 r 2=000effff r 3=00003000 
r 4=00000002 r 5=00000002 r 6=80000000 r 7=00000000 
r 8=00000000 r 9=00000000 r10=00000000 r11=00000016 
r12=00000000 r13=00000000 r14=00000000 r15=00000000 
r16=00000000 r17=00000000 r18=00000000 r19=00000000 
r20=00000000 r21=00000000 r22=00000000 r23=00000000 
r24=00000000 r25=00000000 r26=00000000 r27=00000000 
r28=00000000 r29=80000000 r30=80000000 r31=00000000 

r 0=00000000 r 1=00000001 r 2=000effff r 3=00003000 
r 4=00000002 r 5=00000002 r 6=80000000 r 7=00000000 
r 8=00000000 r 9=00000000 r10=00000000 r11=00000017 
r12=00000000 r13=00000000 r14=00000000 r15=00000000 
r16=00000000 r17=00000000 r18=00000000 r19=00000000 
r20=00000000 r21=00000000 r22=00000000 r23=00000000 
r24=00000000 r25=00000000 r26=00000000 r27=00000000 
r28=00000000 r29=80000000 r30=80000000 r31=00000000 

r 0=00000000 r 1=00000000 r 2=000effff r 3=00003000 
r 4=00000002 r 5=00000002 r 6=80000000 r 7=00000000 
r 8=00000000 r 9=00000000 r10=00000000 r11=00000017 
r12=00000000 r13=00000000 r14=00000000 r15=00000000 
r16=00000000 r17=00000000 r18=00000000 r19=00000000 
r20=00000000 r21=00000000 r22=00000000 r23=00000000 
r24=00000000 r25=00000000 r26=00000000 r27=00000000 
r28=00000000 r29=80000000 r30=80000000 r31=00000000 

r 0=00000000 r 1=00000000 r 2=000effff r 3=00003000 
r 4=00000002 r 5=00000002 r 6=80000000 r 7=00000000 
r 8=00000000 r 9=00000000 r10=00000000 r11=00000017 
r12=00000000 r13=00000000 r14=00000000 r15=00000000 
r16=00000000 r17=00000000 r18=00000000 r19=00000000 
r20=00000000 r21=00000000 r22=00000000 r23=00000000 
r24=00000000 r25=00000000 r26=00000000 r27=00000000 
r28=00000000 r29=00000000 r30=80000000 r31=00000000 

r 0=00000000 r 1=00000000 r 2=000effff r 3=00003000 
r 4=00000002 r 5=00000002 r 6=80000000 r 7=00000000 
r 8=00000000 r 9=00000000 r10=00000000 r11=00000017 
r12=00000000 r13=00000000 r14=00000000 r15=00000000 
r16=00000000 r17=00000000 r18=00000000 r19=00000000 
r20=00000000 r21=00000000 r22=00000000 r23=00000000 
r24=00000000 r25=00000000 r26=00000000 r27=00000000 
r28=00000000 r29=00000000 r30=80000000 r31=00000000 

r 0=00000000 r 1=00000000 r 2=000effff r 3=00003000 
r 4=00000002 r 5=00000002 r 6=80000000 r 7=00000000 
r 8=00000000 r 9=00000000 r10=00000000 r11=00000018 
r12=00000000 r13=00000000 r14=00000000 r15=00000000 
r16=00000000 r17=00000000 r18=00000000 r19=00000000 
r20=00000000 r21=00000000 r22=00000000 r23=00000000 
r24=00000000 r25=00000000 r26=00000000 r27=00000000 
r28=00000000 r29=00000000 r30=80000000 r31=00000000 

r 0=00000000 r 1=00000021 r 2=000effff r 3=00003000 
r 4=00000002 r 5=00000002 r 6=80000000 r 7=00000000 
r 8=00000000 r 9=00000000 r10=00000000 r11=00000018 
r12=00000000 r13=00000000 r14=00000000 r15=00000000 
r16=00000000 r17=00000000 r18=00000000 r19=00000000 
r20=00000000 r21=00000000 r22=00000000 r23=00000000 
r24=00000000 r25=00000000 r26=00000000 r27=00000000 
r28=00000000 r29=00000000 r30=80000000 r31=00000000 

r 0=00000000 r 1=00000021 r 2=000effff r 3=00003000 
r 4=00000002 r 5=00000002 r 6=80000000 r 7=00000000 
r 8=00000000 r 9=00000000 r10=00000000 r11=00000018 
r12=00000000 r13=00000000 r14=00000000 r15=00000000 
r16=00000000 r17=00000000 r18=00000000 r19=00000000 
r20=00000000 r21=00000000 r22=00000000 r23=00000000 
r24=00000000 r25=00000000 r26=00000000 r27=00000000 
r28=00000000 r29=00000000 r30=80000000 r31=00000000 

r 0=00000000 r 1=00000021 r 2=000effff r 3=00003000 
r 4=00000002 r 5=00000002 r 6=80000000 r 7=00000000 
r 8=00000000 r 9=00000000 r10=00000000 r11=00000018 
r12=00000000 r13=00000000 r14=00000000 r15=00000000 
r16=00000000 r17=00000000 r18=00000000 r19=00000000 
r20=00000000 r21=00000000 r22=00000000 r23=00000000 
r24=00000000 r25=00000000 r26=00000000 r27=00000000 
r28=00000000 r29=00000000 r30=80000000 r31=00000000 

r 0=00000000 r 1=00000021 r 2=000effff r 3=00003000 
r 4=00000002 r 5=00000002 r 6=80000000 r 7=00000000 
r 8=00000000 r 9=00000000 r10=00000000 r11=00000018 
r12=00000000 r13=00000000 r14=00000000 r15=00000000 
r16=00000000 r17=00000000 r18=00000000 r19=00000000 
r20=00000000 r21=00000000 r22=00000000 r23=00000000 
r24=00000000 r25=00000000 r26=00000000 r27=00000000 
r28=00000000 r29=00000000 r30=80000000 r31=00000000 

r 0=00000000 r 1=00000021 r 2=000effff r 3=00003000 
r 4=00000002 r 5=00000002 r 6=80000000 r 7=00000000 
r 8=00000000 r 9=00000000 r10=0000000a r11=00000018 
r12=00000000 r13=00000000 r14=00000000 r15=00000000 
r16=00000000 r17=00000000 r18=00000000 r19=00000000 
r20=00000000 r21=00000000 r22=00000000 r23=00000000 
r24=00000000 r25=00000000 r26=00000000 r27=00000000 
r28=00000000 r29=00000000 r30=80000000 r31=00000000 

exiting the simulator
