r 0=00000000 r 1=00000000 r 2=000effff r 3=00003000 
r 4=00000000 r 5=00000000 r 6=00000000 r 7=00000000 
r 8=00000000 r 9=00000000 r10=00000000 r11=00000001 
r12=00000000 r13=00000000 r14=00000000 r15=00000000 
r16=00000000 r17=00000000 r18=00000000 r19=00000000 
r20=00000000 r21=00000000 r22=00000000 r23=00000000 
r24=00000000 r25=00000000 r26=00000000 r27=00000000 
r28=00000000 r29=00000000 r30=00000000 r31=00000000 

r 0=00000000 r 1=80000000 r 2=000effff r 3=00003000 
r 4=00000000 r 5=00000000 r 6=00000000 r 7=00000000 
r 8=00000000 r 9=00000000 r10=00000000 r11=00000001 
r12=00000000 r13=00000000 r14=00000000 r15=00000000 
r16=00000000 r17=00000000 r18=00000000 r19=00000000 
r20=00000000 r21=00000000 r22=00000000 r23=00000000 
r24=00000000 r25=00000000 r26=00000000 r27=00000000 
r28=00000000 r29=00000000 r30=00000000 r31=00000000 

r 0=00000000 r 1=80000000 r 2=000effff r 3=00003000 
r 4=00000000 r 5=00000000 r 6=00000000 r 7=00000000 
r 8=00000000 r 9=00000000 r10=00000000 r11=00000001 
r12=00000000 r13=00000000 r14=00000000 r15=00000000 
r16=00000000 r17=00000000 r18=00000000 r19=00000000 
r20=00000000 r21=00000000 r22=00000000 r23=00000000 
r24=00000000 r25=00000000 r26=00000000 r27=00000000 
r28=00000000 r29=00000000 r30=00000000 r31=00000000 

r 0=00000000 r 1=80000000 r 2=000effff r 3=00003000 
r 4=00000000 r 5=00000000 r 6=00000000 r 7=00000000 
r 8=00000000 r 9=00000000 r10=00000000 r11=00000001 
r12=00000000 r13=00000000 r14=00000000 r15=00000000 
r16=00000000 r17=00000000 r18=00000000 r19=00000000 
r20=00000000 r21=00000000 r22=00000000 r23=00000000 
r24=00000000 r25=00000000 r26=00000000 r27=00000000 
r28=00000000 r29=00000000 r30=80000000 r31=00000000 

r 0=00000000 r 1=80000000 r 2=000effff r 3=00003000 
r 4=00000000 r 5=00000000 r 6=00000000 r 7=00000000 
r 8=00000000 r 9=00000000 r10=00000000 r11=00000001 
r12=00000000 r13=00000000 r14=00000000 r15=00000000 
r16=00000000 r17=00000000 r18=00000000 r19=00000000 
r20=00000000 r21=00000000 r22=00000000 r23=00000000 
r24=00000000 r25=00000000 r26=00000000 r27=00000000 
r28=00000000 r29=80000000 r30=80000000 r31=00000000 

r 0=00000000 r 1=80000000 r 2=000effff r 3=00003000 
r 4=00000000 r 5=00000000 r 6=00000000 r 7=00000000 
r 8=00000000 r 9=00000000 r10=00000000 r11=00000001 
r12=00000000 r13=00000000 r14=00000000 r15=00000000 
r16=00000000 r17=00000000 r18=00000000 r19=00000000 
r20=00000000 r21=00000000 r22=00000000 r23=00000000 
r24=00000000 r25=00000000 r26=00000000 r27=00000000 
r28=00000000 r29=80000000 r30=80000000 r31=00000000 

r 0=00000000 r 1=80000000 r 2=000effff r 3=00003000 
r 4=00000000 r 5=00000000 r 6=00000000 r 7=00000000 
r 8=00000000 r 9=00000000 r10=00000000 r11=00000001 
r12=00000000 r13=00000000 r14=00000000 r15=00000000 
r16=00000000 r17=00000000 r18=00000000 r19=00000000 
r20=00000000 r21=00000000 r22=00000000 r23=00000000 
r24=00000000 r25=00000000 r26=00000000 r27=00000000 
r28=00000000 r29=80000000 r30=80000000 r31=00000000 

r 0=00000000 r 1=80000000 r 2=000effff r 3=00003000 
r 4=00000000 r 5=00000000 r 6=00000000 r 7=00000000 
r 8=00000000 r 9=00000000 r10=00000000 r11=00000002 
r12=00000000 r13=00000000 r14=00000000 r15=00000000 
r16=00000000 r17=00000000 r18=00000000 r19=00000000 
r20=00000000 r21=00000000 r22=00000000 r23=00000000 
r24=00000000 r25=00000000 r26=00000000 r27=00000000 
r28=00000000 r29=80000000 r30=80000000 r31=00000000 

r 0=00000000 r 1=80000000 r 2=000effff r 3=00003000 
r 4=00000000 r 5=00000000 r 6=00000000 r 7=00000000 
r 8=00000000 r 9=00000000 r10=00000000 r11=00000002 
r12=00000000 r13=00000000 r14=00000000 r15=00000000 
r16=00000000 r17=00000000 r18=00000000 r19=00000000 
r20=00000000 r21=00000000 r22=00000000 r23=00000000 
r24=00000000 r25=00000000 r26=00000000 r27=00000000 
r28=00000000 r29=80000000 r30=80000000 r31=00000000 

r 0=00000000 r 1=80000000 r 2=000effff r 3=00003000 
r 4=00000000 r 5=00000000 r 6=00000000 r 7=00000000 
r 8=00000000 r 9=00000000 r10=00000000 r11=00000002 
r12=00000000 r13=00000000 r14=00000000 r15=00000000 
r16=00000000 r17=00000000 r18=00000000 r19=00000000 
r20=00000000 r21=00000000 r22=00000000 r23=00000000 
r24=00000000 r25=00000000 r26=00000000 r27=00000000 
r28=00000000 r29=80000000 r30=80000000 r31=00000000 

r 0=00000000 r 1=80000000 r 2=000effff r 3=00003000 
r 4=00000000 r 5=00000000 r 6=00000000 r 7=00000000 
r 8=00000000 r 9=00000000 r10=00000000 r11=00000002 
r12=00000000 r13=00000000 r14=00000000 r15=00000000 
r16=00000000 r17=00000000 r18=00000000 r19=00000000 
r20=00000000 r21=00000000 r22=00000000 r23=00000000 
r24=00000000 r25=00000000 r26=00000000 r27=00000000 
r28=00000000 r29=80000000 r30=40000000 r31=00000000 

r 0=00000000 r 1=80000000 r 2=000effff r 3=00003000 
r 4=00000000 r 5=00000000 r 6=00000000 r 7=00000000 
r 8=00000000 r 9=00000000 r10=00000000 r11=00000002 
r12=00000000 r13=00000000 r14=00000000 r15=00000000 
r16=00000000 r17=00000000 r18=00000000 r19=00000000 
r20=00000000 r21=00000000 r22=00000000 r23=00000000 
r24=00000000 r25=00000000 r26=00000000 r27=00000000 
r28=00000000 r29=40000000 r30=40000000 r31=00000000 

r 0=00000000 r 1=80000000 r 2=000effff r 3=00003000 
r 4=00000000 r 5=00000000 r 6=00000000 r 7=00000000 
r 8=00000000 r 9=00000000 r10=00000000 r11=00000002 
r12=00000000 r13=00000000 r14=00000000 r15=00000000 
r16=00000000 r17=00000000 r18=00000000 r19=00000000 
r20=00000000 r21=00000000 r22=00000000 r23=00000000 
r24=00000000 r25=00000000 r26=00000000 r27=00000000 
r28=00000000 r29=40000000 r30=40000000 r31=00000000 

r 0=00000000 r 1=80000000 r 2=000effff r 3=00003000 
r 4=00000000 r 5=00000000 r 6=00000000 r 7=00000000 
r 8=00000000 r 9=00000000 r10=00000000 r11=00000002 
r12=00000000 r13=00000000 r14=00000000 r15=00000000 
r16=00000000 r17=00000000 r18=00000000 r19=00000000 
r20=00000000 r21=00000000 r22=00000000 r23=00000000 
r24=00000000 r25=00000000 r26=00000000 r27=00000000 
r28=00000000 r29=40000000 r30=40000000 r31=00000000 

r 0=00000000 r 1=80000000 r 2=000effff r 3=00003000 
r 4=00000000 r 5=00000000 r 6=00000000 r 7=00000000 
r 8=00000000 r 9=00000000 r10=00000000 r11=00000003 
r12=00000000 r13=00000000 r14=00000000 r15=00000000 
r16=00000000 r17=00000000 r18=00000000 r19=00000000 
r20=00000000 r21=00000000 r22=00000000 r23=00000000 
r24=00000000 r25=00000000 r26=00000000 r27=00000000 
r28=00000000 r29=40000000 r30=40000000 r31=00000000 

r 0=00000000 r 1=80000000 r 2=000effff r 3=00003000 
r 4=00000000 r 5=00000000 r 6=00000000 r 7=00000000 
r 8=00000000 r 9=00000000 r10=00000000 r11=00000003 
r12=00000000 r13=00000000 r14=00000000 r15=00000000 
r16=00000000 r17=00000000 r18=00000000 r19=00000000 
r20=00000000 r21=00000000 r22=00000000 r23=00000000 
r24=00000000 r25=00000000 r26=00000000 r27=00000000 
r28=00000000 r29=40000000 r30=40000000 r31=00000000 

r 0=00000000 r 1=80000000 r 2=000effff r 3=00003000 
r 4=00000000 r 5=00000000 r 6=00000000 r 7=00000000 
r 8=00000000 r 9=00000000 r10=00000000 r11=00000003 
r12=00000000 r13=00000000 r14=00000000 r15=00000000 
r16=00000000 r17=00000000 r18=00000000 r19=00000000 
r20=00000000 r21=00000000 r22=00000000 r23=00000000 
r24=00000000 r25=00000000 r26=00000000 r27=00000000 
r28=00000000 r29=40000000 r30=40000000 r31=00000000 

r 0=00000000 r 1=80000000 r 2=000effff r 3=00003000 
r 4=00000000 r 5=00000000 r 6=00000000 r 7=00000000 
r 8=00000000 r 9=00000000 r10=00000000 r11=00000003 
r12=00000000 r13=00000000 r14=00000000 r15=00000000 
r16=00000000 r17=00000000 r18=00000000 r19=00000000 
r20=00000000 r21=00000000 r22=00000000 r23=00000000 
r24=00000000 r25=00000000 r26=00000000 r27=00000000 
r28=00000000 r29=40000000 r30=01000000 r31=00000000 

r 0=00000000 r 1=80000000 r 2=000effff r 3=00003000 
r 4=00000000 r 5=00000000 r 6=00000000 r 7=00000000 
r 8=00000000 r 9=00000000 r10=00000000 r11=00000003 
r12=00000000 r13=00000000 r14=00000000 r15=00000000 
r16=00000000 r17=00000000 r18=00000000 r19=00000000 
r20=00000000 r21=00000000 r22=00000000 r23=00000000 
r24=00000000 r25=00000000 r26=00000000 r27=00000000 
r28=00000000 r29=01000000 r30=01000000 r31=00000000 

r 0=00000000 r 1=80000000 r 2=000effff r 3=00003000 
r 4=00000000 r 5=00000000 r 6=00000000 r 7=00000000 
r 8=00000000 r 9=00000000 r10=00000000 r11=00000003 
r12=00000000 r13=00000000 r14=00000000 r15=00000000 
r16=00000000 r17=00000000 r18=00000000 r19=00000000 
r20=00000000 r21=00000000 r22=00000000 r23=00000000 
r24=00000000 r25=00000000 r26=00000000 r27=00000000 
r28=00000000 r29=01000000 r30=01000000 r31=00000000 

r 0=00000000 r 1=80000000 r 2=000effff r 3=00003000 
r 4=00000000 r 5=00000000 r 6=00000000 r 7=00000000 
r 8=00000000 r 9=00000000 r10=00000000 r11=00000003 
r12=00000000 r13=00000000 r14=00000000 r15=00000000 
r16=00000000 r17=00000000 r18=00000000 r19=00000000 
r20=00000000 r21=00000000 r22=00000000 r23=00000000 
r24=00000000 r25=00000000 r26=00000000 r27=00000000 
r28=00000000 r29=01000000 r30=01000000 r31=00000000 

r 0=00000000 r 1=80000000 r 2=000effff r 3=00003000 
r 4=00000000 r 5=00000000 r 6=00000000 r 7=00000000 
r 8=00000000 r 9=00000000 r10=00000000 r11=00000004 
r12=00000000 r13=00000000 r14=00000000 r15=00000000 
r16=00000000 r17=00000000 r18=00000000 r19=00000000 
r20=00000000 r21=00000000 r22=00000000 r23=00000000 
r24=00000000 r25=00000000 r26=00000000 r27=00000000 
r28=00000000 r29=01000000 r30=01000000 r31=00000000 

r 0=00000000 r 1=80000000 r 2=000effff r 3=00003000 
r 4=00000000 r 5=00000000 r 6=00000000 r 7=00000000 
r 8=00000000 r 9=00000000 r10=00000000 r11=00000004 
r12=00000000 r13=00000000 r14=00000000 r15=00000000 
r16=00000000 r17=00000000 r18=00000000 r19=00000000 
r20=00000000 r21=00000000 r22=00000000 r23=00000000 
r24=00000000 r25=00000000 r26=00000000 r27=00000000 
r28=00000000 r29=01000000 r30=01000000 r31=00000000 

r 0=00000000 r 1=80000000 r 2=000effff r 3=00003000 
r 4=00000000 r 5=00000000 r 6=00000000 r 7=00000000 
r 8=00000000 r 9=00000000 r10=00000000 r11=00000004 
r12=00000000 r13=00000000 r14=00000000 r15=00000000 
r16=00000000 r17=00000000 r18=00000000 r19=00000000 
r20=00000000 r21=00000000 r22=00000000 r23=00000000 
r24=00000000 r25=00000000 r26=00000000 r27=00000000 
r28=00000000 r29=01000000 r30=01000000 r31=00000000 

r 0=00000000 r 1=80000000 r 2=000effff r 3=00003000 
r 4=00000000 r 5=00000000 r 6=00000000 r 7=00000000 
r 8=00000000 r 9=00000000 r10=00000000 r11=00000004 
r12=00000000 r13=00000000 r14=00000000 r15=00000000 
r16=00000000 r17=00000000 r18=00000000 r19=00000000 
r20=00000000 r21=00000000 r22=00000000 r23=00000000 
r24=00000000 r25=00000000 r26=00000000 r27=00000000 
r28=00000000 r29=01000000 r30=00020000 r31=00000000 

r 0=00000000 r 1=80000000 r 2=000effff r 3=00003000 
r 4=00000000 r 5=00000000 r 6=00000000 r 7=00000000 
r 8=00000000 r 9=00000000 r10=00000000 r11=00000004 
r12=00000000 r13=00000000 r14=00000000 r15=00000000 
r16=00000000 r17=00000000 r18=00000000 r19=00000000 
r20=00000000 r21=00000000 r22=00000000 r23=00000000 
r24=00000000 r25=00000000 r26=00000000 r27=00000000 
r28=00000000 r29=00020000 r30=00020000 r31=00000000 

r 0=00000000 r 1=80000000 r 2=000effff r 3=00003000 
r 4=00000000 r 5=00000000 r 6=00000000 r 7=00000000 
r 8=00000000 r 9=00000000 r10=00000000 r11=00000004 
r12=00000000 r13=00000000 r14=00000000 r15=00000000 
r16=00000000 r17=00000000 r18=00000000 r19=00000000 
r20=00000000 r21=00000000 r22=00000000 r23=00000000 
r24=00000000 r25=00000000 r26=00000000 r27=00000000 
r28=00000000 r29=00020000 r30=00020000 r31=00000000 

r 0=00000000 r 1=80000000 r 2=000effff r 3=00003000 
r 4=00000000 r 5=00000000 r 6=00000000 r 7=00000000 
r 8=00000000 r 9=00000000 r10=00000000 r11=00000004 
r12=00000000 r13=00000000 r14=00000000 r15=00000000 
r16=00000000 r17=00000000 r18=00000000 r19=00000000 
r20=00000000 r21=00000000 r22=00000000 r23=00000000 
r24=00000000 r25=00000000 r26=00000000 r27=00000000 
r28=00000000 r29=00020000 r30=00020000 r31=00000000 

r 0=00000000 r 1=80000000 r 2=000effff r 3=00003000 
r 4=00000000 r 5=00000000 r 6=00000000 r 7=00000000 
r 8=00000000 r 9=00000000 r10=00000000 r11=00000005 
r12=00000000 r13=00000000 r14=00000000 r15=00000000 
r16=00000000 r17=00000000 r18=00000000 r19=00000000 
r20=00000000 r21=00000000 r22=00000000 r23=00000000 
r24=00000000 r25=00000000 r26=00000000 r27=00000000 
r28=00000000 r29=00020000 r30=00020000 r31=00000000 

r 0=00000000 r 1=80000000 r 2=000effff r 3=00003000 
r 4=00000000 r 5=00000000 r 6=00000000 r 7=00000000 
r 8=00000000 r 9=00000000 r10=00000000 r11=00000005 
r12=00000000 r13=00000000 r14=00000000 r15=00000000 
r16=00000000 r17=00000000 r18=00000000 r19=00000000 
r20=00000000 r21=00000000 r22=00000000 r23=00000000 
r24=00000000 r25=00000000 r26=00000000 r27=00000000 
r28=00000000 r29=00020000 r30=00020000 r31=00000000 

r 0=00000000 r 1=80000001 r 2=000effff r 3=00003000 
r 4=00000000 r 5=00000000 r 6=00000000 r 7=00000000 
r 8=00000000 r 9=00000000 r10=00000000 r11=00000005 
r12=00000000 r13=00000000 r14=00000000 r15=00000000 
r16=00000000 r17=00000000 r18=00000000 r19=00000000 
r20=00000000 r21=00000000 r22=00000000 r23=00000000 
r24=00000000 r25=00000000 r26=00000000 r27=00000000 
r28=00000000 r29=00020000 r30=00020000 r31=00000000 

r 0=00000000 r 1=80000001 r 2=000effff r 3=00003000 
r 4=00000000 r 5=00000000 r 6=00000000 r 7=00000000 
r 8=00000000 r 9=00000000 r10=00000000 r11=00000005 
r12=00000000 r13=00000000 r14=00000000 r15=00000000 
r16=00000000 r17=00000000 r18=00000000 r19=00000000 
r20=00000000 r21=00000000 r22=00000000 r23=00000000 
r24=00000000 r25=00000000 r26=00000000 r27=00000000 
r28=00000000 r29=00020000 r30=00000001 r31=00000000 

r 0=00000000 r 1=80000001 r 2=000effff r 3=00003000 
r 4=00000000 r 5=00000000 r 6=00000000 r 7=00000000 
r 8=00000000 r 9=00000000 r10=00000000 r11=00000005 
r12=00000000 r13=00000000 r14=00000000 r15=00000000 
r16=00000000 r17=00000000 r18=00000000 r19=00000000 
r20=00000000 r21=00000000 r22=00000000 r23=00000000 
r24=00000000 r25=00000000 r26=00000000 r27=00000000 
r28=00000000 r29=00000001 r30=00000001 r31=00000000 

r 0=00000000 r 1=80000001 r 2=000effff r 3=00003000 
r 4=00000000 r 5=00000000 r 6=00000000 r 7=00000000 
r 8=00000000 r 9=00000000 r10=00000000 r11=00000005 
r12=00000000 r13=00000000 r14=00000000 r15=00000000 
r16=00000000 r17=00000000 r18=00000000 r19=00000000 
r20=00000000 r21=00000000 r22=00000000 r23=00000000 
r24=00000000 r25=00000000 r26=00000000 r27=00000000 
r28=00000000 r29=00000001 r30=00000001 r31=00000000 

r 0=00000000 r 1=80000001 r 2=000effff r 3=00003000 
r 4=00000000 r 5=00000000 r 6=00000000 r 7=00000000 
r 8=00000000 r 9=00000000 r10=00000000 r11=00000006 
r12=00000000 r13=00000000 r14=00000000 r15=00000000 
r16=00000000 r17=00000000 r18=00000000 r19=00000000 
r20=00000000 r21=00000000 r22=00000000 r23=00000000 
r24=00000000 r25=00000000 r26=00000000 r27=00000000 
r28=00000000 r29=00000001 r30=00000001 r31=00000000 

r 0=00000000 r 1=ffffffff r 2=000effff r 3=00003000 
r 4=00000000 r 5=00000000 r 6=00000000 r 7=00000000 
r 8=00000000 r 9=00000000 r10=00000000 r11=00000006 
r12=00000000 r13=00000000 r14=00000000 r15=00000000 
r16=00000000 r17=00000000 r18=00000000 r19=00000000 
r20=00000000 r21=00000000 r22=00000000 r23=00000000 
r24=00000000 r25=00000000 r26=00000000 r27=00000000 
r28=00000000 r29=00000001 r30=00000001 r31=00000000 

r 0=00000000 r 1=ffffffff r 2=000effff r 3=00003000 
r 4=00000000 r 5=00000000 r 6=00000000 r 7=00000000 
r 8=00000000 r 9=00000000 r10=00000000 r11=00000006 
r12=00000000 r13=00000000 r14=00000000 r15=00000000 
r16=00000000 r17=00000000 r18=00000000 r19=00000000 
r20=00000000 r21=00000000 r22=00000000 r23=00000000 
r24=00000000 r25=00000000 r26=00000000 r27=00000000 
r28=00000000 r29=00000001 r30=ffffffff r31=00000000 

r 0=00000000 r 1=ffffffff r 2=000effff r 3=00003000 
r 4=00000000 r 5=00000000 r 6=00000000 r 7=00000000 
r 8=00000000 r 9=00000000 r10=00000000 r11=00000006 
r12=00000000 r13=00000000 r14=00000000 r15=00000000 
r16=00000000 r17=00000000 r18=00000000 r19=00000000 
r20=00000000 r21=00000000 r22=00000000 r23=00000000 
r24=00000000 r25=00000000 r26=00000000 r27=00000000 
r28=00000000 r29=ffffffff r30=ffffffff r31=00000000 

r 0=00000000 r 1=ffffffff r 2=000effff r 3=00003000 
r 4=00000000 r 5=00000000 r 6=00000000 r 7=00000000 
r 8=00000000 r 9=00000000 r10=00000000 r11=00000006 
r12=00000000 r13=00000000 r14=00000000 r15=00000000 
r16=00000000 r17=00000000 r18=00000000 r19=00000000 
r20=00000000 r21=00000000 r22=00000000 r23=00000000 
r24=00000000 r25=00000000 r26=00000000 r27=00000000 
r28=00000000 r29=ffffffff r30=ffffffff r31=00000000 

r 0=00000000 r 1=ffffffff r 2=000effff r 3=00003000 
r 4=00000000 r 5=00000000 r 6=00000000 r 7=00000000 
r 8=00000000 r 9=00000000 r10=00000000 r11=00000007 
r12=00000000 r13=00000000 r14=00000000 r15=00000000 
r16=00000000 r17=00000000 r18=00000000 r19=00000000 
r20=00000000 r21=00000000 r22=00000000 r23=00000000 
r24=00000000 r25=00000000 r26=00000000 r27=00000000 
r28=00000000 r29=ffffffff r30=ffffffff r31=00000000 

r 0=00000000 r 1=ffffffff r 2=000effff r 3=00003000 
r 4=00000000 r 5=00000000 r 6=00000000 r 7=00000000 
r 8=00000000 r 9=00000000 r10=00000000 r11=00000007 
r12=00000000 r13=00000000 r14=00000000 r15=00000000 
r16=00000000 r17=00000000 r18=00000000 r19=00000000 
r20=00000000 r21=00000000 r22=00000000 r23=00000000 
r24=00000000 r25=00000000 r26=00000000 r27=00000000 
r28=00000000 r29=ffffffff r30=ffffffff r31=00000000 

r 0=00000000 r 1=ffffffff r 2=000effff r 3=00003000 
r 4=00000000 r 5=00000000 r 6=00000000 r 7=00000000 
r 8=00000000 r 9=00000000 r10=00000000 r11=00000007 
r12=00000000 r13=00000000 r14=00000000 r15=00000000 
r16=00000000 r17=00000000 r18=00000000 r19=00000000 
r20=00000000 r21=00000000 r22=00000000 r23=00000000 
r24=00000000 r25=00000000 r26=00000000 r27=00000000 
r28=00000000 r29=ffffffff r30=7fffffff r31=00000000 

r 0=00000000 r 1=ffffffff r 2=000effff r 3=00003000 
r 4=00000000 r 5=00000000 r 6=00000000 r 7=00000000 
r 8=00000000 r 9=00000000 r10=00000000 r11=00000007 
r12=00000000 r13=00000000 r14=00000000 r15=00000000 
r16=00000000 r17=00000000 r18=00000000 r19=00000000 
r20=00000000 r21=00000000 r22=00000000 r23=00000000 
r24=00000000 r25=00000000 r26=00000000 r27=00000000 
r28=00000000 r29=80000000 r30=7fffffff r31=00000000 

r 0=00000000 r 1=ffffffff r 2=000effff r 3=00003000 
r 4=00000000 r 5=00000000 r 6=00000000 r 7=00000000 
r 8=00000000 r 9=00000000 r10=00000000 r11=00000007 
r12=00000000 r13=00000000 r14=00000000 r15=00000000 
r16=00000000 r17=00000000 r18=00000000 r19=00000000 
r20=00000000 r21=00000000 r22=00000000 r23=00000000 
r24=00000000 r25=00000000 r26=00000000 r27=00000000 
r28=00000000 r29=7fffffff r30=7fffffff r31=00000000 

r 0=00000000 r 1=ffffffff r 2=000effff r 3=00003000 
r 4=00000000 r 5=00000000 r 6=00000000 r 7=00000000 
r 8=00000000 r 9=00000000 r10=00000000 r11=00000007 
r12=00000000 r13=00000000 r14=00000000 r15=00000000 
r16=00000000 r17=00000000 r18=00000000 r19=00000000 
r20=00000000 r21=00000000 r22=00000000 r23=00000000 
r24=00000000 r25=00000000 r26=00000000 r27=00000000 
r28=00000000 r29=7fffffff r30=7fffffff r31=00000000 

r 0=00000000 r 1=ffffffff r 2=000effff r 3=00003000 
r 4=00000000 r 5=00000000 r 6=00000000 r 7=00000000 
r 8=00000000 r 9=00000000 r10=00000000 r11=00000008 
r12=00000000 r13=00000000 r14=00000000 r15=00000000 
r16=00000000 r17=00000000 r18=00000000 r19=00000000 
r20=00000000 r21=00000000 r22=00000000 r23=00000000 
r24=00000000 r25=00000000 r26=00000000 r27=00000000 
r28=00000000 r29=7fffffff r30=7fffffff r31=00000000 

r 0=00000000 r 1=ffffffff r 2=000effff r 3=00003000 
r 4=00000000 r 5=00000000 r 6=00000000 r 7=00000000 
r 8=00000000 r 9=00000000 r10=00000000 r11=00000008 
r12=00000000 r13=00000000 r14=00000000 r15=00000000 
r16=00000000 r17=00000000 r18=00000000 r19=00000000 
r20=00000000 r21=00000000 r22=00000000 r23=00000000 
r24=00000000 r25=00000000 r26=00000000 r27=00000000 
r28=00000000 r29=7fffffff r30=7fffffff r31=00000000 

r 0=00000000 r 1=ffffffff r 2=000effff r 3=00003000 
r 4=00000000 r 5=00000000 r 6=00000000 r 7=00000000 
r 8=00000000 r 9=00000000 r10=00000000 r11=00000008 
r12=00000000 r13=00000000 r14=00000000 r15=00000000 
r16=00000000 r17=00000000 r18=00000000 r19=00000000 
r20=00000000 r21=00000000 r22=00000000 r23=00000000 
r24=00000000 r25=00000000 r26=00000000 r27=00000000 
r28=00000000 r29=7fffffff r30=01ffffff r31=00000000 

r 0=00000000 r 1=ffffffff r 2=000effff r 3=00003000 
r 4=00000000 r 5=00000000 r 6=00000000 r 7=00000000 
r 8=00000000 r 9=00000000 r10=00000000 r11=00000008 
r12=00000000 r13=00000000 r14=00000000 r15=00000000 
r16=00000000 r17=00000000 r18=00000000 r19=00000000 
r20=00000000 r21=00000000 r22=00000000 r23=00000000 
r24=00000000 r25=00000000 r26=00000000 r27=00000000 
r28=00000000 r29=02000000 r30=01ffffff r31=00000000 

r 0=00000000 r 1=ffffffff r 2=000effff r 3=00003000 
r 4=00000000 r 5=00000000 r 6=00000000 r 7=00000000 
r 8=00000000 r 9=00000000 r10=00000000 r11=00000008 
r12=00000000 r13=00000000 r14=00000000 r15=00000000 
r16=00000000 r17=00000000 r18=00000000 r19=00000000 
r20=00000000 r21=00000000 r22=00000000 r23=00000000 
r24=00000000 r25=00000000 r26=00000000 r27=00000000 
r28=00000000 r29=01ffffff r30=01ffffff r31=00000000 

r 0=00000000 r 1=ffffffff r 2=000effff r 3=00003000 
r 4=00000000 r 5=00000000 r 6=00000000 r 7=00000000 
r 8=00000000 r 9=00000000 r10=00000000 r11=00000008 
r12=00000000 r13=00000000 r14=00000000 r15=00000000 
r16=00000000 r17=00000000 r18=00000000 r19=00000000 
r20=00000000 r21=00000000 r22=00000000 r23=00000000 
r24=00000000 r25=00000000 r26=00000000 r27=00000000 
r28=00000000 r29=01ffffff r30=01ffffff r31=00000000 

r 0=00000000 r 1=ffffffff r 2=000effff r 3=00003000 
r 4=00000000 r 5=00000000 r 6=00000000 r 7=00000000 
r 8=00000000 r 9=00000000 r10=00000000 r11=00000009 
r12=00000000 r13=00000000 r14=00000000 r15=00000000 
r16=00000000 r17=00000000 r18=00000000 r19=00000000 
r20=00000000 r21=00000000 r22=00000000 r23=00000000 
r24=00000000 r25=00000000 r26=00000000 r27=00000000 
r28=00000000 r29=01ffffff r30=01ffffff r31=00000000 

r 0=00000000 r 1=ffffffff r 2=000effff r 3=00003000 
r 4=00000000 r 5=00000000 r 6=00000000 r 7=00000000 
r 8=00000000 r 9=00000000 r10=00000000 r11=00000009 
r12=00000000 r13=00000000 r14=00000000 r15=00000000 
r16=00000000 r17=00000000 r18=00000000 r19=00000000 
r20=00000000 r21=00000000 r22=00000000 r23=00000000 
r24=00000000 r25=00000000 r26=00000000 r27=00000000 
r28=00000000 r29=01ffffff r30=01ffffff r31=00000000 

r 0=00000000 r 1=ffffffff r 2=000effff r 3=00003000 
r 4=00000000 r 5=00000000 r 6=00000000 r 7=00000000 
r 8=00000000 r 9=00000000 r10=00000000 r11=00000009 
r12=00000000 r13=00000000 r14=00000000 r15=00000000 
r16=00000000 r17=00000000 r18=00000000 r19=00000000 
r20=00000000 r21=00000000 r22=00000000 r23=00000000 
r24=00000000 r25=00000000 r26=00000000 r27=00000000 
r28=00000000 r29=01ffffff r30=0003ffff r31=00000000 

r 0=00000000 r 1=ffffffff r 2=000effff r 3=00003000 
r 4=00000000 r 5=00000000 r 6=00000000 r 7=00000000 
r 8=00000000 r 9=00000000 r10=00000000 r11=00000009 
r12=00000000 r13=00000000 r14=00000000 r15=00000000 
r16=00000000 r17=00000000 r18=00000000 r19=00000000 
r20=00000000 r21=00000000 r22=00000000 r23=00000000 
r24=00000000 r25=00000000 r26=00000000 r27=00000000 
r28=00000000 r29=00040000 r30=0003ffff r31=00000000 

r 0=00000000 r 1=ffffffff r 2=000effff r 3=00003000 
r 4=00000000 r 5=00000000 r 6=00000000 r 7=00000000 
r 8=00000000 r 9=00000000 r10=00000000 r11=00000009 
r12=00000000 r13=00000000 r14=00000000 r15=00000000 
r16=00000000 r17=00000000 r18=00000000 r19=00000000 
r20=00000000 r21=00000000 r22=00000000 r23=00000000 
r24=00000000 r25=00000000 r26=00000000 r27=00000000 
r28=00000000 r29=0003ffff r30=0003ffff r31=00000000 

r 0=00000000 r 1=ffffffff r 2=000effff r 3=00003000 
r 4=00000000 r 5=00000000 r 6=00000000 r 7=00000000 
r 8=00000000 r 9=00000000 r10=00000000 r11=00000009 
r12=00000000 r13=00000000 r14=00000000 r15=00000000 
r16=00000000 r17=00000000 r18=00000000 r19=00000000 
r20=00000000 r21=00000000 r22=00000000 r23=00000000 
r24=00000000 r25=00000000 r26=00000000 r27=00000000 
r28=00000000 r29=0003ffff r30=0003ffff r31=00000000 

r 0=00000000 r 1=ffffffff r 2=000effff r 3=00003000 
r 4=00000000 r 5=00000000 r 6=00000000 r 7=00000000 
r 8=00000000 r 9=00000000 r10=00000000 r11=0000000a 
r12=00000000 r13=00000000 r14=00000000 r15=00000000 
r16=00000000 r17=00000000 r18=00000000 r19=00000000 
r20=00000000 r21=00000000 r22=00000000 r23=00000000 
r24=00000000 r25=00000000 r26=00000000 r27=00000000 
r28=00000000 r29=0003ffff r30=0003ffff r31=00000000 

r 0=00000000 r 1=ffffffff r 2=000effff r 3=00003000 
r 4=00000000 r 5=00000000 r 6=00000000 r 7=00000000 
r 8=00000000 r 9=00000000 r10=00000000 r11=0000000a 
r12=00000000 r13=00000000 r14=00000000 r15=00000000 
r16=00000000 r17=00000000 r18=00000000 r19=00000000 
r20=00000000 r21=00000000 r22=00000000 r23=00000000 
r24=00000000 r25=00000000 r26=00000000 r27=00000000 
r28=00000000 r29=0003ffff r30=0003ffff r31=00000000 

r 0=00000000 r 1=ffffffff r 2=000effff r 3=00003000 
r 4=00000000 r 5=00000000 r 6=00000000 r 7=00000000 
r 8=00000000 r 9=00000000 r10=00000000 r11=0000000a 
r12=00000000 r13=00000000 r14=00000000 r15=00000000 
r16=00000000 r17=00000000 r18=00000000 r19=00000000 
r20=00000000 r21=00000000 r22=00000000 r23=00000000 
r24=00000000 r25=00000000 r26=00000000 r27=00000000 
r28=00000000 r29=0003ffff r30=00000001 r31=00000000 

r 0=00000000 r 1=ffffffff r 2=000effff r 3=00003000 
r 4=00000000 r 5=00000000 r 6=00000000 r 7=00000000 
r 8=00000000 r 9=00000000 r10=00000000 r11=0000000a 
r12=00000000 r13=00000000 r14=00000000 r15=00000000 
r16=00000000 r17=00000000 r18=00000000 r19=00000000 
r20=00000000 r21=00000000 r22=00000000 r23=00000000 
r24=00000000 r25=00000000 r26=00000000 r27=00000000 
r28=00000000 r29=00000001 r30=00000001 r31=00000000 

r 0=00000000 r 1=ffffffff r 2=000effff r 3=00003000 
r 4=00000000 r 5=00000000 r 6=00000000 r 7=00000000 
r 8=00000000 r 9=00000000 r10=00000000 r11=0000000a 
r12=00000000 r13=00000000 r14=00000000 r15=00000000 
r16=00000000 r17=00000000 r18=00000000 r19=00000000 
r20=00000000 r21=00000000 r22=00000000 r23=00000000 
r24=00000000 r25=00000000 r26=00000000 r27=00000000 
r28=00000000 r29=00000001 r30=00000001 r31=00000000 

r 0=00000000 r 1=ffffffff r 2=000effff r 3=00003000 
r 4=00000000 r 5=00000000 r 6=00000000 r 7=00000000 
r 8=00000000 r 9=00000000 r10=00000000 r11=0000000b 
r12=00000000 r13=00000000 r14=00000000 r15=00000000 
r16=00000000 r17=00000000 r18=00000000 r19=00000000 
r20=00000000 r21=00000000 r22=00000000 r23=00000000 
r24=00000000 r25=00000000 r26=00000000 r27=00000000 
r28=00000000 r29=00000001 r30=00000001 r31=00000000 

r 0=00000000 r 1=21212000 r 2=000effff r 3=00003000 
r 4=00000000 r 5=00000000 r 6=00000000 r 7=00000000 
r 8=00000000 r 9=00000000 r10=00000000 r11=0000000b 
r12=00000000 r13=00000000 r14=00000000 r15=00000000 
r16=00000000 r17=00000000 r18=00000000 r19=00000000 
r20=00000000 r21=00000000 r22=00000000 r23=00000000 
r24=00000000 r25=00000000 r26=00000000 r27=00000000 
r28=00000000 r29=00000001 r30=00000001 r31=00000000 

r 0=00000000 r 1=21212121 r 2=000effff r 3=00003000 
r 4=00000000 r 5=00000000 r 6=00000000 r 7=00000000 
r 8=00000000 r 9=00000000 r10=00000000 r11=0000000b 
r12=00000000 r13=00000000 r14=00000000 r15=00000000 
r16=00000000 r17=00000000 r18=00000000 r19=00000000 
r20=00000000 r21=00000000 r22=00000000 r23=00000000 
r24=00000000 r25=00000000 r26=00000000 r27=00000000 
r28=00000000 r29=00000001 r30=00000001 r31=00000000 

r 0=00000000 r 1=21212121 r 2=000effff r 3=00003000 
r 4=00000000 r 5=00000000 r 6=00000000 r 7=00000000 
r 8=00000000 r 9=00000000 r10=00000000 r11=0000000b 
r12=00000000 r13=00000000 r14=00000000 r15=00000000 
r16=00000000 r17=00000000 r18=00000000 r19=00000000 
r20=00000000 r21=00000000 r22=00000000 r23=00000000 
r24=00000000 r25=00000000 r26=00000000 r27=00000000 
r28=00000000 r29=00000001 r30=21212121 r31=00000000 

r 0=00000000 r 1=21212121 r 2=000effff r 3=00003000 
r 4=00000000 r 5=00000000 r 6=00000000 r 7=00000000 
r 8=00000000 r 9=00000000 r10=00000000 r11=0000000b 
r12=00000000 r13=00000000 r14=00000000 r15=00000000 
r16=00000000 r17=00000000 r18=00000000 r19=00000000 
r20=00000000 r21=00000000 r22=00000000 r23=00000000 
r24=00000000 r25=00000000 r26=00000000 r27=00000000 
r28=00000000 r29=21212000 r30=21212121 r31=00000000 

r 0=00000000 r 1=21212121 r 2=000effff r 3=00003000 
r 4=00000000 r 5=00000000 r 6=00000000 r 7=00000000 
r 8=00000000 r 9=00000000 r10=00000000 r11=0000000b 
r12=00000000 r13=00000000 r14=00000000 r15=00000000 
r16=00000000 r17=00000000 r18=00000000 r19=00000000 
r20=00000000 r21=00000000 r22=00000000 r23=00000000 
r24=00000000 r25=00000000 r26=00000000 r27=00000000 
r28=00000000 r29=21212121 r30=21212121 r31=00000000 

r 0=00000000 r 1=21212121 r 2=000effff r 3=00003000 
r 4=00000000 r 5=00000000 r 6=00000000 r 7=00000000 
r 8=00000000 r 9=00000000 r10=00000000 r11=0000000b 
r12=00000000 r13=00000000 r14=00000000 r15=00000000 
r16=00000000 r17=00000000 r18=00000000 r19=00000000 
r20=00000000 r21=00000000 r22=00000000 r23=00000000 
r24=00000000 r25=00000000 r26=00000000 r27=00000000 
r28=00000000 r29=21212121 r30=21212121 r31=00000000 

r 0=00000000 r 1=21212121 r 2=000effff r 3=00003000 
r 4=00000000 r 5=00000000 r 6=00000000 r 7=00000000 
r 8=00000000 r 9=00000000 r10=00000000 r11=0000000c 
r12=00000000 r13=00000000 r14=00000000 r15=00000000 
r16=00000000 r17=00000000 r18=00000000 r19=00000000 
r20=00000000 r21=00000000 r22=00000000 r23=00000000 
r24=00000000 r25=00000000 r26=00000000 r27=00000000 
r28=00000000 r29=21212121 r30=21212121 r31=00000000 

r 0=00000000 r 1=21212000 r 2=000effff r 3=00003000 
r 4=00000000 r 5=00000000 r 6=00000000 r 7=00000000 
r 8=00000000 r 9=00000000 r10=00000000 r11=0000000c 
r12=00000000 r13=00000000 r14=00000000 r15=00000000 
r16=00000000 r17=00000000 r18=00000000 r19=00000000 
r20=00000000 r21=00000000 r22=00000000 r23=00000000 
r24=00000000 r25=00000000 r26=00000000 r27=00000000 
r28=00000000 r29=21212121 r30=21212121 r31=00000000 

r 0=00000000 r 1=21212121 r 2=000effff r 3=00003000 
r 4=00000000 r 5=00000000 r 6=00000000 r 7=00000000 
r 8=00000000 r 9=00000000 r10=00000000 r11=0000000c 
r12=00000000 r13=00000000 r14=00000000 r15=00000000 
r16=00000000 r17=00000000 r18=00000000 r19=00000000 
r20=00000000 r21=00000000 r22=00000000 r23=00000000 
r24=00000000 r25=00000000 r26=00000000 r27=00000000 
r28=00000000 r29=21212121 r30=21212121 r31=00000000 

r 0=00000000 r 1=21212121 r 2=000effff r 3=00003000 
r 4=00000000 r 5=00000000 r 6=00000000 r 7=00000000 
r 8=00000000 r 9=00000000 r10=00000000 r11=0000000c 
r12=00000000 r13=00000000 r14=00000000 r15=00000000 
r16=00000000 r17=00000000 r18=00000000 r19=00000000 
r20=00000000 r21=00000000 r22=00000000 r23=00000000 
r24=00000000 r25=00000000 r26=00000000 r27=00000000 
r28=00000000 r29=21212121 r30=10909090 r31=00000000 

r 0=00000000 r 1=21212121 r 2=000effff r 3=00003000 
r 4=00000000 r 5=00000000 r 6=00000000 r 7=00000000 
r 8=00000000 r 9=00000000 r10=00000000 r11=0000000c 
r12=00000000 r13=00000000 r14=00000000 r15=00000000 
r16=00000000 r17=00000000 r18=00000000 r19=00000000 
r20=00000000 r21=00000000 r22=00000000 r23=00000000 
r24=00000000 r25=00000000 r26=00000000 r27=00000000 
r28=00000000 r29=10909000 r30=10909090 r31=00000000 

r 0=00000000 r 1=21212121 r 2=000effff r 3=00003000 
r 4=00000000 r 5=00000000 r 6=00000000 r 7=00000000 
r 8=00000000 r 9=00000000 r10=00000000 r11=0000000c 
r12=00000000 r13=00000000 r14=00000000 r15=00000000 
r16=00000000 r17=00000000 r18=00000000 r19=00000000 
r20=00000000 r21=00000000 r22=00000000 r23=00000000 
r24=00000000 r25=00000000 r26=00000000 r27=00000000 
r28=00000000 r29=10909090 r30=10909090 r31=00000000 

r 0=00000000 r 1=21212121 r 2=000effff r 3=00003000 
r 4=00000000 r 5=00000000 r 6=00000000 r 7=00000000 
r 8=00000000 r 9=00000000 r10=00000000 r11=0000000c 
r12=00000000 r13=00000000 r14=00000000 r15=00000000 
r16=00000000 r17=00000000 r18=00000000 r19=00000000 
r20=00000000 r21=00000000 r22=00000000 r23=00000000 
r24=00000000 r25=00000000 r26=00000000 r27=00000000 
r28=00000000 r29=10909090 r30=10909090 r31=00000000 

r 0=00000000 r 1=21212121 r 2=000effff r 3=00003000 
r 4=00000000 r 5=00000000 r 6=00000000 r 7=00000000 
r 8=00000000 r 9=00000000 r10=00000000 r11=0000000d 
r12=00000000 r13=00000000 r14=00000000 r15=00000000 
r16=00000000 r17=00000000 r18=00000000 r19=00000000 
r20=00000000 r21=00000000 r22=00000000 r23=00000000 
r24=00000000 r25=00000000 r26=00000000 r27=00000000 
r28=00000000 r29=10909090 r30=10909090 r31=00000000 

r 0=00000000 r 1=21212000 r 2=000effff r 3=00003000 
r 4=00000000 r 5=00000000 r 6=00000000 r 7=00000000 
r 8=00000000 r 9=00000000 r10=00000000 r11=0000000d 
r12=00000000 r13=00000000 r14=00000000 r15=00000000 
r16=00000000 r17=00000000 r18=00000000 r19=00000000 
r20=00000000 r21=00000000 r22=00000000 r23=00000000 
r24=00000000 r25=00000000 r26=00000000 r27=00000000 
r28=00000000 r29=10909090 r30=10909090 r31=00000000 

r 0=00000000 r 1=21212121 r 2=000effff r 3=00003000 
r 4=00000000 r 5=00000000 r 6=00000000 r 7=00000000 
r 8=00000000 r 9=00000000 r10=00000000 r11=0000000d 
r12=00000000 r13=00000000 r14=00000000 r15=00000000 
r16=00000000 r17=00000000 r18=00000000 r19=00000000 
r20=00000000 r21=00000000 r22=00000000 r23=00000000 
r24=00000000 r25=00000000 r26=00000000 r27=00000000 
r28=00000000 r29=10909090 r30=10909090 r31=00000000 

r 0=00000000 r 1=21212121 r 2=000effff r 3=00003000 
r 4=00000000 r 5=00000000 r 6=00000000 r 7=00000000 
r 8=00000000 r 9=00000000 r10=00000000 r11=0000000d 
r12=00000000 r13=00000000 r14=00000000 r15=00000000 
r16=00000000 r17=00000000 r18=00000000 r19=00000000 
r20=00000000 r21=00000000 r22=00000000 r23=00000000 
r24=00000000 r25=00000000 r26=00000000 r27=00000000 
r28=00000000 r29=10909090 r30=00424242 r31=00000000 

r 0=00000000 r 1=21212121 r 2=000effff r 3=00003000 
r 4=00000000 r 5=00000000 r 6=00000000 r 7=00000000 
r 8=00000000 r 9=00000000 r10=00000000 r11=0000000d 
r12=00000000 r13=00000000 r14=00000000 r15=00000000 
r16=00000000 r17=00000000 r18=00000000 r19=00000000 
r20=00000000 r21=00000000 r22=00000000 r23=00000000 
r24=00000000 r25=00000000 r26=00000000 r27=00000000 
r28=00000000 r29=00424000 r30=00424242 r31=00000000 

r 0=00000000 r 1=21212121 r 2=000effff r 3=00003000 
r 4=00000000 r 5=00000000 r 6=00000000 r 7=00000000 
r 8=00000000 r 9=00000000 r10=00000000 r11=0000000d 
r12=00000000 r13=00000000 r14=00000000 r15=00000000 
r16=00000000 r17=00000000 r18=00000000 r19=00000000 
r20=00000000 r21=00000000 r22=00000000 r23=00000000 
r24=00000000 r25=00000000 r26=00000000 r27=00000000 
r28=00000000 r29=00424242 r30=00424242 r31=00000000 

r 0=00000000 r 1=21212121 r 2=000effff r 3=00003000 
r 4=00000000 r 5=00000000 r 6=00000000 r 7=00000000 
r 8=00000000 r 9=00000000 r10=00000000 r11=0000000d 
r12=00000000 r13=00000000 r14=00000000 r15=00000000 
r16=00000000 r17=00000000 r18=00000000 r19=00000000 
r20=00000000 r21=00000000 r22=00000000 r23=00000000 
r24=00000000 r25=00000000 r26=00000000 r27=00000000 
r28=00000000 r29=00424242 r30=00424242 r31=00000000 

r 0=00000000 r 1=21212121 r 2=000effff r 3=00003000 
r 4=00000000 r 5=00000000 r 6=00000000 r 7=00000000 
r 8=00000000 r 9=00000000 r10=00000000 r11=0000000e 
r12=00000000 r13=00000000 r14=00000000 r15=00000000 
r16=00000000 r17=00000000 r18=00000000 r19=00000000 
r20=00000000 r21=00000000 r22=00000000 r23=00000000 
r24=00000000 r25=00000000 r26=00000000 r27=00000000 
r28=00000000 r29=00424242 r30=00424242 r31=00000000 

r 0=00000000 r 1=21212000 r 2=000effff r 3=00003000 
r 4=00000000 r 5=00000000 r 6=00000000 r 7=00000000 
r 8=00000000 r 9=00000000 r10=00000000 r11=0000000e 
r12=00000000 r13=00000000 r14=00000000 r15=00000000 
r16=00000000 r17=00000000 r18=00000000 r19=00000000 
r20=00000000 r21=00000000 r22=00000000 r23=00000000 
r24=00000000 r25=00000000 r26=00000000 r27=00000000 
r28=00000000 r29=00424242 r30=00424242 r31=00000000 

r 0=00000000 r 1=21212121 r 2=000effff r 3=00003000 
r 4=00000000 r 5=00000000 r 6=00000000 r 7=00000000 
r 8=00000000 r 9=00000000 r10=00000000 r11=0000000e 
r12=00000000 r13=00000000 r14=00000000 r15=00000000 
r16=00000000 r17=00000000 r18=00000000 r19=00000000 
r20=00000000 r21=00000000 r22=00000000 r23=00000000 
r24=00000000 r25=00000000 r26=00000000 r27=00000000 
r28=00000000 r29=00424242 r30=00424242 r31=00000000 

r 0=00000000 r 1=21212121 r 2=000effff r 3=00003000 
r 4=00000000 r 5=00000000 r 6=00000000 r 7=00000000 
r 8=00000000 r 9=00000000 r10=00000000 r11=0000000e 
r12=00000000 r13=00000000 r14=00000000 r15=00000000 
r16=00000000 r17=00000000 r18=00000000 r19=00000000 
r20=00000000 r21=00000000 r22=00000000 r23=00000000 
r24=00000000 r25=00000000 r26=00000000 r27=00000000 
r28=00000000 r29=00424242 r30=00008484 r31=00000000 

r 0=00000000 r 1=21212121 r 2=000effff r 3=00003000 
r 4=00000000 r 5=00000000 r 6=00000000 r 7=00000000 
r 8=00000000 r 9=00000000 r10=00000000 r11=0000000e 
r12=00000000 r13=00000000 r14=00000000 r15=00000000 
r16=00000000 r17=00000000 r18=00000000 r19=00000000 
r20=00000000 r21=00000000 r22=00000000 r23=00000000 
r24=00000000 r25=00000000 r26=00000000 r27=00000000 
r28=00000000 r29=00008000 r30=00008484 r31=00000000 

r 0=00000000 r 1=21212121 r 2=000effff r 3=00003000 
r 4=00000000 r 5=00000000 r 6=00000000 r 7=00000000 
r 8=00000000 r 9=00000000 r10=00000000 r11=0000000e 
r12=00000000 r13=00000000 r14=00000000 r15=00000000 
r16=00000000 r17=00000000 r18=00000000 r19=00000000 
r20=00000000 r21=00000000 r22=00000000 r23=00000000 
r24=00000000 r25=00000000 r26=00000000 r27=00000000 
r28=00000000 r29=00008484 r30=00008484 r31=00000000 

r 0=00000000 r 1=21212121 r 2=000effff r 3=00003000 
r 4=00000000 r 5=00000000 r 6=00000000 r 7=00000000 
r 8=00000000 r 9=00000000 r10=00000000 r11=0000000e 
r12=00000000 r13=00000000 r14=00000000 r15=00000000 
r16=00000000 r17=00000000 r18=00000000 r19=00000000 
r20=00000000 r21=00000000 r22=00000000 r23=00000000 
r24=00000000 r25=00000000 r26=00000000 r27=00000000 
r28=00000000 r29=00008484 r30=00008484 r31=00000000 

r 0=00000000 r 1=21212121 r 2=000effff r 3=00003000 
r 4=00000000 r 5=00000000 r 6=00000000 r 7=00000000 
r 8=00000000 r 9=00000000 r10=00000000 r11=0000000f 
r12=00000000 r13=00000000 r14=00000000 r15=00000000 
r16=00000000 r17=00000000 r18=00000000 r19=00000000 
r20=00000000 r21=00000000 r22=00000000 r23=00000000 
r24=00000000 r25=00000000 r26=00000000 r27=00000000 
r28=00000000 r29=00008484 r30=00008484 r31=00000000 

r 0=00000000 r 1=21212000 r 2=000effff r 3=00003000 
r 4=00000000 r 5=00000000 r 6=00000000 r 7=00000000 
r 8=00000000 r 9=00000000 r10=00000000 r11=0000000f 
r12=00000000 r13=00000000 r14=00000000 r15=00000000 
r16=00000000 r17=00000000 r18=00000000 r19=00000000 
r20=00000000 r21=00000000 r22=00000000 r23=00000000 
r24=00000000 r25=00000000 r26=00000000 r27=00000000 
r28=00000000 r29=00008484 r30=00008484 r31=00000000 

r 0=00000000 r 1=21212121 r 2=000effff r 3=00003000 
r 4=00000000 r 5=00000000 r 6=00000000 r 7=00000000 
r 8=00000000 r 9=00000000 r10=00000000 r11=0000000f 
r12=00000000 r13=00000000 r14=00000000 r15=00000000 
r16=00000000 r17=00000000 r18=00000000 r19=00000000 
r20=00000000 r21=00000000 r22=00000000 r23=00000000 
r24=00000000 r25=00000000 r26=00000000 r27=00000000 
r28=00000000 r29=00008484 r30=00008484 r31=00000000 

r 0=00000000 r 1=21212121 r 2=000effff r 3=00003000 
r 4=00000000 r 5=00000000 r 6=00000000 r 7=00000000 
r 8=00000000 r 9=00000000 r10=00000000 r11=0000000f 
r12=00000000 r13=00000000 r14=00000000 r15=00000000 
r16=00000000 r17=00000000 r18=00000000 r19=00000000 
r20=00000000 r21=00000000 r22=00000000 r23=00000000 
r24=00000000 r25=00000000 r26=00000000 r27=00000000 
r28=00000000 r29=00008484 r30=00000000 r31=00000000 

r 0=00000000 r 1=21212121 r 2=000effff r 3=00003000 
r 4=00000000 r 5=00000000 r 6=00000000 r 7=00000000 
r 8=00000000 r 9=00000000 r10=00000000 r11=0000000f 
r12=00000000 r13=00000000 r14=00000000 r15=00000000 
r16=00000000 r17=00000000 r18=00000000 r19=00000000 
r20=00000000 r21=00000000 r22=00000000 r23=00000000 
r24=00000000 r25=00000000 r26=00000000 r27=00000000 
r28=00000000 r29=00000000 r30=00000000 r31=00000000 

r 0=00000000 r 1=21212121 r 2=000effff r 3=00003000 
r 4=00000000 r 5=00000000 r 6=00000000 r 7=00000000 
r 8=00000000 r 9=00000000 r10=00000000 r11=0000000f 
r12=00000000 r13=00000000 r14=00000000 r15=00000000 
r16=00000000 r17=00000000 r18=00000000 r19=00000000 
r20=00000000 r21=00000000 r22=00000000 r23=00000000 
r24=00000000 r25=00000000 r26=00000000 r27=00000000 
r28=00000000 r29=00000000 r30=00000000 r31=00000000 

r 0=00000000 r 1=21212121 r 2=000effff r 3=00003000 
r 4=00000000 r 5=00000000 r 6=00000000 r 7=00000000 
r 8=00000000 r 9=00000000 r10=00000000 r11=00000010 
r12=00000000 r13=00000000 r14=00000000 r15=00000000 
r16=00000000 r17=00000000 r18=00000000 r19=00000000 
r20=00000000 r21=00000000 r22=00000000 r23=00000000 
r24=00000000 r25=00000000 r26=00000000 r27=00000000 
r28=00000000 r29=00000000 r30=00000000 r31=00000000 

r 0=00000000 r 1=80000000 r 2=000effff r 3=00003000 
r 4=00000000 r 5=00000000 r 6=00000000 r 7=00000000 
r 8=00000000 r 9=00000000 r10=00000000 r11=00000010 
r12=00000000 r13=00000000 r14=00000000 r15=00000000 
r16=00000000 r17=00000000 r18=00000000 r19=00000000 
r20=00000000 r21=00000000 r22=00000000 r23=00000000 
r24=00000000 r25=00000000 r26=00000000 r27=00000000 
r28=00000000 r29=00000000 r30=00000000 r31=00000000 

r 0=00000000 r 1=80000000 r 2=000effff r 3=00003000 
r 4=00000000 r 5=00000000 r 6=00000000 r 7=00000000 
r 8=00000000 r 9=00000000 r10=00000000 r11=00000010 
r12=00000000 r13=00000000 r14=00000000 r15=00000000 
r16=00000000 r17=00000000 r18=00000000 r19=00000000 
r20=00000000 r21=00000000 r22=00000000 r23=00000000 
r24=00000000 r25=00000000 r26=00000000 r27=00000000 
r28=00000000 r29=00000000 r30=00000000 r31=00000000 

r 0=00000000 r 1=01000000 r 2=000effff r 3=00003000 
r 4=00000000 r 5=00000000 r 6=00000000 r 7=00000000 
r 8=00000000 r 9=00000000 r10=00000000 r11=00000010 
r12=00000000 r13=00000000 r14=00000000 r15=00000000 
r16=00000000 r17=00000000 r18=00000000 r19=00000000 
r20=00000000 r21=00000000 r22=00000000 r23=00000000 
r24=00000000 r25=00000000 r26=00000000 r27=00000000 
r28=00000000 r29=00000000 r30=00000000 r31=00000000 

r 0=00000000 r 1=01000000 r 2=000effff r 3=00003000 
r 4=00000000 r 5=00000000 r 6=00000000 r 7=00000000 
r 8=00000000 r 9=00000000 r10=00000000 r11=00000010 
r12=00000000 r13=00000000 r14=00000000 r15=00000000 
r16=00000000 r17=00000000 r18=00000000 r19=00000000 
r20=00000000 r21=00000000 r22=00000000 r23=00000000 
r24=00000000 r25=00000000 r26=00000000 r27=00000000 
r28=00000000 r29=01000000 r30=00000000 r31=00000000 

r 0=00000000 r 1=01000000 r 2=000effff r 3=00003000 
r 4=00000000 r 5=00000000 r 6=00000000 r 7=00000000 
r 8=00000000 r 9=00000000 r10=00000000 r11=00000010 
r12=00000000 r13=00000000 r14=00000000 r15=00000000 
r16=00000000 r17=00000000 r18=00000000 r19=00000000 
r20=00000000 r21=00000000 r22=00000000 r23=00000000 
r24=00000000 r25=00000000 r26=00000000 r27=00000000 
r28=00000000 r29=01000000 r30=00000000 r31=00000000 

r 0=00000000 r 1=01000000 r 2=000effff r 3=00003000 
r 4=00000000 r 5=00000000 r 6=00000000 r 7=00000000 
r 8=00000000 r 9=00000000 r10=00000000 r11=00000010 
r12=00000000 r13=00000000 r14=00000000 r15=00000000 
r16=00000000 r17=00000000 r18=00000000 r19=00000000 
r20=00000000 r21=00000000 r22=00000000 r23=00000000 
r24=00000000 r25=00000000 r26=00000000 r27=00000000 
r28=00000000 r29=01000000 r30=00000000 r31=00000000 

r 0=00000000 r 1=01000000 r 2=000effff r 3=00003000 
r 4=00000000 r 5=00000000 r 6=00000000 r 7=00000000 
r 8=00000000 r 9=00000000 r10=00000000 r11=00000011 
r12=00000000 r13=00000000 r14=00000000 r15=00000000 
r16=00000000 r17=00000000 r18=00000000 r19=00000000 
r20=00000000 r21=00000000 r22=00000000 r23=00000000 
r24=00000000 r25=00000000 r26=00000000 r27=00000000 
r28=00000000 r29=01000000 r30=00000000 r31=00000000 

r 0=00000000 r 1=01000000 r 2=000effff r 3=00003000 
r 4=00000000 r 5=00000000 r 6=00000000 r 7=00000000 
r 8=00000000 r 9=00000000 r10=00000000 r11=00000011 
r12=00000000 r13=00000000 r14=00000000 r15=00000000 
r16=00000000 r17=00000000 r18=00000000 r19=00000000 
r20=00000000 r21=00000000 r22=00000000 r23=00000000 
r24=00000000 r25=00000000 r26=00000000 r27=00000000 
r28=00000000 r29=01000000 r30=00000000 r31=00000000 

r 0=00000000 r 1=80000000 r 2=000effff r 3=00003000 
r 4=00000000 r 5=00000000 r 6=00000000 r 7=00000000 
r 8=00000000 r 9=00000000 r10=00000000 r11=00000011 
r12=00000000 r13=00000000 r14=00000000 r15=00000000 
r16=00000000 r17=00000000 r18=00000000 r19=00000000 
r20=00000000 r21=00000000 r22=00000000 r23=00000000 
r24=00000000 r25=00000000 r26=00000000 r27=00000000 
r28=00000000 r29=01000000 r30=00000000 r31=00000000 

r 0=00000000 r 1=80000000 r 2=000effff r 3=00003000 
r 4=00000000 r 5=00000000 r 6=00000000 r 7=00000000 
r 8=00000000 r 9=00000000 r10=00000000 r11=00000011 
r12=00000000 r13=00000000 r14=00000000 r15=00000000 
r16=00000000 r17=00000000 r18=00000000 r19=00000000 
r20=00000000 r21=00000000 r22=00000000 r23=00000000 
r24=00000000 r25=00000000 r26=00000000 r27=00000000 
r28=00000000 r29=01000000 r30=00000000 r31=00000000 

r 0=00000000 r 1=80000000 r 2=000effff r 3=00003000 
r 4=00000000 r 5=00000000 r 6=00000000 r 7=00000000 
r 8=00000000 r 9=00000000 r10=00000000 r11=00000011 
r12=00000000 r13=00000000 r14=00000000 r15=00000000 
r16=00000000 r17=00000000 r18=00000000 r19=00000000 
r20=00000000 r21=00000000 r22=00000000 r23=00000000 
r24=00000000 r25=00000000 r26=00000000 r27=00000000 
r28=00000000 r29=01000000 r30=01000000 r31=00000000 

r 0=00000000 r 1=80000000 r 2=000effff r 3=00003000 
r 4=00000000 r 5=00000000 r 6=01000000 r 7=00000000 
r 8=00000000 r 9=00000000 r10=00000000 r11=00000011 
r12=00000000 r13=00000000 r14=00000000 r15=00000000 
r16=00000000 r17=00000000 r18=00000000 r19=00000000 
r20=00000000 r21=00000000 r22=00000000 r23=00000000 
r24=00000000 r25=00000000 r26=00000000 r27=00000000 
r28=00000000 r29=01000000 r30=01000000 r31=00000000 

r 0=00000000 r 1=80000000 r 2=000effff r 3=00003000 
r 4=00000001 r 5=00000000 r 6=01000000 r 7=00000000 
r 8=00000000 r 9=00000000 r10=00000000 r11=00000011 
r12=00000000 r13=00000000 r14=00000000 r15=00000000 
r16=00000000 r17=00000000 r18=00000000 r19=00000000 
r20=00000000 r21=00000000 r22=00000000 r23=00000000 
r24=00000000 r25=00000000 r26=00000000 r27=00000000 
r28=00000000 r29=01000000 r30=01000000 r31=00000000 

r 0=00000000 r 1=80000000 r 2=000effff r 3=00003000 
r 4=00000001 r 5=00000002 r 6=01000000 r 7=00000000 
r 8=00000000 r 9=00000000 r10=00000000 r11=00000011 
r12=00000000 r13=00000000 r14=00000000 r15=00000000 
r16=00000000 r17=00000000 r18=00000000 r19=00000000 
r20=00000000 r21=00000000 r22=00000000 r23=00000000 
r24=00000000 r25=00000000 r26=00000000 r27=00000000 
r28=00000000 r29=01000000 r30=01000000 r31=00000000 

r 0=00000000 r 1=80000000 r 2=000effff r 3=00003000 
r 4=00000001 r 5=00000002 r 6=01000000 r 7=00000000 
r 8=00000000 r 9=00000000 r10=00000000 r11=00000011 
r12=00000000 r13=00000000 r14=00000000 r15=00000000 
r16=00000000 r17=00000000 r18=00000000 r19=00000000 
r20=00000000 r21=00000000 r22=00000000 r23=00000000 
r24=00000000 r25=00000000 r26=00000000 r27=00000000 
r28=00000000 r29=01000000 r30=01000000 r31=00000000 

r 0=00000000 r 1=80000000 r 2=000effff r 3=00003000 
r 4=00000001 r 5=00000002 r 6=01000000 r 7=00000000 
r 8=00000000 r 9=00000000 r10=00000000 r11=00000011 
r12=00000000 r13=00000000 r14=00000000 r15=00000000 
r16=00000000 r17=00000000 r18=00000000 r19=00000000 
r20=00000000 r21=00000000 r22=00000000 r23=00000000 
r24=00000000 r25=00000000 r26=00000000 r27=00000000 
r28=00000000 r29=01000000 r30=01000000 r31=00000000 

r 0=00000000 r 1=80000000 r 2=000effff r 3=00003000 
r 4=00000001 r 5=00000002 r 6=01000000 r 7=00000000 
r 8=00000000 r 9=00000000 r10=00000000 r11=00000011 
r12=00000000 r13=00000000 r14=00000000 r15=00000000 
r16=00000000 r17=00000000 r18=00000000 r19=00000000 
r20=00000000 r21=00000000 r22=00000000 r23=00000000 
r24=00000000 r25=00000000 r26=00000000 r27=00000000 
r28=00000000 r29=01000000 r30=01000000 r31=00000000 

r 0=00000000 r 1=80000000 r 2=000effff r 3=00003000 
r 4=00000001 r 5=00000002 r 6=01000000 r 7=00000000 
r 8=00000000 r 9=00000000 r10=00000000 r11=00000011 
r12=00000000 r13=00000000 r14=00000000 r15=00000000 
r16=00000000 r17=00000000 r18=00000000 r19=00000000 
r20=00000000 r21=00000000 r22=00000000 r23=00000000 
r24=00000000 r25=00000000 r26=00000000 r27=00000000 
r28=00000000 r29=01000000 r30=01000000 r31=00000000 

r 0=00000000 r 1=80000000 r 2=000effff r 3=00003000 
r 4=00000001 r 5=00000002 r 6=01000000 r 7=00000000 
r 8=00000000 r 9=00000000 r10=00000000 r11=00000011 
r12=00000000 r13=00000000 r14=00000000 r15=00000000 
r16=00000000 r17=00000000 r18=00000000 r19=00000000 
r20=00000000 r21=00000000 r22=00000000 r23=00000000 
r24=00000000 r25=00000000 r26=00000000 r27=00000000 
r28=00000000 r29=01000000 r30=01000000 r31=00000000 

r 0=00000000 r 1=80000000 r 2=000effff r 3=00003000 
r 4=00000002 r 5=00000002 r 6=01000000 r 7=00000000 
r 8=00000000 r 9=00000000 r10=00000000 r11=00000011 
r12=00000000 r13=00000000 r14=00000000 r15=00000000 
r16=00000000 r17=00000000 r18=00000000 r19=00000000 
r20=00000000 r21=00000000 r22=00000000 r23=00000000 
r24=00000000 r25=00000000 r26=00000000 r27=00000000 
r28=00000000 r29=01000000 r30=01000000 r31=00000000 

r 0=00000000 r 1=80000000 r 2=000effff r 3=00003000 
r 4=00000002 r 5=00000002 r 6=01000000 r 7=00000000 
r 8=00000000 r 9=00000000 r10=00000000 r11=00000011 
r12=00000000 r13=00000000 r14=00000000 r15=00000000 
r16=00000000 r17=00000000 r18=00000000 r19=00000000 
r20=00000000 r21=00000000 r22=00000000 r23=00000000 
r24=00000000 r25=00000000 r26=00000000 r27=00000000 
r28=00000000 r29=01000000 r30=01000000 r31=00000000 

r 0=00000000 r 1=80000000 r 2=000effff r 3=00003000 
r 4=00000002 r 5=00000002 r 6=01000000 r 7=00000000 
r 8=00000000 r 9=00000000 r10=00000000 r11=00000011 
r12=00000000 r13=00000000 r14=00000000 r15=00000000 
r16=00000000 r17=00000000 r18=00000000 r19=00000000 
r20=00000000 r21=00000000 r22=00000000 r23=00000000 
r24=00000000 r25=00000000 r26=00000000 r27=00000000 
r28=00000000 r29=01000000 r30=01000000 r31=00000000 

r 0=00000000 r 1=80000000 r 2=000effff r 3=00003000 
r 4=00000002 r 5=00000002 r 6=01000000 r 7=00000000 
r 8=00000000 r 9=00000000 r10=00000000 r11=00000011 
r12=00000000 r13=00000000 r14=00000000 r15=00000000 
r16=00000000 r17=00000000 r18=00000000 r19=00000000 
r20=00000000 r21=00000000 r22=00000000 r23=00000000 
r24=00000000 r25=00000000 r26=00000000 r27=00000000 
r28=00000000 r29=01000000 r30=01000000 r31=00000000 

r 0=00000000 r 1=80000000 r 2=000effff r 3=00003000 
r 4=00000002 r 5=00000002 r 6=01000000 r 7=00000000 
r 8=00000000 r 9=00000000 r10=00000000 r11=00000011 
r12=00000000 r13=00000000 r14=00000000 r15=00000000 
r16=00000000 r17=00000000 r18=00000000 r19=00000000 
r20=00000000 r21=00000000 r22=00000000 r23=00000000 
r24=00000000 r25=00000000 r26=00000000 r27=00000000 
r28=00000000 r29=01000000 r30=01000000 r31=00000000 

r 0=00000000 r 1=80000000 r 2=000effff r 3=00003000 
r 4=00000002 r 5=00000002 r 6=01000000 r 7=00000000 
r 8=00000000 r 9=00000000 r10=00000000 r11=00000011 
r12=00000000 r13=00000000 r14=00000000 r15=00000000 
r16=00000000 r17=00000000 r18=00000000 r19=00000000 
r20=00000000 r21=00000000 r22=00000000 r23=00000000 
r24=00000000 r25=00000000 r26=00000000 r27=00000000 
r28=00000000 r29=01000000 r30=01000000 r31=00000000 

r 0=00000000 r 1=80000000 r 2=000effff r 3=00003000 
r 4=00000002 r 5=00000002 r 6=01000000 r 7=00000000 
r 8=00000000 r 9=00000000 r10=00000000 r11=00000012 
r12=00000000 r13=00000000 r14=00000000 r15=00000000 
r16=00000000 r17=00000000 r18=00000000 r19=00000000 
r20=00000000 r21=00000000 r22=00000000 r23=00000000 
r24=00000000 r25=00000000 r26=00000000 r27=00000000 
r28=00000000 r29=01000000 r30=01000000 r31=00000000 

r 0=00000000 r 1=80000000 r 2=000effff r 3=00003000 
r 4=00000000 r 5=00000002 r 6=01000000 r 7=00000000 
r 8=00000000 r 9=00000000 r10=00000000 r11=00000012 
r12=00000000 r13=00000000 r14=00000000 r15=00000000 
r16=00000000 r17=00000000 r18=00000000 r19=00000000 
r20=00000000 r21=00000000 r22=00000000 r23=00000000 
r24=00000000 r25=00000000 r26=00000000 r27=00000000 
r28=00000000 r29=01000000 r30=01000000 r31=00000000 

r 0=00000000 r 1=80000000 r 2=000effff r 3=00003000 
r 4=00000000 r 5=00000002 r 6=01000000 r 7=00000000 
r 8=00000000 r 9=00000000 r10=00000000 r11=00000012 
r12=00000000 r13=00000000 r14=00000000 r15=00000000 
r16=00000000 r17=00000000 r18=00000000 r19=00000000 
r20=00000000 r21=00000000 r22=00000000 r23=00000000 
r24=00000000 r25=00000000 r26=00000000 r27=00000000 
r28=00000000 r29=01000000 r30=01000000 r31=00000000 

r 0=00000000 r 1=80000000 r 2=000effff r 3=00003000 
r 4=00000000 r 5=00000002 r 6=01000000 r 7=00000000 
r 8=00000000 r 9=00000000 r10=00000000 r11=00000012 
r12=00000000 r13=00000000 r14=00000000 r15=00000000 
r16=00000000 r17=00000000 r18=00000000 r19=00000000 
r20=00000000 r21=00000000 r22=00000000 r23=00000000 
r24=00000000 r25=00000000 r26=00000000 r27=00000000 
r28=00000000 r29=01000000 r30=01000000 r31=00000000 

r 0=00000000 r 1=80000000 r 2=000effff r 3=00003000 
r 4=00000000 r 5=00000002 r 6=01000000 r 7=00000000 
r 8=00000000 r 9=00000000 r10=00000000 r11=00000012 
r12=00000000 r13=00000000 r14=00000000 r15=00000000 
r16=00000000 r17=00000000 r18=00000000 r19=00000000 
r20=00000000 r21=00000000 r22=00000000 r23=00000000 
r24=00000000 r25=00000000 r26=00000000 r27=00000000 
r28=00000000 r29=01000000 r30=00020000 r31=00000000 

r 0=00000000 r 1=80000000 r 2=000effff r 3=00003000 
r 4=00000000 r 5=00000002 r 6=01000000 r 7=00000000 
r 8=00000000 r 9=00000000 r10=00000000 r11=00000012 
r12=00000000 r13=00000000 r14=00000000 r15=00000000 
r16=00000000 r17=00000000 r18=00000000 r19=00000000 
r20=00000000 r21=00000000 r22=00000000 r23=00000000 
r24=00000000 r25=00000000 r26=00000000 r27=00000000 
r28=00000000 r29=01000000 r30=00020000 r31=00000000 

r 0=00000000 r 1=80000000 r 2=000effff r 3=00003000 
r 4=00000000 r 5=00000002 r 6=00020000 r 7=00000000 
r 8=00000000 r 9=00000000 r10=00000000 r11=00000012 
r12=00000000 r13=00000000 r14=00000000 r15=00000000 
r16=00000000 r17=00000000 r18=00000000 r19=00000000 
r20=00000000 r21=00000000 r22=00000000 r23=00000000 
r24=00000000 r25=00000000 r26=00000000 r27=00000000 
r28=00000000 r29=01000000 r30=00020000 r31=00000000 

r 0=00000000 r 1=80000000 r 2=000effff r 3=00003000 
r 4=00000001 r 5=00000002 r 6=00020000 r 7=00000000 
r 8=00000000 r 9=00000000 r10=00000000 r11=00000012 
r12=00000000 r13=00000000 r14=00000000 r15=00000000 
r16=00000000 r17=00000000 r18=00000000 r19=00000000 
r20=00000000 r21=00000000 r22=00000000 r23=00000000 
r24=00000000 r25=00000000 r26=00000000 r27=00000000 
r28=00000000 r29=01000000 r30=00020000 r31=00000000 

r 0=00000000 r 1=80000000 r 2=000effff r 3=00003000 
r 4=00000001 r 5=00000002 r 6=00020000 r 7=00000000 
r 8=00000000 r 9=00000000 r10=00000000 r11=00000012 
r12=00000000 r13=00000000 r14=00000000 r15=00000000 
r16=00000000 r17=00000000 r18=00000000 r19=00000000 
r20=00000000 r21=00000000 r22=00000000 r23=00000000 
r24=00000000 r25=00000000 r26=00000000 r27=00000000 
r28=00000000 r29=01000000 r30=00020000 r31=00000000 

r 0=00000000 r 1=80000000 r 2=000effff r 3=00003000 
r 4=00000001 r 5=00000002 r 6=00020000 r 7=00000000 
r 8=00000000 r 9=00000000 r10=00000000 r11=00000012 
r12=00000000 r13=00000000 r14=00000000 r15=00000000 
r16=00000000 r17=00000000 r18=00000000 r19=00000000 
r20=00000000 r21=00000000 r22=00000000 r23=00000000 
r24=00000000 r25=00000000 r26=00000000 r27=00000000 
r28=00000000 r29=01000000 r30=00020000 r31=00000000 

r 0=00000000 r 1=80000000 r 2=000effff r 3=00003000 
r 4=00000001 r 5=00000002 r 6=00020000 r 7=00000000 
r 8=00000000 r 9=00000000 r10=00000000 r11=00000012 
r12=00000000 r13=00000000 r14=00000000 r15=00000000 
r16=00000000 r17=00000000 r18=00000000 r19=00000000 
r20=00000000 r21=00000000 r22=00000000 r23=00000000 
r24=00000000 r25=00000000 r26=00000000 r27=00000000 
r28=00000000 r29=01000000 r30=00020000 r31=00000000 

r 0=00000000 r 1=80000000 r 2=000effff r 3=00003000 
r 4=00000001 r 5=00000002 r 6=00020000 r 7=00000000 
r 8=00000000 r 9=00000000 r10=00000000 r11=00000012 
r12=00000000 r13=00000000 r14=00000000 r15=00000000 
r16=00000000 r17=00000000 r18=00000000 r19=00000000 
r20=00000000 r21=00000000 r22=00000000 r23=00000000 
r24=00000000 r25=00000000 r26=00000000 r27=00000000 
r28=00000000 r29=01000000 r30=00020000 r31=00000000 

r 0=00000000 r 1=80000000 r 2=000effff r 3=00003000 
r 4=00000001 r 5=00000002 r 6=00020000 r 7=00000000 
r 8=00000000 r 9=00000000 r10=00000000 r11=00000012 
r12=00000000 r13=00000000 r14=00000000 r15=00000000 
r16=00000000 r17=00000000 r18=00000000 r19=00000000 
r20=00000000 r21=00000000 r22=00000000 r23=00000000 
r24=00000000 r25=00000000 r26=00000000 r27=00000000 
r28=00000000 r29=01000000 r30=00020000 r31=00000000 

r 0=00000000 r 1=80000000 r 2=000effff r 3=00003000 
r 4=00000001 r 5=00000002 r 6=00020000 r 7=00000000 
r 8=00000000 r 9=00000000 r10=00000000 r11=00000012 
r12=00000000 r13=00000000 r14=00000000 r15=00000000 
r16=00000000 r17=00000000 r18=00000000 r19=00000000 
r20=00000000 r21=00000000 r22=00000000 r23=00000000 
r24=00000000 r25=00000000 r26=00000000 r27=00000000 
r28=00000000 r29=01000000 r30=00020000 r31=00000000 

r 0=00000000 r 1=80000000 r 2=000effff r 3=00003000 
r 4=00000001 r 5=00000002 r 6=00020000 r 7=00000000 
r 8=00000000 r 9=00000000 r10=00000000 r11=00000012 
r12=00000000 r13=00000000 r14=00000000 r15=00000000 
r16=00000000 r17=00000000 r18=00000000 r19=00000000 
r20=00000000 r21=00000000 r22=00000000 r23=00000000 
r24=00000000 r25=00000000 r26=00000000 r27=00000000 
r28=00000000 r29=01000000 r30=00020000 r31=00000000 

r 0=00000000 r 1=80000000 r 2=000effff r 3=00003000 
r 4=00000002 r 5=00000002 r 6=00020000 r 7=00000000 
r 8=00000000 r 9=00000000 r10=00000000 r11=00000012 
r12=00000000 r13=00000000 r14=00000000 r15=00000000 
r16=00000000 r17=00000000 r18=00000000 r19=00000000 
r20=00000000 r21=00000000 r22=00000000 r23=00000000 
r24=00000000 r25=00000000 r26=00000000 r27=00000000 
r28=00000000 r29=01000000 r30=00020000 r31=00000000 

r 0=00000000 r 1=80000000 r 2=000effff r 3=00003000 
r 4=00000002 r 5=00000002 r 6=00020000 r 7=00000000 
r 8=00000000 r 9=00000000 r10=00000000 r11=00000012 
r12=00000000 r13=00000000 r14=00000000 r15=00000000 
r16=00000000 r17=00000000 r18=00000000 r19=00000000 
r20=00000000 r21=00000000 r22=00000000 r23=00000000 
r24=00000000 r25=00000000 r26=00000000 r27=00000000 
r28=00000000 r29=01000000 r30=00020000 r31=00000000 

r 0=00000000 r 1=80000000 r 2=000effff r 3=00003000 
r 4=00000002 r 5=00000002 r 6=00020000 r 7=00000000 
r 8=00000000 r 9=00000000 r10=00000000 r11=00000012 
r12=00000000 r13=00000000 r14=00000000 r15=00000000 
r16=00000000 r17=00000000 r18=00000000 r19=00000000 
r20=00000000 r21=00000000 r22=00000000 r23=00000000 
r24=00000000 r25=00000000 r26=00000000 r27=00000000 
r28=00000000 r29=01000000 r30=00020000 r31=00000000 

r 0=00000000 r 1=80000000 r 2=000effff r 3=00003000 
r 4=00000002 r 5=00000002 r 6=00020000 r 7=00000000 
r 8=00000000 r 9=00000000 r10=00000000 r11=00000012 
r12=00000000 r13=00000000 r14=00000000 r15=00000000 
r16=00000000 r17=00000000 r18=00000000 r19=00000000 
r20=00000000 r21=00000000 r22=00000000 r23=00000000 
r24=00000000 r25=00000000 r26=00000000 r27=00000000 
r28=00000000 r29=00020000 r30=00020000 r31=00000000 

r 0=00000000 r 1=80000000 r 2=000effff r 3=00003000 
r 4=00000002 r 5=00000002 r 6=00020000 r 7=00000000 
r 8=00000000 r 9=00000000 r10=00000000 r11=00000012 
r12=00000000 r13=00000000 r14=00000000 r15=00000000 
r16=00000000 r17=00000000 r18=00000000 r19=00000000 
r20=00000000 r21=00000000 r22=00000000 r23=00000000 
r24=00000000 r25=00000000 r26=00000000 r27=00000000 
r28=00000000 r29=00020000 r30=00020000 r31=00000000 

r 0=00000000 r 1=80000000 r 2=000effff r 3=00003000 
r 4=00000002 r 5=00000002 r 6=00020000 r 7=00000000 
r 8=00000000 r 9=00000000 r10=00000000 r11=00000012 
r12=00000000 r13=00000000 r14=00000000 r15=00000000 
r16=00000000 r17=00000000 r18=00000000 r19=00000000 
r20=00000000 r21=00000000 r22=00000000 r23=00000000 
r24=00000000 r25=00000000 r26=00000000 r27=00000000 
r28=00000000 r29=00020000 r30=00020000 r31=00000000 

r 0=00000000 r 1=80000000 r 2=000effff r 3=00003000 
r 4=00000002 r 5=00000002 r 6=00020000 r 7=00000000 
r 8=00000000 r 9=00000000 r10=00000000 r11=00000013 
r12=00000000 r13=00000000 r14=00000000 r15=00000000 
r16=00000000 r17=00000000 r18=00000000 r19=00000000 
r20=00000000 r21=00000000 r22=00000000 r23=00000000 
r24=00000000 r25=00000000 r26=00000000 r27=00000000 
r28=00000000 r29=00020000 r30=00020000 r31=00000000 

r 0=00000000 r 1=80000000 r 2=000effff r 3=00003000 
r 4=00000000 r 5=00000002 r 6=00020000 r 7=00000000 
r 8=00000000 r 9=00000000 r10=00000000 r11=00000013 
r12=00000000 r13=00000000 r14=00000000 r15=00000000 
r16=00000000 r17=00000000 r18=00000000 r19=00000000 
r20=00000000 r21=00000000 r22=00000000 r23=00000000 
r24=00000000 r25=00000000 r26=00000000 r27=00000000 
r28=00000000 r29=00020000 r30=00020000 r31=00000000 

r 0=00000000 r 1=80000000 r 2=000effff r 3=00003000 
r 4=00000000 r 5=00000002 r 6=00020000 r 7=00000000 
r 8=00000000 r 9=00000000 r10=00000000 r11=00000013 
r12=00000000 r13=00000000 r14=00000000 r15=00000000 
r16=00000000 r17=00000000 r18=00000000 r19=00000000 
r20=00000000 r21=00000000 r22=00000000 r23=00000000 
r24=00000000 r25=00000000 r26=00000000 r27=00000000 
r28=00000000 r29=00020000 r30=00020000 r31=00000000 

r 0=00000000 r 1=80000001 r 2=000effff r 3=00003000 
r 4=00000000 r 5=00000002 r 6=00020000 r 7=00000000 
r 8=00000000 r 9=00000000 r10=00000000 r11=00000013 
r12=00000000 r13=00000000 r14=00000000 r15=00000000 
r16=00000000 r17=00000000 r18=00000000 r19=00000000 
r20=00000000 r21=00000000 r22=00000000 r23=00000000 
r24=00000000 r25=00000000 r26=00000000 r27=00000000 
r28=00000000 r29=00020000 r30=00020000 r31=00000000 

r 0=00000000 r 1=80000001 r 2=000effff r 3=00003000 
r 4=00000000 r 5=00000002 r 6=00020000 r 7=00000000 
r 8=00000000 r 9=00000000 r10=00000000 r11=00000013 
r12=00000000 r13=00000000 r14=00000000 r15=00000000 
r16=00000000 r17=00000000 r18=00000000 r19=00000000 
r20=00000000 r21=00000000 r22=00000000 r23=00000000 
r24=00000000 r25=00000000 r26=00000000 r27=00000000 
r28=00000000 r29=00020000 r30=00000001 r31=00000000 

r 0=00000000 r 1=80000001 r 2=000effff r 3=00003000 
r 4=00000000 r 5=00000002 r 6=00020000 r 7=00000000 
r 8=00000000 r 9=00000000 r10=00000000 r11=00000013 
r12=00000000 r13=00000000 r14=00000000 r15=00000000 
r16=00000000 r17=00000000 r18=00000000 r19=00000000 
r20=00000000 r21=00000000 r22=00000000 r23=00000000 
r24=00000000 r25=00000000 r26=00000000 r27=00000000 
r28=00000000 r29=00020000 r30=00000001 r31=00000000 

r 0=00000000 r 1=80000001 r 2=000effff r 3=00003000 
r 4=00000000 r 5=00000002 r 6=00020000 r 7=00000000 
r 8=00000000 r 9=00000000 r10=00000000 r11=00000013 
r12=00000000 r13=00000000 r14=00000000 r15=00000000 
r16=00000000 r17=00000000 r18=00000000 r19=00000000 
r20=00000000 r21=00000000 r22=00000000 r23=00000000 
r24=00000000 r25=00000000 r26=00000000 r27=00000000 
r28=00000000 r29=00020000 r30=00000001 r31=00000000 

r 0=00000000 r 1=80000001 r 2=000effff r 3=00003000 
r 4=00000000 r 5=00000002 r 6=00000001 r 7=00000000 
r 8=00000000 r 9=00000000 r10=00000000 r11=00000013 
r12=00000000 r13=00000000 r14=00000000 r15=00000000 
r16=00000000 r17=00000000 r18=00000000 r19=00000000 
r20=00000000 r21=00000000 r22=00000000 r23=00000000 
r24=00000000 r25=00000000 r26=00000000 r27=00000000 
r28=00000000 r29=00020000 r30=00000001 r31=00000000 

r 0=00000000 r 1=80000001 r 2=000effff r 3=00003000 
r 4=00000001 r 5=00000002 r 6=00000001 r 7=00000000 
r 8=00000000 r 9=00000000 r10=00000000 r11=00000013 
r12=00000000 r13=00000000 r14=00000000 r15=00000000 
r16=00000000 r17=00000000 r18=00000000 r19=00000000 
r20=00000000 r21=00000000 r22=00000000 r23=00000000 
r24=00000000 r25=00000000 r26=00000000 r27=00000000 
r28=00000000 r29=00020000 r30=00000001 r31=00000000 

r 0=00000000 r 1=80000001 r 2=000effff r 3=00003000 
r 4=00000001 r 5=00000002 r 6=00000001 r 7=00000000 
r 8=00000000 r 9=00000000 r10=00000000 r11=00000013 
r12=00000000 r13=00000000 r14=00000000 r15=00000000 
r16=00000000 r17=00000000 r18=00000000 r19=00000000 
r20=00000000 r21=00000000 r22=00000000 r23=00000000 
r24=00000000 r25=00000000 r26=00000000 r27=00000000 
r28=00000000 r29=00020000 r30=00000001 r31=00000000 

r 0=00000000 r 1=80000001 r 2=000effff r 3=00003000 
r 4=00000001 r 5=00000002 r 6=00000001 r 7=00000000 
r 8=00000000 r 9=00000000 r10=00000000 r11=00000013 
r12=00000000 r13=00000000 r14=00000000 r15=00000000 
r16=00000000 r17=00000000 r18=00000000 r19=00000000 
r20=00000000 r21=00000000 r22=00000000 r23=00000000 
r24=00000000 r25=00000000 r26=00000000 r27=00000000 
r28=00000000 r29=00020000 r30=00000001 r31=00000000 

r 0=00000000 r 1=80000000 r 2=000effff r 3=00003000 
r 4=00000001 r 5=00000002 r 6=00000001 r 7=00000000 
r 8=00000000 r 9=00000000 r10=00000000 r11=00000013 
r12=00000000 r13=00000000 r14=00000000 r15=00000000 
r16=00000000 r17=00000000 r18=00000000 r19=00000000 
r20=00000000 r21=00000000 r22=00000000 r23=00000000 
r24=00000000 r25=00000000 r26=00000000 r27=00000000 
r28=00000000 r29=00020000 r30=00000001 r31=00000000 

r 0=00000000 r 1=80000001 r 2=000effff r 3=00003000 
r 4=00000001 r 5=00000002 r 6=00000001 r 7=00000000 
r 8=00000000 r 9=00000000 r10=00000000 r11=00000013 
r12=00000000 r13=00000000 r14=00000000 r15=00000000 
r16=00000000 r17=00000000 r18=00000000 r19=00000000 
r20=00000000 r21=00000000 r22=00000000 r23=00000000 
r24=00000000 r25=00000000 r26=00000000 r27=00000000 
r28=00000000 r29=00020000 r30=00000001 r31=00000000 

r 0=00000000 r 1=80000001 r 2=000effff r 3=00003000 
r 4=00000001 r 5=00000002 r 6=00000001 r 7=00000000 
r 8=00000000 r 9=00000000 r10=00000000 r11=00000013 
r12=00000000 r13=00000000 r14=00000000 r15=00000000 
r16=00000000 r17=00000000 r18=00000000 r19=00000000 
r20=00000000 r21=00000000 r22=00000000 r23=00000000 
r24=00000000 r25=00000000 r26=00000000 r27=00000000 
r28=00000000 r29=00020000 r30=00000001 r31=00000000 

r 0=00000000 r 1=80000001 r 2=000effff r 3=00003000 
r 4=00000001 r 5=00000002 r 6=00000001 r 7=00000000 
r 8=00000000 r 9=00000000 r10=00000000 r11=00000013 
r12=00000000 r13=00000000 r14=00000000 r15=00000000 
r16=00000000 r17=00000000 r18=00000000 r19=00000000 
r20=00000000 r21=00000000 r22=00000000 r23=00000000 
r24=00000000 r25=00000000 r26=00000000 r27=00000000 
r28=00000000 r29=00020000 r30=00000001 r31=00000000 

r 0=00000000 r 1=80000001 r 2=000effff r 3=00003000 
r 4=00000001 r 5=00000002 r 6=00000001 r 7=00000000 
r 8=00000000 r 9=00000000 r10=00000000 r11=00000013 
r12=00000000 r13=00000000 r14=00000000 r15=00000000 
r16=00000000 r17=00000000 r18=00000000 r19=00000000 
r20=00000000 r21=00000000 r22=00000000 r23=00000000 
r24=00000000 r25=00000000 r26=00000000 r27=00000000 
r28=00000000 r29=00020000 r30=00000001 r31=00000000 

r 0=00000000 r 1=80000001 r 2=000effff r 3=00003000 
r 4=00000001 r 5=00000002 r 6=00000001 r 7=00000000 
r 8=00000000 r 9=00000000 r10=00000000 r11=00000013 
r12=00000000 r13=00000000 r14=00000000 r15=00000000 
r16=00000000 r17=00000000 r18=00000000 r19=00000000 
r20=00000000 r21=00000000 r22=00000000 r23=00000000 
r24=00000000 r25=00000000 r26=00000000 r27=00000000 
r28=00000000 r29=00020000 r30=00000001 r31=00000000 

r 0=00000000 r 1=80000001 r 2=000effff r 3=00003000 
r 4=00000002 r 5=00000002 r 6=00000001 r 7=00000000 
r 8=00000000 r 9=00000000 r10=00000000 r11=00000013 
r12=00000000 r13=00000000 r14=00000000 r15=00000000 
r16=00000000 r17=00000000 r18=00000000 r19=00000000 
r20=00000000 r21=00000000 r22=00000000 r23=00000000 
r24=00000000 r25=00000000 r26=00000000 r27=00000000 
r28=00000000 r29=00020000 r30=00000001 r31=00000000 

r 0=00000000 r 1=80000001 r 2=000effff r 3=00003000 
r 4=00000002 r 5=00000002 r 6=00000001 r 7=00000000 
r 8=00000000 r 9=00000000 r10=00000000 r11=00000013 
r12=00000000 r13=00000000 r14=00000000 r15=00000000 
r16=00000000 r17=00000000 r18=00000000 r19=00000000 
r20=00000000 r21=00000000 r22=00000000 r23=00000000 
r24=00000000 r25=00000000 r26=00000000 r27=00000000 
r28=00000000 r29=00020000 r30=00000001 r31=00000000 

r 0=00000000 r 1=80000001 r 2=000effff r 3=00003000 
r 4=00000002 r 5=00000002 r 6=00000001 r 7=00000000 
r 8=00000000 r 9=00000000 r10=00000000 r11=00000013 
r12=00000000 r13=00000000 r14=00000000 r15=00000000 
r16=00000000 r17=00000000 r18=00000000 r19=00000000 
r20=00000000 r21=00000000 r22=00000000 r23=00000000 
r24=00000000 r25=00000000 r26=00000000 r27=00000000 
r28=00000000 r29=00020000 r30=00000001 r31=00000000 

r 0=00000000 r 1=80000001 r 2=000effff r 3=00003000 
r 4=00000002 r 5=00000002 r 6=00000001 r 7=00000000 
r 8=00000000 r 9=00000000 r10=00000000 r11=00000013 
r12=00000000 r13=00000000 r14=00000000 r15=00000000 
r16=00000000 r17=00000000 r18=00000000 r19=00000000 
r20=00000000 r21=00000000 r22=00000000 r23=00000000 
r24=00000000 r25=00000000 r26=00000000 r27=00000000 
r28=00000000 r29=00000001 r30=00000001 r31=00000000 

r 0=00000000 r 1=80000001 r 2=000effff r 3=00003000 
r 4=00000002 r 5=00000002 r 6=00000001 r 7=00000000 
r 8=00000000 r 9=00000000 r10=00000000 r11=00000013 
r12=00000000 r13=00000000 r14=00000000 r15=00000000 
r16=00000000 r17=00000000 r18=00000000 r19=00000000 
r20=00000000 r21=00000000 r22=00000000 r23=00000000 
r24=00000000 r25=00000000 r26=00000000 r27=00000000 
r28=00000000 r29=00000001 r30=00000001 r31=00000000 

r 0=00000000 r 1=80000001 r 2=000effff r 3=00003000 
r 4=00000002 r 5=00000002 r 6=00000001 r 7=00000000 
r 8=00000000 r 9=00000000 r10=00000000 r11=00000014 
r12=00000000 r13=00000000 r14=00000000 r15=00000000 
r16=00000000 r17=00000000 r18=00000000 r19=00000000 
r20=00000000 r21=00000000 r22=00000000 r23=00000000 
r24=00000000 r25=00000000 r26=00000000 r27=00000000 
r28=00000000 r29=00000001 r30=00000001 r31=00000000 

r 0=00000000 r 1=80000001 r 2=000effff r 3=00003000 
r 4=00000000 r 5=00000002 r 6=00000001 r 7=00000000 
r 8=00000000 r 9=00000000 r10=00000000 r11=00000014 
r12=00000000 r13=00000000 r14=00000000 r15=00000000 
r16=00000000 r17=00000000 r18=00000000 r19=00000000 
r20=00000000 r21=00000000 r22=00000000 r23=00000000 
r24=00000000 r25=00000000 r26=00000000 r27=00000000 
r28=00000000 r29=00000001 r30=00000001 r31=00000000 

r 0=00000000 r 1=80000000 r 2=000effff r 3=00003000 
r 4=00000000 r 5=00000002 r 6=00000001 r 7=00000000 
r 8=00000000 r 9=00000000 r10=00000000 r11=00000014 
r12=00000000 r13=00000000 r14=00000000 r15=00000000 
r16=00000000 r17=00000000 r18=00000000 r19=00000000 
r20=00000000 r21=00000000 r22=00000000 r23=00000000 
r24=00000000 r25=00000000 r26=00000000 r27=00000000 
r28=00000000 r29=00000001 r30=00000001 r31=00000000 

r 0=00000000 r 1=80000000 r 2=000effff r 3=00003000 
r 4=00000000 r 5=00000002 r 6=00000001 r 7=00000000 
r 8=00000000 r 9=00000000 r10=00000000 r11=00000014 
r12=00000000 r13=00000000 r14=00000000 r15=00000000 
r16=00000000 r17=00000000 r18=00000000 r19=00000000 
r20=00000000 r21=00000000 r22=00000000 r23=00000000 
r24=00000000 r25=00000000 r26=00000000 r27=00000000 
r28=00000000 r29=00000001 r30=00000001 r31=00000000 

r 0=00000000 r 1=80000000 r 2=000effff r 3=00003000 
r 4=00000000 r 5=00000002 r 6=00000001 r 7=00000000 
r 8=00000000 r 9=00000000 r10=00000000 r11=00000014 
r12=00000000 r13=00000000 r14=00000000 r15=00000000 
r16=00000000 r17=00000000 r18=00000000 r19=00000000 
r20=00000000 r21=00000000 r22=00000000 r23=00000000 
r24=00000000 r25=00000000 r26=00000000 r27=00000000 
r28=00000000 r29=00000001 r30=01000000 r31=00000000 

r 0=00000000 r 1=80000000 r 2=000effff r 3=00003000 
r 4=00000001 r 5=00000002 r 6=00000001 r 7=00000000 
r 8=00000000 r 9=00000000 r10=00000000 r11=00000014 
r12=00000000 r13=00000000 r14=00000000 r15=00000000 
r16=00000000 r17=00000000 r18=00000000 r19=00000000 
r20=00000000 r21=00000000 r22=00000000 r23=00000000 
r24=00000000 r25=00000000 r26=00000000 r27=00000000 
r28=00000000 r29=00000001 r30=01000000 r31=00000000 

r 0=00000000 r 1=80000000 r 2=000effff r 3=00003000 
r 4=00000001 r 5=00000002 r 6=00000001 r 7=00000000 
r 8=00000000 r 9=00000000 r10=00000000 r11=00000014 
r12=00000000 r13=00000000 r14=00000000 r15=00000000 
r16=00000000 r17=00000000 r18=00000000 r19=00000000 
r20=00000000 r21=00000000 r22=00000000 r23=00000000 
r24=00000000 r25=00000000 r26=00000000 r27=00000000 
r28=00000000 r29=00000001 r30=01000000 r31=00000000 

r 0=00000000 r 1=80000000 r 2=000effff r 3=00003000 
r 4=00000001 r 5=00000002 r 6=00000001 r 7=00000000 
r 8=00000000 r 9=00000000 r10=00000000 r11=00000014 
r12=00000000 r13=00000000 r14=00000000 r15=00000000 
r16=00000000 r17=00000000 r18=00000000 r19=00000000 
r20=00000000 r21=00000000 r22=00000000 r23=00000000 
r24=00000000 r25=00000000 r26=00000000 r27=00000000 
r28=00000000 r29=00000001 r30=01000000 r31=00000000 

r 0=00000000 r 1=80000000 r 2=000effff r 3=00003000 
r 4=00000001 r 5=00000002 r 6=00000001 r 7=00000000 
r 8=00000000 r 9=00000000 r10=00000000 r11=00000014 
r12=00000000 r13=00000000 r14=00000000 r15=00000000 
r16=00000000 r17=00000000 r18=00000000 r19=00000000 
r20=00000000 r21=00000000 r22=00000000 r23=00000000 
r24=00000000 r25=00000000 r26=00000000 r27=00000000 
r28=00000000 r29=00000001 r30=01000000 r31=00000000 

r 0=00000000 r 1=80000000 r 2=000effff r 3=00003000 
r 4=00000001 r 5=00000002 r 6=00000001 r 7=00000000 
r 8=00000000 r 9=00000000 r10=00000000 r11=00000014 
r12=00000000 r13=00000000 r14=00000000 r15=00000000 
r16=00000000 r17=00000000 r18=00000000 r19=00000000 
r20=00000000 r21=00000000 r22=00000000 r23=00000000 
r24=00000000 r25=00000000 r26=00000000 r27=00000000 
r28=00000000 r29=00000001 r30=01000000 r31=00000000 

r 0=00000000 r 1=80000000 r 2=000effff r 3=00003000 
r 4=00000001 r 5=00000002 r 6=00000001 r 7=00000000 
r 8=00000000 r 9=00000000 r10=00000000 r11=00000014 
r12=00000000 r13=00000000 r14=00000000 r15=00000000 
r16=00000000 r17=00000000 r18=00000000 r19=00000000 
r20=00000000 r21=00000000 r22=00000000 r23=00000000 
r24=00000000 r25=00000000 r26=00000000 r27=00000000 
r28=00000000 r29=00000001 r30=01000000 r31=00000000 

r 0=00000000 r 1=80000000 r 2=000effff r 3=00003000 
r 4=00000002 r 5=00000002 r 6=00000001 r 7=00000000 
r 8=00000000 r 9=00000000 r10=00000000 r11=00000014 
r12=00000000 r13=00000000 r14=00000000 r15=00000000 
r16=00000000 r17=00000000 r18=00000000 r19=00000000 
r20=00000000 r21=00000000 r22=00000000 r23=00000000 
r24=00000000 r25=00000000 r26=00000000 r27=00000000 
r28=00000000 r29=00000001 r30=01000000 r31=00000000 

r 0=00000000 r 1=80000000 r 2=000effff r 3=00003000 
r 4=00000002 r 5=00000002 r 6=00000001 r 7=00000000 
r 8=00000000 r 9=00000000 r10=00000000 r11=00000014 
r12=00000000 r13=00000000 r14=00000000 r15=00000000 
r16=00000000 r17=00000000 r18=00000000 r19=00000000 
r20=00000000 r21=00000000 r22=00000000 r23=00000000 
r24=00000000 r25=00000000 r26=00000000 r27=00000000 
r28=00000000 r29=00000001 r30=01000000 r31=00000000 

r 0=00000000 r 1=80000000 r 2=000effff r 3=00003000 
r 4=00000002 r 5=00000002 r 6=00000001 r 7=00000000 
r 8=00000000 r 9=00000000 r10=00000000 r11=00000014 
r12=00000000 r13=00000000 r14=00000000 r15=00000000 
r16=00000000 r17=00000000 r18=00000000 r19=00000000 
r20=00000000 r21=00000000 r22=00000000 r23=00000000 
r24=00000000 r25=00000000 r26=00000000 r27=00000000 
r28=00000000 r29=00000001 r30=01000000 r31=00000000 

r 0=00000000 r 1=80000000 r 2=000effff r 3=00003000 
r 4=00000002 r 5=00000002 r 6=00000001 r 7=00000000 
r 8=00000000 r 9=00000000 r10=00000000 r11=00000014 
r12=00000000 r13=00000000 r14=00000000 r15=00000000 
r16=00000000 r17=00000000 r18=00000000 r19=00000000 
r20=00000000 r21=00000000 r22=00000000 r23=00000000 
r24=00000000 r25=00000000 r26=00000000 r27=00000000 
r28=00000000 r29=01000000 r30=01000000 r31=00000000 

r 0=00000000 r 1=80000000 r 2=000effff r 3=00003000 
r 4=00000002 r 5=00000002 r 6=00000001 r 7=00000000 
r 8=00000000 r 9=00000000 r10=00000000 r11=00000014 
r12=00000000 r13=00000000 r14=00000000 r15=00000000 
r16=00000000 r17=00000000 r18=00000000 r19=00000000 
r20=00000000 r21=00000000 r22=00000000 r23=00000000 
r24=00000000 r25=00000000 r26=00000000 r27=00000000 
r28=00000000 r29=01000000 r30=01000000 r31=00000000 

r 0=00000000 r 1=80000000 r 2=000effff r 3=00003000 
r 4=00000002 r 5=00000002 r 6=00000001 r 7=00000000 
r 8=00000000 r 9=00000000 r10=00000000 r11=00000014 
r12=00000000 r13=00000000 r14=00000000 r15=00000000 
r16=00000000 r17=00000000 r18=00000000 r19=00000000 
r20=00000000 r21=00000000 r22=00000000 r23=00000000 
r24=00000000 r25=00000000 r26=00000000 r27=00000000 
r28=00000000 r29=01000000 r30=01000000 r31=00000000 

r 0=00000000 r 1=80000000 r 2=000effff r 3=00003000 
r 4=00000002 r 5=00000002 r 6=00000001 r 7=00000000 
r 8=00000000 r 9=00000000 r10=00000000 r11=00000015 
r12=00000000 r13=00000000 r14=00000000 r15=00000000 
r16=00000000 r17=00000000 r18=00000000 r19=00000000 
r20=00000000 r21=00000000 r22=00000000 r23=00000000 
r24=00000000 r25=00000000 r26=00000000 r27=00000000 
r28=00000000 r29=01000000 r30=01000000 r31=00000000 

r 0=00000000 r 1=80000000 r 2=000effff r 3=00003000 
r 4=00000000 r 5=00000002 r 6=00000001 r 7=00000000 
r 8=00000000 r 9=00000000 r10=00000000 r11=00000015 
r12=00000000 r13=00000000 r14=00000000 r15=00000000 
r16=00000000 r17=00000000 r18=00000000 r19=00000000 
r20=00000000 r21=00000000 r22=00000000 r23=00000000 
r24=00000000 r25=00000000 r26=00000000 r27=00000000 
r28=00000000 r29=01000000 r30=01000000 r31=00000000 

r 0=00000000 r 1=80000000 r 2=000effff r 3=00003000 
r 4=00000000 r 5=00000002 r 6=00000001 r 7=00000000 
r 8=00000000 r 9=00000000 r10=00000000 r11=00000015 
r12=00000000 r13=00000000 r14=00000000 r15=00000000 
r16=00000000 r17=00000000 r18=00000000 r19=00000000 
r20=00000000 r21=00000000 r22=00000000 r23=00000000 
r24=00000000 r25=00000000 r26=00000000 r27=00000000 
r28=00000000 r29=01000000 r30=01000000 r31=00000000 

r 0=00000000 r 1=80000000 r 2=000effff r 3=00003000 
r 4=00000000 r 5=00000002 r 6=00000001 r 7=00000000 
r 8=00000000 r 9=00000000 r10=00000000 r11=00000015 
r12=00000000 r13=00000000 r14=00000000 r15=00000000 
r16=00000000 r17=00000000 r18=00000000 r19=00000000 
r20=00000000 r21=00000000 r22=00000000 r23=00000000 
r24=00000000 r25=00000000 r26=00000000 r27=00000000 
r28=00000000 r29=01000000 r30=01000000 r31=00000000 

r 0=00000000 r 1=80000000 r 2=000effff r 3=00003000 
r 4=00000000 r 5=00000002 r 6=00000001 r 7=00000000 
r 8=00000000 r 9=00000000 r10=00000000 r11=00000015 
r12=00000000 r13=00000000 r14=00000000 r15=00000000 
r16=00000000 r17=00000000 r18=00000000 r19=00000000 
r20=00000000 r21=00000000 r22=00000000 r23=00000000 
r24=00000000 r25=00000000 r26=00000000 r27=00000000 
r28=00000000 r29=01000000 r30=01000000 r31=00000000 

r 0=00000000 r 1=80000000 r 2=000effff r 3=00003000 
r 4=00000000 r 5=00000002 r 6=00000001 r 7=00000000 
r 8=00000000 r 9=00000000 r10=00000000 r11=00000015 
r12=00000000 r13=00000000 r14=00000000 r15=00000000 
r16=00000000 r17=00000000 r18=00000000 r19=00000000 
r20=00000000 r21=00000000 r22=00000000 r23=00000000 
r24=00000000 r25=00000000 r26=00000000 r27=00000000 
r28=00000000 r29=01000000 r30=00020000 r31=00000000 

r 0=00000000 r 1=80000000 r 2=000effff r 3=00003000 
r 4=00000001 r 5=00000002 r 6=00000001 r 7=00000000 
r 8=00000000 r 9=00000000 r10=00000000 r11=00000015 
r12=00000000 r13=00000000 r14=00000000 r15=00000000 
r16=00000000 r17=00000000 r18=00000000 r19=00000000 
r20=00000000 r21=00000000 r22=00000000 r23=00000000 
r24=00000000 r25=00000000 r26=00000000 r27=00000000 
r28=00000000 r29=01000000 r30=00020000 r31=00000000 

r 0=00000000 r 1=80000000 r 2=000effff r 3=00003000 
r 4=00000001 r 5=00000002 r 6=00000001 r 7=00000000 
r 8=00000000 r 9=00000000 r10=00000000 r11=00000015 
r12=00000000 r13=00000000 r14=00000000 r15=00000000 
r16=00000000 r17=00000000 r18=00000000 r19=00000000 
r20=00000000 r21=00000000 r22=00000000 r23=00000000 
r24=00000000 r25=00000000 r26=00000000 r27=00000000 
r28=00000000 r29=01000000 r30=00020000 r31=00000000 

r 0=00000000 r 1=80000000 r 2=000effff r 3=00003000 
r 4=00000001 r 5=00000002 r 6=00000001 r 7=00000000 
r 8=00000000 r 9=00000000 r10=00000000 r11=00000015 
r12=00000000 r13=00000000 r14=00000000 r15=00000000 
r16=00000000 r17=00000000 r18=00000000 r19=00000000 
r20=00000000 r21=00000000 r22=00000000 r23=00000000 
r24=00000000 r25=00000000 r26=00000000 r27=00000000 
r28=00000000 r29=01000000 r30=00020000 r31=00000000 

r 0=00000000 r 1=80000000 r 2=000effff r 3=00003000 
r 4=00000001 r 5=00000002 r 6=00000001 r 7=00000000 
r 8=00000000 r 9=00000000 r10=00000000 r11=00000015 
r12=00000000 r13=00000000 r14=00000000 r15=00000000 
r16=00000000 r17=00000000 r18=00000000 r19=00000000 
r20=00000000 r21=00000000 r22=00000000 r23=00000000 
r24=00000000 r25=00000000 r26=00000000 r27=00000000 
r28=00000000 r29=01000000 r30=00020000 r31=00000000 

r 0=00000000 r 1=80000000 r 2=000effff r 3=00003000 
r 4=00000001 r 5=00000002 r 6=00000001 r 7=00000000 
r 8=00000000 r 9=00000000 r10=00000000 r11=00000015 
r12=00000000 r13=00000000 r14=00000000 r15=00000000 
r16=00000000 r17=00000000 r18=00000000 r19=00000000 
r20=00000000 r21=00000000 r22=00000000 r23=00000000 
r24=00000000 r25=00000000 r26=00000000 r27=00000000 
r28=00000000 r29=01000000 r30=00020000 r31=00000000 

r 0=00000000 r 1=80000000 r 2=000effff r 3=00003000 
r 4=00000001 r 5=00000002 r 6=00000001 r 7=00000000 
r 8=00000000 r 9=00000000 r10=00000000 r11=00000015 
r12=00000000 r13=00000000 r14=00000000 r15=00000000 
r16=00000000 r17=00000000 r18=00000000 r19=00000000 
r20=00000000 r21=00000000 r22=00000000 r23=00000000 
r24=00000000 r25=00000000 r26=00000000 r27=00000000 
r28=00000000 r29=01000000 r30=00020000 r31=00000000 

r 0=00000000 r 1=80000000 r 2=000effff r 3=00003000 
r 4=00000001 r 5=00000002 r 6=00000001 r 7=00000000 
r 8=00000000 r 9=00000000 r10=00000000 r11=00000015 
r12=00000000 r13=00000000 r14=00000000 r15=00000000 
r16=00000000 r17=00000000 r18=00000000 r19=00000000 
r20=00000000 r21=00000000 r22=00000000 r23=00000000 
r24=00000000 r25=00000000 r26=00000000 r27=00000000 
r28=00000000 r29=01000000 r30=00020000 r31=00000000 

r 0=00000000 r 1=80000000 r 2=000effff r 3=00003000 
r 4=00000002 r 5=00000002 r 6=00000001 r 7=00000000 
r 8=00000000 r 9=00000000 r10=00000000 r11=00000015 
r12=00000000 r13=00000000 r14=00000000 r15=00000000 
r16=00000000 r17=00000000 r18=00000000 r19=00000000 
r20=00000000 r21=00000000 r22=00000000 r23=00000000 
r24=00000000 r25=00000000 r26=00000000 r27=00000000 
r28=00000000 r29=01000000 r30=00020000 r31=00000000 

r 0=00000000 r 1=80000000 r 2=000effff r 3=00003000 
r 4=00000002 r 5=00000002 r 6=00000001 r 7=00000000 
r 8=00000000 r 9=00000000 r10=00000000 r11=00000015 
r12=00000000 r13=00000000 r14=00000000 r15=00000000 
r16=00000000 r17=00000000 r18=00000000 r19=00000000 
r20=00000000 r21=00000000 r22=00000000 r23=00000000 
r24=00000000 r25=00000000 r26=00000000 r27=00000000 
r28=00000000 r29=01000000 r30=00020000 r31=00000000 

r 0=00000000 r 1=80000000 r 2=000effff r 3=00003000 
r 4=00000002 r 5=00000002 r 6=00000001 r 7=00000000 
r 8=00000000 r 9=00000000 r10=00000000 r11=00000015 
r12=00000000 r13=00000000 r14=00000000 r15=00000000 
r16=00000000 r17=00000000 r18=00000000 r19=00000000 
r20=00000000 r21=00000000 r22=00000000 r23=00000000 
r24=00000000 r25=00000000 r26=00000000 r27=00000000 
r28=00000000 r29=01000000 r30=00020000 r31=00000000 

r 0=00000000 r 1=80000000 r 2=000effff r 3=00003000 
r 4=00000002 r 5=00000002 r 6=00000001 r 7=00000000 
r 8=00000000 r 9=00000000 r10=00000000 r11=00000015 
r12=00000000 r13=00000000 r14=00000000 r15=00000000 
r16=00000000 r17=00000000 r18=00000000 r19=00000000 
r20=00000000 r21=00000000 r22=00000000 r23=00000000 
r24=00000000 r25=00000000 r26=00000000 r27=00000000 
r28=00000000 r29=00020000 r30=00020000 r31=00000000 

r 0=00000000 r 1=80000000 r 2=000effff r 3=00003000 
r 4=00000002 r 5=00000002 r 6=00000001 r 7=00000000 
r 8=00000000 r 9=00000000 r10=00000000 r11=00000015 
r12=00000000 r13=00000000 r14=00000000 r15=00000000 
r16=00000000 r17=00000000 r18=00000000 r19=00000000 
r20=00000000 r21=00000000 r22=00000000 r23=00000000 
r24=00000000 r25=00000000 r26=00000000 r27=00000000 
r28=00000000 r29=00020000 r30=00020000 r31=00000000 

r 0=00000000 r 1=80000000 r 2=000effff r 3=00003000 
r 4=00000002 r 5=00000002 r 6=00000001 r 7=00000000 
r 8=00000000 r 9=00000000 r10=00000000 r11=00000015 
r12=00000000 r13=00000000 r14=00000000 r15=00000000 
r16=00000000 r17=00000000 r18=00000000 r19=00000000 
r20=00000000 r21=00000000 r22=00000000 r23=00000000 
r24=00000000 r25=00000000 r26=00000000 r27=00000000 
r28=00000000 r29=00020000 r30=00020000 r31=00000000 

r 0=00000000 r 1=80000000 r 2=000effff r 3=00003000 
r 4=00000002 r 5=00000002 r 6=00000001 r 7=00000000 
r 8=00000000 r 9=00000000 r10=00000000 r11=00000016 
r12=00000000 r13=00000000 r14=00000000 r15=00000000 
r16=00000000 r17=00000000 r18=00000000 r19=00000000 
r20=00000000 r21=00000000 r22=00000000 r23=00000000 
r24=00000000 r25=00000000 r26=00000000 r27=00000000 
r28=00000000 r29=00020000 r30=00020000 r31=00000000 

r 0=00000000 r 1=80000000 r 2=000effff r 3=00003000 
r 4=00000000 r 5=00000002 r 6=00000001 r 7=00000000 
r 8=00000000 r 9=00000000 r10=00000000 r11=00000016 
r12=00000000 r13=00000000 r14=00000000 r15=00000000 
r16=00000000 r17=00000000 r18=00000000 r19=00000000 
r20=00000000 r21=00000000 r22=00000000 r23=00000000 
r24=00000000 r25=00000000 r26=00000000 r27=00000000 
r28=00000000 r29=00020000 r30=00020000 r31=00000000 

r 0=00000000 r 1=80000000 r 2=000effff r 3=00003000 
r 4=00000000 r 5=00000002 r 6=00000001 r 7=00000000 
r 8=00000000 r 9=00000000 r10=00000000 r11=00000016 
r12=00000000 r13=00000000 r14=00000000 r15=00000000 
r16=00000000 r17=00000000 r18=00000000 r19=00000000 
r20=00000000 r21=00000000 r22=00000000 r23=00000000 
r24=00000000 r25=00000000 r26=00000000 r27=00000000 
r28=00000000 r29=00020000 r30=00020000 r31=00000000 

r 0=00000000 r 1=80000001 r 2=000effff r 3=00003000 
r 4=00000000 r 5=00000002 r 6=00000001 r 7=00000000 
r 8=00000000 r 9=00000000 r10=00000000 r11=00000016 
r12=00000000 r13=00000000 r14=00000000 r15=00000000 
r16=00000000 r17=00000000 r18=00000000 r19=00000000 
r20=00000000 r21=00000000 r22=00000000 r23=00000000 
r24=00000000 r25=00000000 r26=00000000 r27=00000000 
r28=00000000 r29=00020000 r30=00020000 r31=00000000 

r 0=00000000 r 1=80000001 r 2=000effff r 3=00003000 
r 4=00000000 r 5=00000002 r 6=00000001 r 7=00000000 
r 8=00000000 r 9=00000000 r10=00000000 r11=00000016 
r12=00000000 r13=00000000 r14=00000000 r15=00000000 
r16=00000000 r17=00000000 r18=00000000 r19=00000000 
r20=00000000 r21=00000000 r22=00000000 r23=00000000 
r24=00000000 r25=00000000 r26=00000000 r27=00000000 
r28=00000000 r29=00020000 r30=00020000 r31=00000000 

r 0=00000000 r 1=80000001 r 2=000effff r 3=00003000 
r 4=00000000 r 5=00000002 r 6=00000001 r 7=00000000 
r 8=00000000 r 9=00000000 r10=00000000 r11=00000016 
r12=00000000 r13=00000000 r14=00000000 r15=00000000 
r16=00000000 r17=00000000 r18=00000000 r19=00000000 
r20=00000000 r21=00000000 r22=00000000 r23=00000000 
r24=00000000 r25=00000000 r26=00000000 r27=00000000 
r28=00000000 r29=00020000 r30=00020000 r31=00000000 

r 0=00000000 r 1=80000001 r 2=000effff r 3=00003000 
r 4=00000000 r 5=00000002 r 6=00000001 r 7=00000000 
r 8=00000000 r 9=00000000 r10=00000000 r11=00000016 
r12=00000000 r13=00000000 r14=00000000 r15=00000000 
r16=00000000 r17=00000000 r18=00000000 r19=00000000 
r20=00000000 r21=00000000 r22=00000000 r23=00000000 
r24=00000000 r25=00000000 r26=00000000 r27=00000000 
r28=00000000 r29=00020000 r30=00000001 r31=00000000 

r 0=00000000 r 1=80000001 r 2=000effff r 3=00003000 
r 4=00000001 r 5=00000002 r 6=00000001 r 7=00000000 
r 8=00000000 r 9=00000000 r10=00000000 r11=00000016 
r12=00000000 r13=00000000 r14=00000000 r15=00000000 
r16=00000000 r17=00000000 r18=00000000 r19=00000000 
r20=00000000 r21=00000000 r22=00000000 r23=00000000 
r24=00000000 r25=00000000 r26=00000000 r27=00000000 
r28=00000000 r29=00020000 r30=00000001 r31=00000000 

r 0=00000000 r 1=80000001 r 2=000effff r 3=00003000 
r 4=00000001 r 5=00000002 r 6=00000001 r 7=00000000 
r 8=00000000 r 9=00000000 r10=00000000 r11=00000016 
r12=00000000 r13=00000000 r14=00000000 r15=00000000 
r16=00000000 r17=00000000 r18=00000000 r19=00000000 
r20=00000000 r21=00000000 r22=00000000 r23=00000000 
r24=00000000 r25=00000000 r26=00000000 r27=00000000 
r28=00000000 r29=00020000 r30=00000001 r31=00000000 

r 0=00000000 r 1=80000001 r 2=000effff r 3=00003000 
r 4=00000001 r 5=00000002 r 6=00000001 r 7=00000000 
r 8=00000000 r 9=00000000 r10=00000000 r11=00000016 
r12=00000000 r13=00000000 r14=00000000 r15=00000000 
r16=00000000 r17=00000000 r18=00000000 r19=00000000 
r20=00000000 r21=00000000 r22=00000000 r23=00000000 
r24=00000000 r25=00000000 r26=00000000 r27=00000000 
r28=00000000 r29=00020000 r30=00000001 r31=00000000 

r 0=00000000 r 1=80000000 r 2=000effff r 3=00003000 
r 4=00000001 r 5=00000002 r 6=00000001 r 7=00000000 
r 8=00000000 r 9=00000000 r10=00000000 r11=00000016 
r12=00000000 r13=00000000 r14=00000000 r15=00000000 
r16=00000000 r17=00000000 r18=00000000 r19=00000000 
r20=00000000 r21=00000000 r22=00000000 r23=00000000 
r24=00000000 r25=00000000 r26=00000000 r27=00000000 
r28=00000000 r29=00020000 r30=00000001 r31=00000000 

r 0=00000000 r 1=80000001 r 2=000effff r 3=00003000 
r 4=00000001 r 5=00000002 r 6=00000001 r 7=00000000 
r 8=00000000 r 9=00000000 r10=00000000 r11=00000016 
r12=00000000 r13=00000000 r14=00000000 r15=00000000 
r16=00000000 r17=00000000 r18=00000000 r19=00000000 
r20=00000000 r21=00000000 r22=00000000 r23=00000000 
r24=00000000 r25=00000000 r26=00000000 r27=00000000 
r28=00000000 r29=00020000 r30=00000001 r31=00000000 

r 0=00000000 r 1=80000001 r 2=000effff r 3=00003000 
r 4=00000001 r 5=00000002 r 6=00000001 r 7=00000000 
r 8=00000000 r 9=00000000 r10=00000000 r11=00000016 
r12=00000000 r13=00000000 r14=00000000 r15=00000000 
r16=00000000 r17=00000000 r18=00000000 r19=00000000 
r20=00000000 r21=00000000 r22=00000000 r23=00000000 
r24=00000000 r25=00000000 r26=00000000 r27=00000000 
r28=00000000 r29=00020000 r30=00000001 r31=00000000 

r 0=00000000 r 1=80000001 r 2=000effff r 3=00003000 
r 4=00000001 r 5=00000002 r 6=00000001 r 7=00000000 
r 8=00000000 r 9=00000000 r10=00000000 r11=00000016 
r12=00000000 r13=00000000 r14=00000000 r15=00000000 
r16=00000000 r17=00000000 r18=00000000 r19=00000000 
r20=00000000 r21=00000000 r22=00000000 r23=00000000 
r24=00000000 r25=00000000 r26=00000000 r27=00000000 
r28=00000000 r29=00020000 r30=00000001 r31=00000000 

r 0=00000000 r 1=80000001 r 2=000effff r 3=00003000 
r 4=00000001 r 5=00000002 r 6=00000001 r 7=00000000 
r 8=00000000 r 9=00000000 r10=00000000 r11=00000016 
r12=00000000 r13=00000000 r14=00000000 r15=00000000 
r16=00000000 r17=00000000 r18=00000000 r19=00000000 
r20=00000000 r21=00000000 r22=00000000 r23=00000000 
r24=00000000 r25=00000000 r26=00000000 r27=00000000 
r28=00000000 r29=00020000 r30=00000001 r31=00000000 

r 0=00000000 r 1=80000001 r 2=000effff r 3=00003000 
r 4=00000002 r 5=00000002 r 6=00000001 r 7=00000000 
r 8=00000000 r 9=00000000 r10=00000000 r11=00000016 
r12=00000000 r13=00000000 r14=00000000 r15=00000000 
r16=00000000 r17=00000000 r18=00000000 r19=00000000 
r20=00000000 r21=00000000 r22=00000000 r23=00000000 
r24=00000000 r25=00000000 r26=00000000 r27=00000000 
r28=00000000 r29=00020000 r30=00000001 r31=00000000 

r 0=00000000 r 1=80000001 r 2=000effff r 3=00003000 
r 4=00000002 r 5=00000002 r 6=00000001 r 7=00000000 
r 8=00000000 r 9=00000000 r10=00000000 r11=00000016 
r12=00000000 r13=00000000 r14=00000000 r15=00000000 
r16=00000000 r17=00000000 r18=00000000 r19=00000000 
r20=00000000 r21=00000000 r22=00000000 r23=00000000 
r24=00000000 r25=00000000 r26=00000000 r27=00000000 
r28=00000000 r29=00020000 r30=00000001 r31=00000000 

r 0=00000000 r 1=80000001 r 2=000effff r 3=00003000 
r 4=00000002 r 5=00000002 r 6=00000001 r 7=00000000 
r 8=00000000 r 9=00000000 r10=00000000 r11=00000016 
r12=00000000 r13=00000000 r14=00000000 r15=00000000 
r16=00000000 r17=00000000 r18=00000000 r19=00000000 
r20=00000000 r21=00000000 r22=00000000 r23=00000000 
r24=00000000 r25=00000000 r26=00000000 r27=00000000 
r28=00000000 r29=00020000 r30=00000001 r31=00000000 

r 0=00000000 r 1=80000001 r 2=000effff r 3=00003000 
r 4=00000002 r 5=00000002 r 6=00000001 r 7=00000000 
r 8=00000000 r 9=00000000 r10=00000000 r11=00000016 
r12=00000000 r13=00000000 r14=00000000 r15=00000000 
r16=00000000 r17=00000000 r18=00000000 r19=00000000 
r20=00000000 r21=00000000 r22=00000000 r23=00000000 
r24=00000000 r25=00000000 r26=00000000 r27=00000000 
r28=00000000 r29=00000001 r30=00000001 r31=00000000 

r 0=00000000 r 1=80000001 r 2=000effff r 3=00003000 
r 4=00000002 r 5=00000002 r 6=00000001 r 7=00000000 
r 8=00000000 r 9=00000000 r10=00000000 r11=00000016 
r12=00000000 r13=00000000 r14=00000000 r15=00000000 
r16=00000000 r17=00000000 r18=00000000 r19=00000000 
r20=00000000 r21=00000000 r22=00000000 r23=00000000 
r24=00000000 r25=00000000 r26=00000000 r27=00000000 
r28=00000000 r29=00000001 r30=00000001 r31=00000000 

r 0=00000000 r 1=80000001 r 2=000effff r 3=00003000 
r 4=00000002 r 5=00000002 r 6=00000001 r 7=00000000 
r 8=00000000 r 9=00000000 r10=00000000 r11=00000017 
r12=00000000 r13=00000000 r14=00000000 r15=00000000 
r16=00000000 r17=00000000 r18=00000000 r19=00000000 
r20=00000000 r21=00000000 r22=00000000 r23=00000000 
r24=00000000 r25=00000000 r26=00000000 r27=00000000 
r28=00000000 r29=00000001 r30=00000001 r31=00000000 

r 0=00000000 r 1=00000000 r 2=000effff r 3=00003000 
r 4=00000002 r 5=00000002 r 6=00000001 r 7=00000000 
r 8=00000000 r 9=00000000 r10=00000000 r11=00000017 
r12=00000000 r13=00000000 r14=00000000 r15=00000000 
r16=00000000 r17=00000000 r18=00000000 r19=00000000 
r20=00000000 r21=00000000 r22=00000000 r23=00000000 
r24=00000000 r25=00000000 r26=00000000 r27=00000000 
r28=00000000 r29=00000001 r30=00000001 r31=00000000 

r 0=00000000 r 1=00000000 r 2=000effff r 3=00003000 
r 4=00000002 r 5=00000002 r 6=00000001 r 7=00000000 
r 8=00000000 r 9=00000000 r10=00000000 r11=00000017 
r12=00000000 r13=00000000 r14=00000000 r15=00000000 
r16=00000000 r17=00000000 r18=00000000 r19=00000000 
r20=00000000 r21=00000000 r22=00000000 r23=00000000 
r24=00000000 r25=00000000 r26=00000000 r27=00000000 
r28=00000000 r29=00000000 r30=00000001 r31=00000000 

r 0=00000000 r 1=00000000 r 2=000effff r 3=00003000 
r 4=00000002 r 5=00000002 r 6=00000001 r 7=00000000 
r 8=00000000 r 9=00000000 r10=00000000 r11=00000017 
r12=00000000 r13=00000000 r14=00000000 r15=00000000 
r16=00000000 r17=00000000 r18=00000000 r19=00000000 
r20=00000000 r21=00000000 r22=00000000 r23=00000000 
r24=00000000 r25=00000000 r26=00000000 r27=00000000 
r28=00000000 r29=00000000 r30=00000001 r31=00000000 

r 0=00000000 r 1=00000000 r 2=000effff r 3=00003000 
r 4=00000002 r 5=00000002 r 6=00000001 r 7=00000000 
r 8=00000000 r 9=00000000 r10=00000000 r11=00000018 
r12=00000000 r13=00000000 r14=00000000 r15=00000000 
r16=00000000 r17=00000000 r18=00000000 r19=00000000 
r20=00000000 r21=00000000 r22=00000000 r23=00000000 
r24=00000000 r25=00000000 r26=00000000 r27=00000000 
r28=00000000 r29=00000000 r30=00000001 r31=00000000 

r 0=00000000 r 1=00000021 r 2=000effff r 3=00003000 
r 4=00000002 r 5=00000002 r 6=00000001 r 7=00000000 
r 8=00000000 r 9=00000000 r10=00000000 r11=00000018 
r12=00000000 r13=00000000 r14=00000000 r15=00000000 
r16=00000000 r17=00000000 r18=00000000 r19=00000000 
r20=00000000 r21=00000000 r22=00000000 r23=00000000 
r24=00000000 r25=00000000 r26=00000000 r27=00000000 
r28=00000000 r29=00000000 r30=00000001 r31=00000000 

r 0=00000000 r 1=00000021 r 2=000effff r 3=00003000 
r 4=00000002 r 5=00000002 r 6=00000001 r 7=00000000 
r 8=00000000 r 9=00000000 r10=00000000 r11=00000018 
r12=00000000 r13=00000000 r14=00000000 r15=00000000 
r16=00000000 r17=00000000 r18=00000000 r19=00000000 
r20=00000000 r21=00000000 r22=00000000 r23=00000000 
r24=00000000 r25=00000000 r26=00000000 r27=00000000 
r28=00000000 r29=00000000 r30=00000001 r31=00000000 

r 0=00000000 r 1=00000021 r 2=000effff r 3=00003000 
r 4=00000002 r 5=00000002 r 6=00000001 r 7=00000000 
r 8=00000000 r 9=00000000 r10=00000000 r11=00000018 
r12=00000000 r13=00000000 r14=00000000 r15=00000000 
r16=00000000 r17=00000000 r18=00000000 r19=00000000 
r20=00000000 r21=00000000 r22=00000000 r23=00000000 
r24=00000000 r25=00000000 r26=00000000 r27=00000000 
r28=00000000 r29=00000000 r30=00000001 r31=00000000 

r 0=00000000 r 1=00000021 r 2=000effff r 3=00003000 
r 4=00000002 r 5=00000002 r 6=00000001 r 7=00000000 
r 8=00000000 r 9=00000000 r10=00000000 r11=00000018 
r12=00000000 r13=00000000 r14=00000000 r15=00000000 
r16=00000000 r17=00000000 r18=00000000 r19=00000000 
r20=00000000 r21=00000000 r22=00000000 r23=00000000 
r24=00000000 r25=00000000 r26=00000000 r27=00000000 
r28=00000000 r29=00000000 r30=00000001 r31=00000000 

r 0=00000000 r 1=00000021 r 2=000effff r 3=00003000 
r 4=00000002 r 5=00000002 r 6=00000001 r 7=00000000 
r 8=00000000 r 9=00000000 r10=0000000a r11=00000018 
r12=00000000 r13=00000000 r14=00000000 r15=00000000 
r16=00000000 r17=00000000 r18=00000000 r19=00000000 
r20=00000000 r21=00000000 r22=00000000 r23=00000000 
r24=00000000 r25=00000000 r26=00000000 r27=00000000 
r28=00000000 r29=00000000 r30=00000001 r31=00000000 

exiting the simulator
